<?xml version="1.0" encoding="UTF-8"?>
<testsuite name="com.softwareminds.recipemanager.controller.RecipeControllerTest" tests="18" skipped="0" failures="0" errors="0" timestamp="2023-06-19T22:04:51" hostname="LAPTOP" time="84.611">
  <properties/>
  <testcase name="getRecipesFilterByName_validNameUpperCase_properEntity()" classname="com.softwareminds.recipemanager.controller.RecipeControllerTest" time="9.346"/>
  <testcase name="getRecipesFilterByName_inValidName_emptyList()" classname="com.softwareminds.recipemanager.controller.RecipeControllerTest" time="2.731"/>
  <testcase name="getRecipeById_validId_properEntity()" classname="com.softwareminds.recipemanager.controller.RecipeControllerTest" time="2.527"/>
  <testcase name="getAllRecipesWithPagination_firstPageSize0_badRequest()" classname="com.softwareminds.recipemanager.controller.RecipeControllerTest" time="2.996"/>
  <testcase name="getRecipesIngredients_validId_properListOfIngredients()" classname="com.softwareminds.recipemanager.controller.RecipeControllerTest" time="2.59"/>
  <testcase name="getAllRecipes_void_properListOfEntities()" classname="com.softwareminds.recipemanager.controller.RecipeControllerTest" time="5.975"/>
  <testcase name="getAllRecipesWithPagination_firstPageSize6_properListWithProperSize()" classname="com.softwareminds.recipemanager.controller.RecipeControllerTest" time="2.93"/>
  <testcase name="deleteRecipe_validId_properlyDeletedResource()" classname="com.softwareminds.recipemanager.controller.RecipeControllerTest" time="2.645"/>
  <testcase name="getRecipesFilterByName_validName_properEntity()" classname="com.softwareminds.recipemanager.controller.RecipeControllerTest" time="2.68"/>
  <testcase name="getRecipesFilterByName_validNameLowerCase_properEntity()" classname="com.softwareminds.recipemanager.controller.RecipeControllerTest" time="2.506"/>
  <testcase name="putRecipe_recipeWithInvalidId_statusNotFound()" classname="com.softwareminds.recipemanager.controller.RecipeControllerTest" time="2.619"/>
  <testcase name="getRecipesFilterByName_validNamePrefix_properEntities()" classname="com.softwareminds.recipemanager.controller.RecipeControllerTest" time="2.443"/>
  <testcase name="getAllRecipesWithPagination_firstPage_properListOfRecipes()" classname="com.softwareminds.recipemanager.controller.RecipeControllerTest" time="2.455"/>
  <testcase name="putRecipe_properRecipeObject_properlyUpdatedResource()" classname="com.softwareminds.recipemanager.controller.RecipeControllerTest" time="2.55"/>
  <testcase name="getRecipeById_inValidId_statusNotFound()" classname="com.softwareminds.recipemanager.controller.RecipeControllerTest" time="2.339"/>
  <testcase name="postRecipe()" classname="com.softwareminds.recipemanager.controller.RecipeControllerTest" time="2.409"/>
  <testcase name="getRecipesIngredients_inValidId_statusNotFound()" classname="com.softwareminds.recipemanager.controller.RecipeControllerTest" time="2.428"/>
  <testcase name="deleteRecipe_inValidId_statusNotFound()" classname="com.softwareminds.recipemanager.controller.RecipeControllerTest" time="2.374"/>
  <system-out><![CDATA[00:04:09.042 [Test worker] INFO org.testcontainers.utility.ImageNameSubstitutor -- Image name substitution will be performed by: DefaultImageNameSubstitutor (composite of 'ConfigurationFileImageNameSubstitutor' and 'PrefixingImageNameSubstitutor')
00:04:09.498 [Test worker] INFO org.testcontainers.dockerclient.DockerClientProviderStrategy -- Loaded org.testcontainers.dockerclient.NpipeSocketClientProviderStrategy from ~/.testcontainers.properties, will try it first
00:04:10.262 [Test worker] INFO org.testcontainers.dockerclient.DockerClientProviderStrategy -- Found Docker environment with local Npipe socket (npipe:////./pipe/docker_engine)
00:04:10.264 [Test worker] INFO org.testcontainers.DockerClientFactory -- Docker host IP address is localhost
00:04:10.347 [Test worker] INFO org.testcontainers.DockerClientFactory -- Connected to docker: 
  Server Version: 24.0.2
  API Version: 1.43
  Operating System: Docker Desktop
  Total Memory: 3837 MB
00:04:10.488 [Test worker] INFO tc.testcontainers/ryuk:0.4.0 -- Creating container for image: testcontainers/ryuk:0.4.0
00:04:10.896 [Test worker] INFO org.testcontainers.utility.RegistryAuthLocator -- Credential helper/store (docker-credential-desktop) does not have credentials for https://index.docker.io/v1/
00:04:11.308 [Test worker] INFO tc.testcontainers/ryuk:0.4.0 -- Container testcontainers/ryuk:0.4.0 is starting: f4afacff4267df3045a0cb09eb2b9df841a3da43bceda42603a189b8aeb0ddd0
00:04:17.981 [Test worker] INFO tc.testcontainers/ryuk:0.4.0 -- Container testcontainers/ryuk:0.4.0 started in PT7.6091324S
00:04:18.067 [Test worker] INFO org.testcontainers.utility.RyukResourceReaper -- Ryuk started - will monitor and terminate Testcontainers containers on JVM exit
00:04:18.068 [Test worker] INFO org.testcontainers.DockerClientFactory -- Checking the system...
00:04:18.069 [Test worker] INFO org.testcontainers.DockerClientFactory -- ?? Docker server version should be at least 1.6.0
00:04:18.070 [Test worker] INFO tc.postgres:latest -- Creating container for image: postgres:latest
00:04:18.534 [Test worker] INFO tc.postgres:latest -- Container postgres:latest is starting: 7c5583b62176fe440f6e3b6acbdbc2ba92b2028d0e81362cf3d3d5e603084b5f
00:04:38.154 [Test worker] INFO tc.postgres:latest -- Container postgres:latest started in PT20.0839819S
00:04:38.156 [Test worker] INFO tc.postgres:latest -- Container is started (JDBC URL: jdbc:postgresql://localhost:59064/test?loggerLevel=OFF)
00:04:38.398 [Test worker] INFO org.springframework.test.context.support.AnnotationConfigContextLoaderUtils -- Could not detect default configuration classes for test class [com.softwareminds.recipemanager.controller.RecipeControllerTest]: RecipeControllerTest does not declare any static, non-private, non-final, nested classes annotated with @Configuration.
00:04:38.679 [Test worker] INFO org.springframework.boot.test.context.SpringBootTestContextBootstrapper -- Found @SpringBootConfiguration com.softwareminds.recipemanager.RecipeManagerApplication for test class com.softwareminds.recipemanager.controller.RecipeControllerTest

  .   ____          _            __ _ _
 /\\ / ___'_ __ _ _(_)_ __  __ _ \ \ \ \
( ( )\___ | '_ | '_| | '_ \/ _` | \ \ \ \
 \\/  ___)| |_)| | | | | || (_| |  ) ) ) )
  '  |____| .__|_| |_|_| |_\__, | / / / /
 =========|_|==============|___/=/_/_/_/
 :: Spring Boot ::                (v3.1.0)

2023-06-20T00:04:39.719+02:00  INFO 24868 --- [    Test worker] c.s.r.controller.RecipeControllerTest    : Starting RecipeControllerTest using Java 17.0.6 with PID 24868 (started by kubas in C:\SOFTWARE MINDS ZADANKO\recipemanager)
2023-06-20T00:04:39.722+02:00  INFO 24868 --- [    Test worker] c.s.r.controller.RecipeControllerTest    : No active profile set, falling back to 1 default profile: "default"
2023-06-20T00:04:41.828+02:00  INFO 24868 --- [    Test worker] .s.d.r.c.RepositoryConfigurationDelegate : Bootstrapping Spring Data JPA repositories in DEFAULT mode.
2023-06-20T00:04:42.384+02:00  INFO 24868 --- [    Test worker] .s.d.r.c.RepositoryConfigurationDelegate : Finished Spring Data repository scanning in 538 ms. Found 4 JPA repository interfaces.
2023-06-20T00:04:43.753+02:00  INFO 24868 --- [    Test worker] o.s.b.w.embedded.tomcat.TomcatWebServer  : Tomcat initialized with port(s): 0 (http)
2023-06-20T00:04:43.774+02:00  INFO 24868 --- [    Test worker] o.apache.catalina.core.StandardService   : Starting service [Tomcat]
2023-06-20T00:04:43.775+02:00  INFO 24868 --- [    Test worker] o.apache.catalina.core.StandardEngine    : Starting Servlet engine: [Apache Tomcat/10.1.8]
2023-06-20T00:04:44.002+02:00  INFO 24868 --- [    Test worker] o.a.c.c.C.[Tomcat].[localhost].[/]       : Initializing Spring embedded WebApplicationContext
2023-06-20T00:04:44.005+02:00  INFO 24868 --- [    Test worker] w.s.c.ServletWebServerApplicationContext : Root WebApplicationContext: initialization completed in 4236 ms
2023-06-20T00:04:44.501+02:00  INFO 24868 --- [    Test worker] o.hibernate.jpa.internal.util.LogHelper  : HHH000204: Processing PersistenceUnitInfo [name: default]
2023-06-20T00:04:44.620+02:00  INFO 24868 --- [    Test worker] org.hibernate.Version                    : HHH000412: Hibernate ORM core version 6.2.2.Final
2023-06-20T00:04:44.624+02:00  INFO 24868 --- [    Test worker] org.hibernate.cfg.Environment            : HHH000406: Using bytecode reflection optimizer
2023-06-20T00:04:44.932+02:00  INFO 24868 --- [    Test worker] o.h.b.i.BytecodeProviderInitiator        : HHH000021: Bytecode provider name : bytebuddy
2023-06-20T00:04:45.187+02:00  INFO 24868 --- [    Test worker] o.s.o.j.p.SpringPersistenceUnitInfo      : No LoadTimeWeaver setup: ignoring JPA class transformer
2023-06-20T00:04:45.225+02:00  INFO 24868 --- [    Test worker] com.zaxxer.hikari.HikariDataSource       : HikariPool-1 - Starting...
2023-06-20T00:04:45.635+02:00  INFO 24868 --- [    Test worker] com.zaxxer.hikari.pool.HikariPool        : HikariPool-1 - Added connection org.postgresql.jdbc.PgConnection@47400608
2023-06-20T00:04:45.639+02:00  INFO 24868 --- [    Test worker] com.zaxxer.hikari.HikariDataSource       : HikariPool-1 - Start completed.
2023-06-20T00:04:45.731+02:00  INFO 24868 --- [    Test worker] org.hibernate.orm.dialect                : HHH035001: Using dialect: org.hibernate.dialect.PostgreSQLDialect, version: org.hibernate.engine.jdbc.env.internal.JdbcEnvironmentInitiator$DialectResolutionInfoImpl@28941a68
2023-06-20T00:04:46.247+02:00  INFO 24868 --- [    Test worker] o.h.b.i.BytecodeProviderInitiator        : HHH000021: Bytecode provider name : bytebuddy
2023-06-20T00:04:47.921+02:00  INFO 24868 --- [    Test worker] o.h.e.t.j.p.i.JtaPlatformInitiator       : HHH000490: Using JtaPlatform implementation: [org.hibernate.engine.transaction.jta.platform.internal.NoJtaPlatform]
2023-06-20T00:04:47.966+02:00  WARN 24868 --- [    Test worker] o.h.engine.jdbc.spi.SqlExceptionHelper   : SQL Warning Code: 0, SQLState: 00000
2023-06-20T00:04:47.966+02:00  WARN 24868 --- [    Test worker] o.h.engine.jdbc.spi.SqlExceptionHelper   : relation "amount" does not exist, skipping
2023-06-20T00:04:47.970+02:00  WARN 24868 --- [    Test worker] o.h.engine.jdbc.spi.SqlExceptionHelper   : SQL Warning Code: 0, SQLState: 00000
2023-06-20T00:04:47.971+02:00  WARN 24868 --- [    Test worker] o.h.engine.jdbc.spi.SqlExceptionHelper   : relation "amount" does not exist, skipping
2023-06-20T00:04:47.974+02:00  WARN 24868 --- [    Test worker] o.h.engine.jdbc.spi.SqlExceptionHelper   : SQL Warning Code: 0, SQLState: 00000
2023-06-20T00:04:47.975+02:00  WARN 24868 --- [    Test worker] o.h.engine.jdbc.spi.SqlExceptionHelper   : relation "ingredient" does not exist, skipping
2023-06-20T00:04:47.978+02:00  WARN 24868 --- [    Test worker] o.h.engine.jdbc.spi.SqlExceptionHelper   : SQL Warning Code: 0, SQLState: 00000
2023-06-20T00:04:47.978+02:00  WARN 24868 --- [    Test worker] o.h.engine.jdbc.spi.SqlExceptionHelper   : relation "step" does not exist, skipping
2023-06-20T00:04:47.983+02:00  WARN 24868 --- [    Test worker] o.h.engine.jdbc.spi.SqlExceptionHelper   : SQL Warning Code: 0, SQLState: 00000
2023-06-20T00:04:47.984+02:00  WARN 24868 --- [    Test worker] o.h.engine.jdbc.spi.SqlExceptionHelper   : table "amount" does not exist, skipping
2023-06-20T00:04:47.987+02:00  WARN 24868 --- [    Test worker] o.h.engine.jdbc.spi.SqlExceptionHelper   : SQL Warning Code: 0, SQLState: 00000
2023-06-20T00:04:47.988+02:00  WARN 24868 --- [    Test worker] o.h.engine.jdbc.spi.SqlExceptionHelper   : table "ingredient" does not exist, skipping
2023-06-20T00:04:47.991+02:00  WARN 24868 --- [    Test worker] o.h.engine.jdbc.spi.SqlExceptionHelper   : SQL Warning Code: 0, SQLState: 00000
2023-06-20T00:04:47.991+02:00  WARN 24868 --- [    Test worker] o.h.engine.jdbc.spi.SqlExceptionHelper   : table "recipe" does not exist, skipping
2023-06-20T00:04:47.994+02:00  WARN 24868 --- [    Test worker] o.h.engine.jdbc.spi.SqlExceptionHelper   : SQL Warning Code: 0, SQLState: 00000
2023-06-20T00:04:47.994+02:00  WARN 24868 --- [    Test worker] o.h.engine.jdbc.spi.SqlExceptionHelper   : table "step" does not exist, skipping
2023-06-20T00:04:48.076+02:00  INFO 24868 --- [    Test worker] o.h.t.s.i.e.GenerationTargetToDatabase   : HHH000476: Executing script '[injected ScriptSourceInputNonExistentImpl script]'
2023-06-20T00:04:48.082+02:00  INFO 24868 --- [    Test worker] j.LocalContainerEntityManagerFactoryBean : Initialized JPA EntityManagerFactory for persistence unit 'default'
2023-06-20T00:04:48.623+02:00  INFO 24868 --- [    Test worker] o.s.d.j.r.query.QueryEnhancerFactory     : Hibernate is in classpath; If applicable, HQL parser will be used.
2023-06-20T00:04:49.070+02:00  WARN 24868 --- [    Test worker] JpaBaseConfiguration$JpaWebConfiguration : spring.jpa.open-in-view is enabled by default. Therefore, database queries may be performed during view rendering. Explicitly configure spring.jpa.open-in-view to disable this warning
2023-06-20T00:04:50.606+02:00  INFO 24868 --- [    Test worker] o.s.b.a.e.web.EndpointLinksResolver      : Exposing 1 endpoint(s) beneath base path '/actuator'
2023-06-20T00:04:50.885+02:00  INFO 24868 --- [    Test worker] o.s.b.w.embedded.tomcat.TomcatWebServer  : Tomcat started on port(s): 59089 (http) with context path ''
2023-06-20T00:04:50.952+02:00  INFO 24868 --- [    Test worker] c.s.r.controller.RecipeControllerTest    : Started RecipeControllerTest in 11.962 seconds (process running for 43.67)
2023-06-20T00:04:58.220+02:00  INFO 24868 --- [o-auto-1-exec-1] o.a.c.c.C.[Tomcat].[localhost].[/]       : Initializing Spring DispatcherServlet 'dispatcherServlet'
2023-06-20T00:04:58.221+02:00  INFO 24868 --- [o-auto-1-exec-1] o.s.web.servlet.DispatcherServlet        : Initializing Servlet 'dispatcherServlet'
2023-06-20T00:04:58.223+02:00  INFO 24868 --- [o-auto-1-exec-1] o.s.web.servlet.DispatcherServlet        : Completed initialization in 2 ms
2023-06-20T00:04:58.893+02:00  INFO 24868 --- [    Test worker] o.apache.catalina.core.StandardService   : Stopping service [Tomcat]
2023-06-20T00:04:58.896+02:00  INFO 24868 --- [    Test worker] o.a.c.c.C.[Tomcat].[localhost].[/]       : Destroying Spring FrameworkServlet 'dispatcherServlet'
2023-06-20T00:05:01.014+02:00  INFO 24868 --- [    Test worker] j.LocalContainerEntityManagerFactoryBean : Closing JPA EntityManagerFactory for persistence unit 'default'
2023-06-20T00:05:01.014+02:00  INFO 24868 --- [    Test worker] .SchemaDropperImpl$DelayedDropActionImpl : HHH000477: Starting delayed evictData of schema as part of SessionFactory shut-down'
2023-06-20T00:05:01.054+02:00  INFO 24868 --- [    Test worker] com.zaxxer.hikari.HikariDataSource       : HikariPool-1 - Shutdown initiated...
2023-06-20T00:05:01.061+02:00  INFO 24868 --- [    Test worker] com.zaxxer.hikari.HikariDataSource       : HikariPool-1 - Shutdown completed.

  .   ____          _            __ _ _
 /\\ / ___'_ __ _ _(_)_ __  __ _ \ \ \ \
( ( )\___ | '_ | '_| | '_ \/ _` | \ \ \ \
 \\/  ___)| |_)| | | | | || (_| |  ) ) ) )
  '  |____| .__|_| |_|_| |_\__, | / / / /
 =========|_|==============|___/=/_/_/_/
 :: Spring Boot ::                (v3.1.0)

2023-06-20T00:05:01.132+02:00  INFO 24868 --- [    Test worker] c.s.r.controller.RecipeControllerTest    : Starting RecipeControllerTest using Java 17.0.6 with PID 24868 (started by kubas in C:\SOFTWARE MINDS ZADANKO\recipemanager)
2023-06-20T00:05:01.132+02:00  INFO 24868 --- [    Test worker] c.s.r.controller.RecipeControllerTest    : No active profile set, falling back to 1 default profile: "default"
2023-06-20T00:05:01.869+02:00  INFO 24868 --- [    Test worker] .s.d.r.c.RepositoryConfigurationDelegate : Bootstrapping Spring Data JPA repositories in DEFAULT mode.
2023-06-20T00:05:01.924+02:00  INFO 24868 --- [    Test worker] .s.d.r.c.RepositoryConfigurationDelegate : Finished Spring Data repository scanning in 53 ms. Found 4 JPA repository interfaces.
2023-06-20T00:05:02.095+02:00  INFO 24868 --- [    Test worker] o.s.b.w.embedded.tomcat.TomcatWebServer  : Tomcat initialized with port(s): 0 (http)
2023-06-20T00:05:02.096+02:00  INFO 24868 --- [    Test worker] o.apache.catalina.core.StandardService   : Starting service [Tomcat]
2023-06-20T00:05:02.097+02:00  INFO 24868 --- [    Test worker] o.apache.catalina.core.StandardEngine    : Starting Servlet engine: [Apache Tomcat/10.1.8]
2023-06-20T00:05:02.183+02:00  INFO 24868 --- [    Test worker] o.a.c.c.C.[Tomcat].[localhost].[/]       : Initializing Spring embedded WebApplicationContext
2023-06-20T00:05:02.183+02:00  INFO 24868 --- [    Test worker] w.s.c.ServletWebServerApplicationContext : Root WebApplicationContext: initialization completed in 1047 ms
2023-06-20T00:05:02.364+02:00  INFO 24868 --- [    Test worker] o.hibernate.jpa.internal.util.LogHelper  : HHH000204: Processing PersistenceUnitInfo [name: default]
2023-06-20T00:05:02.402+02:00  INFO 24868 --- [    Test worker] o.h.b.i.BytecodeProviderInitiator        : HHH000021: Bytecode provider name : bytebuddy
2023-06-20T00:05:02.403+02:00  INFO 24868 --- [    Test worker] o.s.o.j.p.SpringPersistenceUnitInfo      : No LoadTimeWeaver setup: ignoring JPA class transformer
2023-06-20T00:05:02.407+02:00  INFO 24868 --- [    Test worker] com.zaxxer.hikari.HikariDataSource       : HikariPool-2 - Starting...
2023-06-20T00:05:02.455+02:00  INFO 24868 --- [    Test worker] com.zaxxer.hikari.pool.HikariPool        : HikariPool-2 - Added connection org.postgresql.jdbc.PgConnection@4499e444
2023-06-20T00:05:02.455+02:00  INFO 24868 --- [    Test worker] com.zaxxer.hikari.HikariDataSource       : HikariPool-2 - Start completed.
2023-06-20T00:05:02.469+02:00  INFO 24868 --- [    Test worker] org.hibernate.orm.dialect                : HHH035001: Using dialect: org.hibernate.dialect.PostgreSQLDialect, version: org.hibernate.engine.jdbc.env.internal.JdbcEnvironmentInitiator$DialectResolutionInfoImpl@21618f32
2023-06-20T00:05:02.508+02:00  INFO 24868 --- [    Test worker] o.h.b.i.BytecodeProviderInitiator        : HHH000021: Bytecode provider name : bytebuddy
2023-06-20T00:05:02.602+02:00  INFO 24868 --- [    Test worker] o.h.e.t.j.p.i.JtaPlatformInitiator       : HHH000490: Using JtaPlatform implementation: [org.hibernate.engine.transaction.jta.platform.internal.NoJtaPlatform]
2023-06-20T00:05:02.606+02:00  WARN 24868 --- [    Test worker] o.h.engine.jdbc.spi.SqlExceptionHelper   : SQL Warning Code: 0, SQLState: 00000
2023-06-20T00:05:02.606+02:00  WARN 24868 --- [    Test worker] o.h.engine.jdbc.spi.SqlExceptionHelper   : relation "amount" does not exist, skipping
2023-06-20T00:05:02.609+02:00  WARN 24868 --- [    Test worker] o.h.engine.jdbc.spi.SqlExceptionHelper   : SQL Warning Code: 0, SQLState: 00000
2023-06-20T00:05:02.609+02:00  WARN 24868 --- [    Test worker] o.h.engine.jdbc.spi.SqlExceptionHelper   : relation "amount" does not exist, skipping
2023-06-20T00:05:02.612+02:00  WARN 24868 --- [    Test worker] o.h.engine.jdbc.spi.SqlExceptionHelper   : SQL Warning Code: 0, SQLState: 00000
2023-06-20T00:05:02.612+02:00  WARN 24868 --- [    Test worker] o.h.engine.jdbc.spi.SqlExceptionHelper   : relation "ingredient" does not exist, skipping
2023-06-20T00:05:02.615+02:00  WARN 24868 --- [    Test worker] o.h.engine.jdbc.spi.SqlExceptionHelper   : SQL Warning Code: 0, SQLState: 00000
2023-06-20T00:05:02.615+02:00  WARN 24868 --- [    Test worker] o.h.engine.jdbc.spi.SqlExceptionHelper   : relation "step" does not exist, skipping
2023-06-20T00:05:02.618+02:00  WARN 24868 --- [    Test worker] o.h.engine.jdbc.spi.SqlExceptionHelper   : SQL Warning Code: 0, SQLState: 00000
2023-06-20T00:05:02.618+02:00  WARN 24868 --- [    Test worker] o.h.engine.jdbc.spi.SqlExceptionHelper   : table "amount" does not exist, skipping
2023-06-20T00:05:02.621+02:00  WARN 24868 --- [    Test worker] o.h.engine.jdbc.spi.SqlExceptionHelper   : SQL Warning Code: 0, SQLState: 00000
2023-06-20T00:05:02.621+02:00  WARN 24868 --- [    Test worker] o.h.engine.jdbc.spi.SqlExceptionHelper   : table "ingredient" does not exist, skipping
2023-06-20T00:05:02.625+02:00  WARN 24868 --- [    Test worker] o.h.engine.jdbc.spi.SqlExceptionHelper   : SQL Warning Code: 0, SQLState: 00000
2023-06-20T00:05:02.625+02:00  WARN 24868 --- [    Test worker] o.h.engine.jdbc.spi.SqlExceptionHelper   : table "recipe" does not exist, skipping
2023-06-20T00:05:02.628+02:00  WARN 24868 --- [    Test worker] o.h.engine.jdbc.spi.SqlExceptionHelper   : SQL Warning Code: 0, SQLState: 00000
2023-06-20T00:05:02.628+02:00  WARN 24868 --- [    Test worker] o.h.engine.jdbc.spi.SqlExceptionHelper   : table "step" does not exist, skipping
2023-06-20T00:05:02.673+02:00  INFO 24868 --- [    Test worker] o.h.t.s.i.e.GenerationTargetToDatabase   : HHH000476: Executing script '[injected ScriptSourceInputNonExistentImpl script]'
2023-06-20T00:05:02.674+02:00  INFO 24868 --- [    Test worker] j.LocalContainerEntityManagerFactoryBean : Initialized JPA EntityManagerFactory for persistence unit 'default'
2023-06-20T00:05:02.960+02:00  WARN 24868 --- [    Test worker] JpaBaseConfiguration$JpaWebConfiguration : spring.jpa.open-in-view is enabled by default. Therefore, database queries may be performed during view rendering. Explicitly configure spring.jpa.open-in-view to disable this warning
2023-06-20T00:05:03.528+02:00  INFO 24868 --- [    Test worker] o.s.b.a.e.web.EndpointLinksResolver      : Exposing 1 endpoint(s) beneath base path '/actuator'
2023-06-20T00:05:03.582+02:00  INFO 24868 --- [    Test worker] o.s.b.w.embedded.tomcat.TomcatWebServer  : Tomcat started on port(s): 59108 (http) with context path ''
2023-06-20T00:05:03.593+02:00  INFO 24868 --- [    Test worker] c.s.r.controller.RecipeControllerTest    : Started RecipeControllerTest in 2.516 seconds (process running for 56.311)
2023-06-20T00:05:03.927+02:00  INFO 24868 --- [o-auto-2-exec-1] o.a.c.c.C.[Tomcat].[localhost].[/]       : Initializing Spring DispatcherServlet 'dispatcherServlet'
2023-06-20T00:05:03.927+02:00  INFO 24868 --- [o-auto-2-exec-1] o.s.web.servlet.DispatcherServlet        : Initializing Servlet 'dispatcherServlet'
2023-06-20T00:05:03.930+02:00  INFO 24868 --- [o-auto-2-exec-1] o.s.web.servlet.DispatcherServlet        : Completed initialization in 3 ms
2023-06-20T00:05:03.985+02:00  INFO 24868 --- [    Test worker] o.apache.catalina.core.StandardService   : Stopping service [Tomcat]
2023-06-20T00:05:03.986+02:00  INFO 24868 --- [    Test worker] o.a.c.c.C.[Tomcat].[localhost].[/]       : Destroying Spring FrameworkServlet 'dispatcherServlet'
2023-06-20T00:05:06.079+02:00  INFO 24868 --- [    Test worker] j.LocalContainerEntityManagerFactoryBean : Closing JPA EntityManagerFactory for persistence unit 'default'
2023-06-20T00:05:06.079+02:00  INFO 24868 --- [    Test worker] .SchemaDropperImpl$DelayedDropActionImpl : HHH000477: Starting delayed evictData of schema as part of SessionFactory shut-down'
2023-06-20T00:05:06.325+02:00  INFO 24868 --- [    Test worker] com.zaxxer.hikari.HikariDataSource       : HikariPool-2 - Shutdown initiated...
2023-06-20T00:05:06.334+02:00  INFO 24868 --- [    Test worker] com.zaxxer.hikari.HikariDataSource       : HikariPool-2 - Shutdown completed.

  .   ____          _            __ _ _
 /\\ / ___'_ __ _ _(_)_ __  __ _ \ \ \ \
( ( )\___ | '_ | '_| | '_ \/ _` | \ \ \ \
 \\/  ___)| |_)| | | | | || (_| |  ) ) ) )
  '  |____| .__|_| |_|_| |_\__, | / / / /
 =========|_|==============|___/=/_/_/_/
 :: Spring Boot ::                (v3.1.0)

2023-06-20T00:05:06.369+02:00  INFO 24868 --- [    Test worker] c.s.r.controller.RecipeControllerTest    : Starting RecipeControllerTest using Java 17.0.6 with PID 24868 (started by kubas in C:\SOFTWARE MINDS ZADANKO\recipemanager)
2023-06-20T00:05:06.371+02:00  INFO 24868 --- [    Test worker] c.s.r.controller.RecipeControllerTest    : No active profile set, falling back to 1 default profile: "default"
2023-06-20T00:05:06.780+02:00  INFO 24868 --- [    Test worker] .s.d.r.c.RepositoryConfigurationDelegate : Bootstrapping Spring Data JPA repositories in DEFAULT mode.
2023-06-20T00:05:06.814+02:00  INFO 24868 --- [    Test worker] .s.d.r.c.RepositoryConfigurationDelegate : Finished Spring Data repository scanning in 33 ms. Found 4 JPA repository interfaces.
2023-06-20T00:05:06.939+02:00  INFO 24868 --- [    Test worker] o.s.b.w.embedded.tomcat.TomcatWebServer  : Tomcat initialized with port(s): 0 (http)
2023-06-20T00:05:06.940+02:00  INFO 24868 --- [    Test worker] o.apache.catalina.core.StandardService   : Starting service [Tomcat]
2023-06-20T00:05:06.940+02:00  INFO 24868 --- [    Test worker] o.apache.catalina.core.StandardEngine    : Starting Servlet engine: [Apache Tomcat/10.1.8]
2023-06-20T00:05:07.073+02:00  INFO 24868 --- [    Test worker] o.a.c.c.C.[Tomcat].[localhost].[/]       : Initializing Spring embedded WebApplicationContext
2023-06-20T00:05:07.073+02:00  INFO 24868 --- [    Test worker] w.s.c.ServletWebServerApplicationContext : Root WebApplicationContext: initialization completed in 700 ms
2023-06-20T00:05:07.152+02:00  INFO 24868 --- [    Test worker] o.hibernate.jpa.internal.util.LogHelper  : HHH000204: Processing PersistenceUnitInfo [name: default]
2023-06-20T00:05:07.167+02:00  INFO 24868 --- [    Test worker] o.h.b.i.BytecodeProviderInitiator        : HHH000021: Bytecode provider name : bytebuddy
2023-06-20T00:05:07.168+02:00  INFO 24868 --- [    Test worker] o.s.o.j.p.SpringPersistenceUnitInfo      : No LoadTimeWeaver setup: ignoring JPA class transformer
2023-06-20T00:05:07.170+02:00  INFO 24868 --- [    Test worker] com.zaxxer.hikari.HikariDataSource       : HikariPool-3 - Starting...
2023-06-20T00:05:07.337+02:00  INFO 24868 --- [    Test worker] com.zaxxer.hikari.pool.HikariPool        : HikariPool-3 - Added connection org.postgresql.jdbc.PgConnection@639f7054
2023-06-20T00:05:07.337+02:00  INFO 24868 --- [    Test worker] com.zaxxer.hikari.HikariDataSource       : HikariPool-3 - Start completed.
2023-06-20T00:05:07.345+02:00  INFO 24868 --- [    Test worker] org.hibernate.orm.dialect                : HHH035001: Using dialect: org.hibernate.dialect.PostgreSQLDialect, version: org.hibernate.engine.jdbc.env.internal.JdbcEnvironmentInitiator$DialectResolutionInfoImpl@26f6fbbd
2023-06-20T00:05:07.380+02:00  INFO 24868 --- [    Test worker] o.h.b.i.BytecodeProviderInitiator        : HHH000021: Bytecode provider name : bytebuddy
2023-06-20T00:05:07.443+02:00  INFO 24868 --- [    Test worker] o.h.e.t.j.p.i.JtaPlatformInitiator       : HHH000490: Using JtaPlatform implementation: [org.hibernate.engine.transaction.jta.platform.internal.NoJtaPlatform]
2023-06-20T00:05:07.447+02:00  WARN 24868 --- [    Test worker] o.h.engine.jdbc.spi.SqlExceptionHelper   : SQL Warning Code: 0, SQLState: 00000
2023-06-20T00:05:07.447+02:00  WARN 24868 --- [    Test worker] o.h.engine.jdbc.spi.SqlExceptionHelper   : relation "amount" does not exist, skipping
2023-06-20T00:05:07.448+02:00  WARN 24868 --- [    Test worker] o.h.engine.jdbc.spi.SqlExceptionHelper   : SQL Warning Code: 0, SQLState: 00000
2023-06-20T00:05:07.449+02:00  WARN 24868 --- [    Test worker] o.h.engine.jdbc.spi.SqlExceptionHelper   : relation "amount" does not exist, skipping
2023-06-20T00:05:07.451+02:00  WARN 24868 --- [    Test worker] o.h.engine.jdbc.spi.SqlExceptionHelper   : SQL Warning Code: 0, SQLState: 00000
2023-06-20T00:05:07.452+02:00  WARN 24868 --- [    Test worker] o.h.engine.jdbc.spi.SqlExceptionHelper   : relation "ingredient" does not exist, skipping
2023-06-20T00:05:07.454+02:00  WARN 24868 --- [    Test worker] o.h.engine.jdbc.spi.SqlExceptionHelper   : SQL Warning Code: 0, SQLState: 00000
2023-06-20T00:05:07.455+02:00  WARN 24868 --- [    Test worker] o.h.engine.jdbc.spi.SqlExceptionHelper   : relation "step" does not exist, skipping
2023-06-20T00:05:07.457+02:00  WARN 24868 --- [    Test worker] o.h.engine.jdbc.spi.SqlExceptionHelper   : SQL Warning Code: 0, SQLState: 00000
2023-06-20T00:05:07.457+02:00  WARN 24868 --- [    Test worker] o.h.engine.jdbc.spi.SqlExceptionHelper   : table "amount" does not exist, skipping
2023-06-20T00:05:07.459+02:00  WARN 24868 --- [    Test worker] o.h.engine.jdbc.spi.SqlExceptionHelper   : SQL Warning Code: 0, SQLState: 00000
2023-06-20T00:05:07.459+02:00  WARN 24868 --- [    Test worker] o.h.engine.jdbc.spi.SqlExceptionHelper   : table "ingredient" does not exist, skipping
2023-06-20T00:05:07.461+02:00  WARN 24868 --- [    Test worker] o.h.engine.jdbc.spi.SqlExceptionHelper   : SQL Warning Code: 0, SQLState: 00000
2023-06-20T00:05:07.461+02:00  WARN 24868 --- [    Test worker] o.h.engine.jdbc.spi.SqlExceptionHelper   : table "recipe" does not exist, skipping
2023-06-20T00:05:07.463+02:00  WARN 24868 --- [    Test worker] o.h.engine.jdbc.spi.SqlExceptionHelper   : SQL Warning Code: 0, SQLState: 00000
2023-06-20T00:05:07.463+02:00  WARN 24868 --- [    Test worker] o.h.engine.jdbc.spi.SqlExceptionHelper   : table "step" does not exist, skipping
2023-06-20T00:05:07.749+02:00  INFO 24868 --- [    Test worker] o.h.t.s.i.e.GenerationTargetToDatabase   : HHH000476: Executing script '[injected ScriptSourceInputNonExistentImpl script]'
2023-06-20T00:05:07.750+02:00  INFO 24868 --- [    Test worker] j.LocalContainerEntityManagerFactoryBean : Initialized JPA EntityManagerFactory for persistence unit 'default'
2023-06-20T00:05:07.877+02:00  WARN 24868 --- [    Test worker] JpaBaseConfiguration$JpaWebConfiguration : spring.jpa.open-in-view is enabled by default. Therefore, database queries may be performed during view rendering. Explicitly configure spring.jpa.open-in-view to disable this warning
2023-06-20T00:05:08.096+02:00  INFO 24868 --- [    Test worker] o.s.b.a.e.web.EndpointLinksResolver      : Exposing 1 endpoint(s) beneath base path '/actuator'
2023-06-20T00:05:08.136+02:00  INFO 24868 --- [    Test worker] o.s.b.w.embedded.tomcat.TomcatWebServer  : Tomcat started on port(s): 59123 (http) with context path ''
2023-06-20T00:05:08.148+02:00  INFO 24868 --- [    Test worker] c.s.r.controller.RecipeControllerTest    : Started RecipeControllerTest in 1.81 seconds (process running for 60.865)
2023-06-20T00:05:08.450+02:00  INFO 24868 --- [o-auto-3-exec-1] o.a.c.c.C.[Tomcat].[localhost].[/]       : Initializing Spring DispatcherServlet 'dispatcherServlet'
2023-06-20T00:05:08.450+02:00  INFO 24868 --- [o-auto-3-exec-1] o.s.web.servlet.DispatcherServlet        : Initializing Servlet 'dispatcherServlet'
2023-06-20T00:05:08.452+02:00  INFO 24868 --- [o-auto-3-exec-1] o.s.web.servlet.DispatcherServlet        : Completed initialization in 1 ms
2023-06-20T00:05:08.548+02:00  INFO 24868 --- [    Test worker] o.apache.catalina.core.StandardService   : Stopping service [Tomcat]
2023-06-20T00:05:08.549+02:00  INFO 24868 --- [    Test worker] o.a.c.c.C.[Tomcat].[localhost].[/]       : Destroying Spring FrameworkServlet 'dispatcherServlet'
2023-06-20T00:05:10.642+02:00  INFO 24868 --- [    Test worker] j.LocalContainerEntityManagerFactoryBean : Closing JPA EntityManagerFactory for persistence unit 'default'
2023-06-20T00:05:10.642+02:00  INFO 24868 --- [    Test worker] .SchemaDropperImpl$DelayedDropActionImpl : HHH000477: Starting delayed evictData of schema as part of SessionFactory shut-down'
2023-06-20T00:05:10.670+02:00  INFO 24868 --- [    Test worker] com.zaxxer.hikari.HikariDataSource       : HikariPool-3 - Shutdown initiated...
2023-06-20T00:05:10.682+02:00  INFO 24868 --- [    Test worker] com.zaxxer.hikari.HikariDataSource       : HikariPool-3 - Shutdown completed.

  .   ____          _            __ _ _
 /\\ / ___'_ __ _ _(_)_ __  __ _ \ \ \ \
( ( )\___ | '_ | '_| | '_ \/ _` | \ \ \ \
 \\/  ___)| |_)| | | | | || (_| |  ) ) ) )
  '  |____| .__|_| |_|_| |_\__, | / / / /
 =========|_|==============|___/=/_/_/_/
 :: Spring Boot ::                (v3.1.0)

2023-06-20T00:05:10.740+02:00  INFO 24868 --- [    Test worker] c.s.r.controller.RecipeControllerTest    : Starting RecipeControllerTest using Java 17.0.6 with PID 24868 (started by kubas in C:\SOFTWARE MINDS ZADANKO\recipemanager)
2023-06-20T00:05:10.741+02:00  INFO 24868 --- [    Test worker] c.s.r.controller.RecipeControllerTest    : No active profile set, falling back to 1 default profile: "default"
2023-06-20T00:05:11.576+02:00  INFO 24868 --- [    Test worker] .s.d.r.c.RepositoryConfigurationDelegate : Bootstrapping Spring Data JPA repositories in DEFAULT mode.
2023-06-20T00:05:11.612+02:00  INFO 24868 --- [    Test worker] .s.d.r.c.RepositoryConfigurationDelegate : Finished Spring Data repository scanning in 35 ms. Found 4 JPA repository interfaces.
2023-06-20T00:05:11.869+02:00  INFO 24868 --- [    Test worker] o.s.b.w.embedded.tomcat.TomcatWebServer  : Tomcat initialized with port(s): 0 (http)
2023-06-20T00:05:11.871+02:00  INFO 24868 --- [    Test worker] o.apache.catalina.core.StandardService   : Starting service [Tomcat]
2023-06-20T00:05:11.871+02:00  INFO 24868 --- [    Test worker] o.apache.catalina.core.StandardEngine    : Starting Servlet engine: [Apache Tomcat/10.1.8]
2023-06-20T00:05:11.942+02:00  INFO 24868 --- [    Test worker] o.a.c.c.C.[Tomcat].[localhost].[/]       : Initializing Spring embedded WebApplicationContext
2023-06-20T00:05:11.942+02:00  INFO 24868 --- [    Test worker] w.s.c.ServletWebServerApplicationContext : Root WebApplicationContext: initialization completed in 1198 ms
2023-06-20T00:05:12.361+02:00  INFO 24868 --- [    Test worker] o.hibernate.jpa.internal.util.LogHelper  : HHH000204: Processing PersistenceUnitInfo [name: default]
2023-06-20T00:05:12.400+02:00  INFO 24868 --- [    Test worker] o.h.b.i.BytecodeProviderInitiator        : HHH000021: Bytecode provider name : bytebuddy
2023-06-20T00:05:12.404+02:00  INFO 24868 --- [    Test worker] o.s.o.j.p.SpringPersistenceUnitInfo      : No LoadTimeWeaver setup: ignoring JPA class transformer
2023-06-20T00:05:12.408+02:00  INFO 24868 --- [    Test worker] com.zaxxer.hikari.HikariDataSource       : HikariPool-4 - Starting...
2023-06-20T00:05:12.465+02:00  INFO 24868 --- [    Test worker] com.zaxxer.hikari.pool.HikariPool        : HikariPool-4 - Added connection org.postgresql.jdbc.PgConnection@1432a683
2023-06-20T00:05:12.465+02:00  INFO 24868 --- [    Test worker] com.zaxxer.hikari.HikariDataSource       : HikariPool-4 - Start completed.
2023-06-20T00:05:12.477+02:00  INFO 24868 --- [    Test worker] org.hibernate.orm.dialect                : HHH035001: Using dialect: org.hibernate.dialect.PostgreSQLDialect, version: org.hibernate.engine.jdbc.env.internal.JdbcEnvironmentInitiator$DialectResolutionInfoImpl@52dc358a
2023-06-20T00:05:12.513+02:00  INFO 24868 --- [    Test worker] o.h.b.i.BytecodeProviderInitiator        : HHH000021: Bytecode provider name : bytebuddy
2023-06-20T00:05:12.592+02:00  INFO 24868 --- [    Test worker] o.h.e.t.j.p.i.JtaPlatformInitiator       : HHH000490: Using JtaPlatform implementation: [org.hibernate.engine.transaction.jta.platform.internal.NoJtaPlatform]
2023-06-20T00:05:12.616+02:00  WARN 24868 --- [    Test worker] o.h.engine.jdbc.spi.SqlExceptionHelper   : SQL Warning Code: 0, SQLState: 00000
2023-06-20T00:05:12.616+02:00  WARN 24868 --- [    Test worker] o.h.engine.jdbc.spi.SqlExceptionHelper   : relation "amount" does not exist, skipping
2023-06-20T00:05:12.626+02:00  WARN 24868 --- [    Test worker] o.h.engine.jdbc.spi.SqlExceptionHelper   : SQL Warning Code: 0, SQLState: 00000
2023-06-20T00:05:12.626+02:00  WARN 24868 --- [    Test worker] o.h.engine.jdbc.spi.SqlExceptionHelper   : relation "amount" does not exist, skipping
2023-06-20T00:05:12.631+02:00  WARN 24868 --- [    Test worker] o.h.engine.jdbc.spi.SqlExceptionHelper   : SQL Warning Code: 0, SQLState: 00000
2023-06-20T00:05:12.631+02:00  WARN 24868 --- [    Test worker] o.h.engine.jdbc.spi.SqlExceptionHelper   : relation "ingredient" does not exist, skipping
2023-06-20T00:05:12.642+02:00  WARN 24868 --- [    Test worker] o.h.engine.jdbc.spi.SqlExceptionHelper   : SQL Warning Code: 0, SQLState: 00000
2023-06-20T00:05:12.642+02:00  WARN 24868 --- [    Test worker] o.h.engine.jdbc.spi.SqlExceptionHelper   : relation "step" does not exist, skipping
2023-06-20T00:05:12.655+02:00  WARN 24868 --- [    Test worker] o.h.engine.jdbc.spi.SqlExceptionHelper   : SQL Warning Code: 0, SQLState: 00000
2023-06-20T00:05:12.655+02:00  WARN 24868 --- [    Test worker] o.h.engine.jdbc.spi.SqlExceptionHelper   : table "amount" does not exist, skipping
2023-06-20T00:05:12.657+02:00  WARN 24868 --- [    Test worker] o.h.engine.jdbc.spi.SqlExceptionHelper   : SQL Warning Code: 0, SQLState: 00000
2023-06-20T00:05:12.658+02:00  WARN 24868 --- [    Test worker] o.h.engine.jdbc.spi.SqlExceptionHelper   : table "ingredient" does not exist, skipping
2023-06-20T00:05:12.664+02:00  WARN 24868 --- [    Test worker] o.h.engine.jdbc.spi.SqlExceptionHelper   : SQL Warning Code: 0, SQLState: 00000
2023-06-20T00:05:12.664+02:00  WARN 24868 --- [    Test worker] o.h.engine.jdbc.spi.SqlExceptionHelper   : table "recipe" does not exist, skipping
2023-06-20T00:05:12.705+02:00  WARN 24868 --- [    Test worker] o.h.engine.jdbc.spi.SqlExceptionHelper   : SQL Warning Code: 0, SQLState: 00000
2023-06-20T00:05:12.706+02:00  WARN 24868 --- [    Test worker] o.h.engine.jdbc.spi.SqlExceptionHelper   : table "step" does not exist, skipping
2023-06-20T00:05:12.971+02:00  INFO 24868 --- [    Test worker] o.h.t.s.i.e.GenerationTargetToDatabase   : HHH000476: Executing script '[injected ScriptSourceInputNonExistentImpl script]'
2023-06-20T00:05:12.971+02:00  INFO 24868 --- [    Test worker] j.LocalContainerEntityManagerFactoryBean : Initialized JPA EntityManagerFactory for persistence unit 'default'
2023-06-20T00:05:13.268+02:00  WARN 24868 --- [    Test worker] JpaBaseConfiguration$JpaWebConfiguration : spring.jpa.open-in-view is enabled by default. Therefore, database queries may be performed during view rendering. Explicitly configure spring.jpa.open-in-view to disable this warning
2023-06-20T00:05:13.841+02:00  INFO 24868 --- [    Test worker] o.s.b.a.e.web.EndpointLinksResolver      : Exposing 1 endpoint(s) beneath base path '/actuator'
2023-06-20T00:05:13.890+02:00  INFO 24868 --- [    Test worker] o.s.b.w.embedded.tomcat.TomcatWebServer  : Tomcat started on port(s): 59147 (http) with context path ''
2023-06-20T00:05:13.905+02:00  INFO 24868 --- [    Test worker] c.s.r.controller.RecipeControllerTest    : Started RecipeControllerTest in 3.218 seconds (process running for 66.623)
2023-06-20T00:05:14.675+02:00  INFO 24868 --- [o-auto-4-exec-3] o.a.c.c.C.[Tomcat].[localhost].[/]       : Initializing Spring DispatcherServlet 'dispatcherServlet'
2023-06-20T00:05:14.675+02:00  INFO 24868 --- [o-auto-4-exec-3] o.s.web.servlet.DispatcherServlet        : Initializing Servlet 'dispatcherServlet'
2023-06-20T00:05:14.676+02:00  INFO 24868 --- [o-auto-4-exec-3] o.s.web.servlet.DispatcherServlet        : Completed initialization in 1 ms
2023-06-20T00:05:14.735+02:00  INFO 24868 --- [    Test worker] o.apache.catalina.core.StandardService   : Stopping service [Tomcat]
2023-06-20T00:05:14.736+02:00  INFO 24868 --- [    Test worker] o.a.c.c.C.[Tomcat].[localhost].[/]       : Destroying Spring FrameworkServlet 'dispatcherServlet'
2023-06-20T00:05:16.851+02:00  INFO 24868 --- [    Test worker] j.LocalContainerEntityManagerFactoryBean : Closing JPA EntityManagerFactory for persistence unit 'default'
2023-06-20T00:05:16.852+02:00  INFO 24868 --- [    Test worker] .SchemaDropperImpl$DelayedDropActionImpl : HHH000477: Starting delayed evictData of schema as part of SessionFactory shut-down'
2023-06-20T00:05:16.907+02:00  INFO 24868 --- [    Test worker] com.zaxxer.hikari.HikariDataSource       : HikariPool-4 - Shutdown initiated...
2023-06-20T00:05:16.915+02:00  INFO 24868 --- [    Test worker] com.zaxxer.hikari.HikariDataSource       : HikariPool-4 - Shutdown completed.

  .   ____          _            __ _ _
 /\\ / ___'_ __ _ _(_)_ __  __ _ \ \ \ \
( ( )\___ | '_ | '_| | '_ \/ _` | \ \ \ \
 \\/  ___)| |_)| | | | | || (_| |  ) ) ) )
  '  |____| .__|_| |_|_| |_\__, | / / / /
 =========|_|==============|___/=/_/_/_/
 :: Spring Boot ::                (v3.1.0)

2023-06-20T00:05:16.966+02:00  INFO 24868 --- [    Test worker] c.s.r.controller.RecipeControllerTest    : Starting RecipeControllerTest using Java 17.0.6 with PID 24868 (started by kubas in C:\SOFTWARE MINDS ZADANKO\recipemanager)
2023-06-20T00:05:16.966+02:00  INFO 24868 --- [    Test worker] c.s.r.controller.RecipeControllerTest    : No active profile set, falling back to 1 default profile: "default"
2023-06-20T00:05:17.548+02:00  INFO 24868 --- [    Test worker] .s.d.r.c.RepositoryConfigurationDelegate : Bootstrapping Spring Data JPA repositories in DEFAULT mode.
2023-06-20T00:05:17.589+02:00  INFO 24868 --- [    Test worker] .s.d.r.c.RepositoryConfigurationDelegate : Finished Spring Data repository scanning in 40 ms. Found 4 JPA repository interfaces.
2023-06-20T00:05:17.734+02:00  INFO 24868 --- [    Test worker] o.s.b.w.embedded.tomcat.TomcatWebServer  : Tomcat initialized with port(s): 0 (http)
2023-06-20T00:05:17.736+02:00  INFO 24868 --- [    Test worker] o.apache.catalina.core.StandardService   : Starting service [Tomcat]
2023-06-20T00:05:17.736+02:00  INFO 24868 --- [    Test worker] o.apache.catalina.core.StandardEngine    : Starting Servlet engine: [Apache Tomcat/10.1.8]
2023-06-20T00:05:17.802+02:00  INFO 24868 --- [    Test worker] o.a.c.c.C.[Tomcat].[localhost].[/]       : Initializing Spring embedded WebApplicationContext
2023-06-20T00:05:17.802+02:00  INFO 24868 --- [    Test worker] w.s.c.ServletWebServerApplicationContext : Root WebApplicationContext: initialization completed in 832 ms
2023-06-20T00:05:17.935+02:00  INFO 24868 --- [    Test worker] o.hibernate.jpa.internal.util.LogHelper  : HHH000204: Processing PersistenceUnitInfo [name: default]
2023-06-20T00:05:17.952+02:00  INFO 24868 --- [    Test worker] o.h.b.i.BytecodeProviderInitiator        : HHH000021: Bytecode provider name : bytebuddy
2023-06-20T00:05:17.953+02:00  INFO 24868 --- [    Test worker] o.s.o.j.p.SpringPersistenceUnitInfo      : No LoadTimeWeaver setup: ignoring JPA class transformer
2023-06-20T00:05:17.955+02:00  INFO 24868 --- [    Test worker] com.zaxxer.hikari.HikariDataSource       : HikariPool-5 - Starting...
2023-06-20T00:05:18.016+02:00  INFO 24868 --- [    Test worker] com.zaxxer.hikari.pool.HikariPool        : HikariPool-5 - Added connection org.postgresql.jdbc.PgConnection@69f4fa56
2023-06-20T00:05:18.016+02:00  INFO 24868 --- [    Test worker] com.zaxxer.hikari.HikariDataSource       : HikariPool-5 - Start completed.
2023-06-20T00:05:18.078+02:00  INFO 24868 --- [    Test worker] org.hibernate.orm.dialect                : HHH035001: Using dialect: org.hibernate.dialect.PostgreSQLDialect, version: org.hibernate.engine.jdbc.env.internal.JdbcEnvironmentInitiator$DialectResolutionInfoImpl@5a31d662
2023-06-20T00:05:18.110+02:00  INFO 24868 --- [    Test worker] o.h.b.i.BytecodeProviderInitiator        : HHH000021: Bytecode provider name : bytebuddy
2023-06-20T00:05:18.190+02:00  INFO 24868 --- [    Test worker] o.h.e.t.j.p.i.JtaPlatformInitiator       : HHH000490: Using JtaPlatform implementation: [org.hibernate.engine.transaction.jta.platform.internal.NoJtaPlatform]
2023-06-20T00:05:18.194+02:00  WARN 24868 --- [    Test worker] o.h.engine.jdbc.spi.SqlExceptionHelper   : SQL Warning Code: 0, SQLState: 00000
2023-06-20T00:05:18.194+02:00  WARN 24868 --- [    Test worker] o.h.engine.jdbc.spi.SqlExceptionHelper   : relation "amount" does not exist, skipping
2023-06-20T00:05:18.198+02:00  WARN 24868 --- [    Test worker] o.h.engine.jdbc.spi.SqlExceptionHelper   : SQL Warning Code: 0, SQLState: 00000
2023-06-20T00:05:18.198+02:00  WARN 24868 --- [    Test worker] o.h.engine.jdbc.spi.SqlExceptionHelper   : relation "amount" does not exist, skipping
2023-06-20T00:05:18.201+02:00  WARN 24868 --- [    Test worker] o.h.engine.jdbc.spi.SqlExceptionHelper   : SQL Warning Code: 0, SQLState: 00000
2023-06-20T00:05:18.202+02:00  WARN 24868 --- [    Test worker] o.h.engine.jdbc.spi.SqlExceptionHelper   : relation "ingredient" does not exist, skipping
2023-06-20T00:05:18.204+02:00  WARN 24868 --- [    Test worker] o.h.engine.jdbc.spi.SqlExceptionHelper   : SQL Warning Code: 0, SQLState: 00000
2023-06-20T00:05:18.204+02:00  WARN 24868 --- [    Test worker] o.h.engine.jdbc.spi.SqlExceptionHelper   : relation "step" does not exist, skipping
2023-06-20T00:05:18.207+02:00  WARN 24868 --- [    Test worker] o.h.engine.jdbc.spi.SqlExceptionHelper   : SQL Warning Code: 0, SQLState: 00000
2023-06-20T00:05:18.207+02:00  WARN 24868 --- [    Test worker] o.h.engine.jdbc.spi.SqlExceptionHelper   : table "amount" does not exist, skipping
2023-06-20T00:05:18.210+02:00  WARN 24868 --- [    Test worker] o.h.engine.jdbc.spi.SqlExceptionHelper   : SQL Warning Code: 0, SQLState: 00000
2023-06-20T00:05:18.210+02:00  WARN 24868 --- [    Test worker] o.h.engine.jdbc.spi.SqlExceptionHelper   : table "ingredient" does not exist, skipping
2023-06-20T00:05:18.212+02:00  WARN 24868 --- [    Test worker] o.h.engine.jdbc.spi.SqlExceptionHelper   : SQL Warning Code: 0, SQLState: 00000
2023-06-20T00:05:18.212+02:00  WARN 24868 --- [    Test worker] o.h.engine.jdbc.spi.SqlExceptionHelper   : table "recipe" does not exist, skipping
2023-06-20T00:05:18.215+02:00  WARN 24868 --- [    Test worker] o.h.engine.jdbc.spi.SqlExceptionHelper   : SQL Warning Code: 0, SQLState: 00000
2023-06-20T00:05:18.215+02:00  WARN 24868 --- [    Test worker] o.h.engine.jdbc.spi.SqlExceptionHelper   : table "step" does not exist, skipping
2023-06-20T00:05:18.252+02:00  INFO 24868 --- [    Test worker] o.h.t.s.i.e.GenerationTargetToDatabase   : HHH000476: Executing script '[injected ScriptSourceInputNonExistentImpl script]'
2023-06-20T00:05:18.253+02:00  INFO 24868 --- [    Test worker] j.LocalContainerEntityManagerFactoryBean : Initialized JPA EntityManagerFactory for persistence unit 'default'
2023-06-20T00:05:18.413+02:00  WARN 24868 --- [    Test worker] JpaBaseConfiguration$JpaWebConfiguration : spring.jpa.open-in-view is enabled by default. Therefore, database queries may be performed during view rendering. Explicitly configure spring.jpa.open-in-view to disable this warning
2023-06-20T00:05:18.672+02:00  INFO 24868 --- [    Test worker] o.s.b.a.e.web.EndpointLinksResolver      : Exposing 1 endpoint(s) beneath base path '/actuator'
2023-06-20T00:05:18.708+02:00  INFO 24868 --- [    Test worker] o.s.b.w.embedded.tomcat.TomcatWebServer  : Tomcat started on port(s): 59167 (http) with context path ''
2023-06-20T00:05:18.736+02:00  INFO 24868 --- [    Test worker] c.s.r.controller.RecipeControllerTest    : Started RecipeControllerTest in 1.816 seconds (process running for 71.454)
2023-06-20T00:05:19.080+02:00  INFO 24868 --- [o-auto-5-exec-2] o.a.c.c.C.[Tomcat].[localhost].[/]       : Initializing Spring DispatcherServlet 'dispatcherServlet'
2023-06-20T00:05:19.081+02:00  INFO 24868 --- [o-auto-5-exec-2] o.s.web.servlet.DispatcherServlet        : Initializing Servlet 'dispatcherServlet'
2023-06-20T00:05:19.082+02:00  INFO 24868 --- [o-auto-5-exec-2] o.s.web.servlet.DispatcherServlet        : Completed initialization in 1 ms
2023-06-20T00:05:19.196+02:00  INFO 24868 --- [    Test worker] o.apache.catalina.core.StandardService   : Stopping service [Tomcat]
2023-06-20T00:05:19.197+02:00  INFO 24868 --- [    Test worker] o.a.c.c.C.[Tomcat].[localhost].[/]       : Destroying Spring FrameworkServlet 'dispatcherServlet'
2023-06-20T00:05:21.285+02:00  INFO 24868 --- [    Test worker] j.LocalContainerEntityManagerFactoryBean : Closing JPA EntityManagerFactory for persistence unit 'default'
2023-06-20T00:05:21.285+02:00  INFO 24868 --- [    Test worker] .SchemaDropperImpl$DelayedDropActionImpl : HHH000477: Starting delayed evictData of schema as part of SessionFactory shut-down'
2023-06-20T00:05:21.325+02:00  INFO 24868 --- [    Test worker] com.zaxxer.hikari.HikariDataSource       : HikariPool-5 - Shutdown initiated...
2023-06-20T00:05:21.334+02:00  INFO 24868 --- [    Test worker] com.zaxxer.hikari.HikariDataSource       : HikariPool-5 - Shutdown completed.

  .   ____          _            __ _ _
 /\\ / ___'_ __ _ _(_)_ __  __ _ \ \ \ \
( ( )\___ | '_ | '_| | '_ \/ _` | \ \ \ \
 \\/  ___)| |_)| | | | | || (_| |  ) ) ) )
  '  |____| .__|_| |_|_| |_\__, | / / / /
 =========|_|==============|___/=/_/_/_/
 :: Spring Boot ::                (v3.1.0)

2023-06-20T00:05:21.380+02:00  INFO 24868 --- [    Test worker] c.s.r.controller.RecipeControllerTest    : Starting RecipeControllerTest using Java 17.0.6 with PID 24868 (started by kubas in C:\SOFTWARE MINDS ZADANKO\recipemanager)
2023-06-20T00:05:21.380+02:00  INFO 24868 --- [    Test worker] c.s.r.controller.RecipeControllerTest    : No active profile set, falling back to 1 default profile: "default"
2023-06-20T00:05:21.974+02:00  INFO 24868 --- [    Test worker] .s.d.r.c.RepositoryConfigurationDelegate : Bootstrapping Spring Data JPA repositories in DEFAULT mode.
2023-06-20T00:05:22.026+02:00  INFO 24868 --- [    Test worker] .s.d.r.c.RepositoryConfigurationDelegate : Finished Spring Data repository scanning in 51 ms. Found 4 JPA repository interfaces.
2023-06-20T00:05:22.180+02:00  INFO 24868 --- [    Test worker] o.s.b.w.embedded.tomcat.TomcatWebServer  : Tomcat initialized with port(s): 0 (http)
2023-06-20T00:05:22.181+02:00  INFO 24868 --- [    Test worker] o.apache.catalina.core.StandardService   : Starting service [Tomcat]
2023-06-20T00:05:22.181+02:00  INFO 24868 --- [    Test worker] o.apache.catalina.core.StandardEngine    : Starting Servlet engine: [Apache Tomcat/10.1.8]
2023-06-20T00:05:22.356+02:00  INFO 24868 --- [    Test worker] o.a.c.c.C.[Tomcat].[localhost].[/]       : Initializing Spring embedded WebApplicationContext
2023-06-20T00:05:22.356+02:00  INFO 24868 --- [    Test worker] w.s.c.ServletWebServerApplicationContext : Root WebApplicationContext: initialization completed in 972 ms
2023-06-20T00:05:22.496+02:00  INFO 24868 --- [    Test worker] o.hibernate.jpa.internal.util.LogHelper  : HHH000204: Processing PersistenceUnitInfo [name: default]
2023-06-20T00:05:22.519+02:00  INFO 24868 --- [    Test worker] o.h.b.i.BytecodeProviderInitiator        : HHH000021: Bytecode provider name : bytebuddy
2023-06-20T00:05:22.520+02:00  INFO 24868 --- [    Test worker] o.s.o.j.p.SpringPersistenceUnitInfo      : No LoadTimeWeaver setup: ignoring JPA class transformer
2023-06-20T00:05:22.522+02:00  INFO 24868 --- [    Test worker] com.zaxxer.hikari.HikariDataSource       : HikariPool-6 - Starting...
2023-06-20T00:05:22.611+02:00  INFO 24868 --- [    Test worker] com.zaxxer.hikari.pool.HikariPool        : HikariPool-6 - Added connection org.postgresql.jdbc.PgConnection@74bc2a19
2023-06-20T00:05:22.611+02:00  INFO 24868 --- [    Test worker] com.zaxxer.hikari.HikariDataSource       : HikariPool-6 - Start completed.
2023-06-20T00:05:22.626+02:00  INFO 24868 --- [    Test worker] org.hibernate.orm.dialect                : HHH035001: Using dialect: org.hibernate.dialect.PostgreSQLDialect, version: org.hibernate.engine.jdbc.env.internal.JdbcEnvironmentInitiator$DialectResolutionInfoImpl@402a6c1
2023-06-20T00:05:22.687+02:00  INFO 24868 --- [    Test worker] o.h.b.i.BytecodeProviderInitiator        : HHH000021: Bytecode provider name : bytebuddy
2023-06-20T00:05:22.773+02:00  INFO 24868 --- [    Test worker] o.h.e.t.j.p.i.JtaPlatformInitiator       : HHH000490: Using JtaPlatform implementation: [org.hibernate.engine.transaction.jta.platform.internal.NoJtaPlatform]
2023-06-20T00:05:22.780+02:00  WARN 24868 --- [    Test worker] o.h.engine.jdbc.spi.SqlExceptionHelper   : SQL Warning Code: 0, SQLState: 00000
2023-06-20T00:05:22.780+02:00  WARN 24868 --- [    Test worker] o.h.engine.jdbc.spi.SqlExceptionHelper   : relation "amount" does not exist, skipping
2023-06-20T00:05:22.786+02:00  WARN 24868 --- [    Test worker] o.h.engine.jdbc.spi.SqlExceptionHelper   : SQL Warning Code: 0, SQLState: 00000
2023-06-20T00:05:22.786+02:00  WARN 24868 --- [    Test worker] o.h.engine.jdbc.spi.SqlExceptionHelper   : relation "amount" does not exist, skipping
2023-06-20T00:05:22.791+02:00  WARN 24868 --- [    Test worker] o.h.engine.jdbc.spi.SqlExceptionHelper   : SQL Warning Code: 0, SQLState: 00000
2023-06-20T00:05:22.791+02:00  WARN 24868 --- [    Test worker] o.h.engine.jdbc.spi.SqlExceptionHelper   : relation "ingredient" does not exist, skipping
2023-06-20T00:05:22.793+02:00  WARN 24868 --- [    Test worker] o.h.engine.jdbc.spi.SqlExceptionHelper   : SQL Warning Code: 0, SQLState: 00000
2023-06-20T00:05:22.794+02:00  WARN 24868 --- [    Test worker] o.h.engine.jdbc.spi.SqlExceptionHelper   : relation "step" does not exist, skipping
2023-06-20T00:05:22.800+02:00  WARN 24868 --- [    Test worker] o.h.engine.jdbc.spi.SqlExceptionHelper   : SQL Warning Code: 0, SQLState: 00000
2023-06-20T00:05:22.800+02:00  WARN 24868 --- [    Test worker] o.h.engine.jdbc.spi.SqlExceptionHelper   : table "amount" does not exist, skipping
2023-06-20T00:05:22.803+02:00  WARN 24868 --- [    Test worker] o.h.engine.jdbc.spi.SqlExceptionHelper   : SQL Warning Code: 0, SQLState: 00000
2023-06-20T00:05:22.804+02:00  WARN 24868 --- [    Test worker] o.h.engine.jdbc.spi.SqlExceptionHelper   : table "ingredient" does not exist, skipping
2023-06-20T00:05:22.810+02:00  WARN 24868 --- [    Test worker] o.h.engine.jdbc.spi.SqlExceptionHelper   : SQL Warning Code: 0, SQLState: 00000
2023-06-20T00:05:22.810+02:00  WARN 24868 --- [    Test worker] o.h.engine.jdbc.spi.SqlExceptionHelper   : table "recipe" does not exist, skipping
2023-06-20T00:05:22.815+02:00  WARN 24868 --- [    Test worker] o.h.engine.jdbc.spi.SqlExceptionHelper   : SQL Warning Code: 0, SQLState: 00000
2023-06-20T00:05:22.815+02:00  WARN 24868 --- [    Test worker] o.h.engine.jdbc.spi.SqlExceptionHelper   : table "step" does not exist, skipping
2023-06-20T00:05:22.909+02:00  INFO 24868 --- [    Test worker] o.h.t.s.i.e.GenerationTargetToDatabase   : HHH000476: Executing script '[injected ScriptSourceInputNonExistentImpl script]'
2023-06-20T00:05:22.910+02:00  INFO 24868 --- [    Test worker] j.LocalContainerEntityManagerFactoryBean : Initialized JPA EntityManagerFactory for persistence unit 'default'
2023-06-20T00:05:23.290+02:00  WARN 24868 --- [    Test worker] JpaBaseConfiguration$JpaWebConfiguration : spring.jpa.open-in-view is enabled by default. Therefore, database queries may be performed during view rendering. Explicitly configure spring.jpa.open-in-view to disable this warning
2023-06-20T00:05:23.890+02:00  INFO 24868 --- [    Test worker] o.s.b.a.e.web.EndpointLinksResolver      : Exposing 1 endpoint(s) beneath base path '/actuator'
2023-06-20T00:05:23.982+02:00  INFO 24868 --- [    Test worker] o.s.b.w.embedded.tomcat.TomcatWebServer  : Tomcat started on port(s): 59184 (http) with context path ''
2023-06-20T00:05:23.993+02:00  INFO 24868 --- [    Test worker] c.s.r.controller.RecipeControllerTest    : Started RecipeControllerTest in 2.656 seconds (process running for 76.711)
2023-06-20T00:05:25.928+02:00  INFO 24868 --- [o-auto-6-exec-1] o.a.c.c.C.[Tomcat].[localhost].[/]       : Initializing Spring DispatcherServlet 'dispatcherServlet'
2023-06-20T00:05:25.928+02:00  INFO 24868 --- [o-auto-6-exec-1] o.s.web.servlet.DispatcherServlet        : Initializing Servlet 'dispatcherServlet'
2023-06-20T00:05:25.930+02:00  INFO 24868 --- [o-auto-6-exec-1] o.s.web.servlet.DispatcherServlet        : Completed initialization in 2 ms
2023-06-20T00:05:27.833+02:00  INFO 24868 --- [    Test worker] o.apache.catalina.core.StandardService   : Stopping service [Tomcat]
2023-06-20T00:05:27.834+02:00  INFO 24868 --- [    Test worker] o.a.c.c.C.[Tomcat].[localhost].[/]       : Destroying Spring FrameworkServlet 'dispatcherServlet'
2023-06-20T00:05:29.916+02:00  INFO 24868 --- [    Test worker] j.LocalContainerEntityManagerFactoryBean : Closing JPA EntityManagerFactory for persistence unit 'default'
2023-06-20T00:05:29.917+02:00  INFO 24868 --- [    Test worker] .SchemaDropperImpl$DelayedDropActionImpl : HHH000477: Starting delayed evictData of schema as part of SessionFactory shut-down'
2023-06-20T00:05:29.965+02:00  INFO 24868 --- [    Test worker] com.zaxxer.hikari.HikariDataSource       : HikariPool-6 - Shutdown initiated...
2023-06-20T00:05:29.977+02:00  INFO 24868 --- [    Test worker] com.zaxxer.hikari.HikariDataSource       : HikariPool-6 - Shutdown completed.

  .   ____          _            __ _ _
 /\\ / ___'_ __ _ _(_)_ __  __ _ \ \ \ \
( ( )\___ | '_ | '_| | '_ \/ _` | \ \ \ \
 \\/  ___)| |_)| | | | | || (_| |  ) ) ) )
  '  |____| .__|_| |_|_| |_\__, | / / / /
 =========|_|==============|___/=/_/_/_/
 :: Spring Boot ::                (v3.1.0)

2023-06-20T00:05:30.021+02:00  INFO 24868 --- [    Test worker] c.s.r.controller.RecipeControllerTest    : Starting RecipeControllerTest using Java 17.0.6 with PID 24868 (started by kubas in C:\SOFTWARE MINDS ZADANKO\recipemanager)
2023-06-20T00:05:30.021+02:00  INFO 24868 --- [    Test worker] c.s.r.controller.RecipeControllerTest    : No active profile set, falling back to 1 default profile: "default"
2023-06-20T00:05:30.517+02:00  INFO 24868 --- [    Test worker] .s.d.r.c.RepositoryConfigurationDelegate : Bootstrapping Spring Data JPA repositories in DEFAULT mode.
2023-06-20T00:05:30.563+02:00  INFO 24868 --- [    Test worker] .s.d.r.c.RepositoryConfigurationDelegate : Finished Spring Data repository scanning in 44 ms. Found 4 JPA repository interfaces.
2023-06-20T00:05:30.709+02:00  INFO 24868 --- [    Test worker] o.s.b.w.embedded.tomcat.TomcatWebServer  : Tomcat initialized with port(s): 0 (http)
2023-06-20T00:05:30.710+02:00  INFO 24868 --- [    Test worker] o.apache.catalina.core.StandardService   : Starting service [Tomcat]
2023-06-20T00:05:30.711+02:00  INFO 24868 --- [    Test worker] o.apache.catalina.core.StandardEngine    : Starting Servlet engine: [Apache Tomcat/10.1.8]
2023-06-20T00:05:30.793+02:00  INFO 24868 --- [    Test worker] o.a.c.c.C.[Tomcat].[localhost].[/]       : Initializing Spring embedded WebApplicationContext
2023-06-20T00:05:30.794+02:00  INFO 24868 --- [    Test worker] w.s.c.ServletWebServerApplicationContext : Root WebApplicationContext: initialization completed in 769 ms
2023-06-20T00:05:30.915+02:00  INFO 24868 --- [    Test worker] o.hibernate.jpa.internal.util.LogHelper  : HHH000204: Processing PersistenceUnitInfo [name: default]
2023-06-20T00:05:30.931+02:00  INFO 24868 --- [    Test worker] o.h.b.i.BytecodeProviderInitiator        : HHH000021: Bytecode provider name : bytebuddy
2023-06-20T00:05:30.932+02:00  INFO 24868 --- [    Test worker] o.s.o.j.p.SpringPersistenceUnitInfo      : No LoadTimeWeaver setup: ignoring JPA class transformer
2023-06-20T00:05:30.933+02:00  INFO 24868 --- [    Test worker] com.zaxxer.hikari.HikariDataSource       : HikariPool-7 - Starting...
2023-06-20T00:05:31.228+02:00  INFO 24868 --- [    Test worker] com.zaxxer.hikari.pool.HikariPool        : HikariPool-7 - Added connection org.postgresql.jdbc.PgConnection@11d7d941
2023-06-20T00:05:31.229+02:00  INFO 24868 --- [    Test worker] com.zaxxer.hikari.HikariDataSource       : HikariPool-7 - Start completed.
2023-06-20T00:05:31.334+02:00  INFO 24868 --- [    Test worker] org.hibernate.orm.dialect                : HHH035001: Using dialect: org.hibernate.dialect.PostgreSQLDialect, version: org.hibernate.engine.jdbc.env.internal.JdbcEnvironmentInitiator$DialectResolutionInfoImpl@a891214
2023-06-20T00:05:31.402+02:00  INFO 24868 --- [    Test worker] o.h.b.i.BytecodeProviderInitiator        : HHH000021: Bytecode provider name : bytebuddy
2023-06-20T00:05:31.476+02:00  INFO 24868 --- [    Test worker] o.h.e.t.j.p.i.JtaPlatformInitiator       : HHH000490: Using JtaPlatform implementation: [org.hibernate.engine.transaction.jta.platform.internal.NoJtaPlatform]
2023-06-20T00:05:31.493+02:00  WARN 24868 --- [    Test worker] o.h.engine.jdbc.spi.SqlExceptionHelper   : SQL Warning Code: 0, SQLState: 00000
2023-06-20T00:05:31.493+02:00  WARN 24868 --- [    Test worker] o.h.engine.jdbc.spi.SqlExceptionHelper   : relation "amount" does not exist, skipping
2023-06-20T00:05:31.496+02:00  WARN 24868 --- [    Test worker] o.h.engine.jdbc.spi.SqlExceptionHelper   : SQL Warning Code: 0, SQLState: 00000
2023-06-20T00:05:31.497+02:00  WARN 24868 --- [    Test worker] o.h.engine.jdbc.spi.SqlExceptionHelper   : relation "amount" does not exist, skipping
2023-06-20T00:05:31.499+02:00  WARN 24868 --- [    Test worker] o.h.engine.jdbc.spi.SqlExceptionHelper   : SQL Warning Code: 0, SQLState: 00000
2023-06-20T00:05:31.499+02:00  WARN 24868 --- [    Test worker] o.h.engine.jdbc.spi.SqlExceptionHelper   : relation "ingredient" does not exist, skipping
2023-06-20T00:05:31.504+02:00  WARN 24868 --- [    Test worker] o.h.engine.jdbc.spi.SqlExceptionHelper   : SQL Warning Code: 0, SQLState: 00000
2023-06-20T00:05:31.504+02:00  WARN 24868 --- [    Test worker] o.h.engine.jdbc.spi.SqlExceptionHelper   : relation "step" does not exist, skipping
2023-06-20T00:05:31.526+02:00  WARN 24868 --- [    Test worker] o.h.engine.jdbc.spi.SqlExceptionHelper   : SQL Warning Code: 0, SQLState: 00000
2023-06-20T00:05:31.526+02:00  WARN 24868 --- [    Test worker] o.h.engine.jdbc.spi.SqlExceptionHelper   : table "amount" does not exist, skipping
2023-06-20T00:05:31.529+02:00  WARN 24868 --- [    Test worker] o.h.engine.jdbc.spi.SqlExceptionHelper   : SQL Warning Code: 0, SQLState: 00000
2023-06-20T00:05:31.530+02:00  WARN 24868 --- [    Test worker] o.h.engine.jdbc.spi.SqlExceptionHelper   : table "ingredient" does not exist, skipping
2023-06-20T00:05:31.532+02:00  WARN 24868 --- [    Test worker] o.h.engine.jdbc.spi.SqlExceptionHelper   : SQL Warning Code: 0, SQLState: 00000
2023-06-20T00:05:31.532+02:00  WARN 24868 --- [    Test worker] o.h.engine.jdbc.spi.SqlExceptionHelper   : table "recipe" does not exist, skipping
2023-06-20T00:05:31.535+02:00  WARN 24868 --- [    Test worker] o.h.engine.jdbc.spi.SqlExceptionHelper   : SQL Warning Code: 0, SQLState: 00000
2023-06-20T00:05:31.535+02:00  WARN 24868 --- [    Test worker] o.h.engine.jdbc.spi.SqlExceptionHelper   : table "step" does not exist, skipping
2023-06-20T00:05:31.592+02:00  INFO 24868 --- [    Test worker] o.h.t.s.i.e.GenerationTargetToDatabase   : HHH000476: Executing script '[injected ScriptSourceInputNonExistentImpl script]'
2023-06-20T00:05:31.592+02:00  INFO 24868 --- [    Test worker] j.LocalContainerEntityManagerFactoryBean : Initialized JPA EntityManagerFactory for persistence unit 'default'
2023-06-20T00:05:31.755+02:00  WARN 24868 --- [    Test worker] JpaBaseConfiguration$JpaWebConfiguration : spring.jpa.open-in-view is enabled by default. Therefore, database queries may be performed during view rendering. Explicitly configure spring.jpa.open-in-view to disable this warning
2023-06-20T00:05:32.032+02:00  INFO 24868 --- [    Test worker] o.s.b.a.e.web.EndpointLinksResolver      : Exposing 1 endpoint(s) beneath base path '/actuator'
2023-06-20T00:05:32.077+02:00  INFO 24868 --- [    Test worker] o.s.b.w.embedded.tomcat.TomcatWebServer  : Tomcat started on port(s): 59222 (http) with context path ''
2023-06-20T00:05:32.089+02:00  INFO 24868 --- [    Test worker] c.s.r.controller.RecipeControllerTest    : Started RecipeControllerTest in 2.109 seconds (process running for 84.807)
2023-06-20T00:05:32.736+02:00  INFO 24868 --- [o-auto-7-exec-3] o.a.c.c.C.[Tomcat].[localhost].[/]       : Initializing Spring DispatcherServlet 'dispatcherServlet'
2023-06-20T00:05:32.737+02:00  INFO 24868 --- [o-auto-7-exec-3] o.s.web.servlet.DispatcherServlet        : Initializing Servlet 'dispatcherServlet'
2023-06-20T00:05:32.742+02:00  INFO 24868 --- [o-auto-7-exec-3] o.s.web.servlet.DispatcherServlet        : Completed initialization in 4 ms
2023-06-20T00:05:32.916+02:00  INFO 24868 --- [    Test worker] o.apache.catalina.core.StandardService   : Stopping service [Tomcat]
2023-06-20T00:05:32.917+02:00  INFO 24868 --- [    Test worker] o.a.c.c.C.[Tomcat].[localhost].[/]       : Destroying Spring FrameworkServlet 'dispatcherServlet'
2023-06-20T00:05:34.995+02:00  INFO 24868 --- [    Test worker] j.LocalContainerEntityManagerFactoryBean : Closing JPA EntityManagerFactory for persistence unit 'default'
2023-06-20T00:05:34.996+02:00  INFO 24868 --- [    Test worker] .SchemaDropperImpl$DelayedDropActionImpl : HHH000477: Starting delayed evictData of schema as part of SessionFactory shut-down'
2023-06-20T00:05:35.027+02:00  INFO 24868 --- [    Test worker] com.zaxxer.hikari.HikariDataSource       : HikariPool-7 - Shutdown initiated...
2023-06-20T00:05:35.032+02:00  INFO 24868 --- [    Test worker] com.zaxxer.hikari.HikariDataSource       : HikariPool-7 - Shutdown completed.

  .   ____          _            __ _ _
 /\\ / ___'_ __ _ _(_)_ __  __ _ \ \ \ \
( ( )\___ | '_ | '_| | '_ \/ _` | \ \ \ \
 \\/  ___)| |_)| | | | | || (_| |  ) ) ) )
  '  |____| .__|_| |_|_| |_\__, | / / / /
 =========|_|==============|___/=/_/_/_/
 :: Spring Boot ::                (v3.1.0)

2023-06-20T00:05:35.083+02:00  INFO 24868 --- [    Test worker] c.s.r.controller.RecipeControllerTest    : Starting RecipeControllerTest using Java 17.0.6 with PID 24868 (started by kubas in C:\SOFTWARE MINDS ZADANKO\recipemanager)
2023-06-20T00:05:35.083+02:00  INFO 24868 --- [    Test worker] c.s.r.controller.RecipeControllerTest    : No active profile set, falling back to 1 default profile: "default"
2023-06-20T00:05:35.796+02:00  INFO 24868 --- [    Test worker] .s.d.r.c.RepositoryConfigurationDelegate : Bootstrapping Spring Data JPA repositories in DEFAULT mode.
2023-06-20T00:05:35.826+02:00  INFO 24868 --- [    Test worker] .s.d.r.c.RepositoryConfigurationDelegate : Finished Spring Data repository scanning in 30 ms. Found 4 JPA repository interfaces.
2023-06-20T00:05:35.957+02:00  INFO 24868 --- [    Test worker] o.s.b.w.embedded.tomcat.TomcatWebServer  : Tomcat initialized with port(s): 0 (http)
2023-06-20T00:05:35.959+02:00  INFO 24868 --- [    Test worker] o.apache.catalina.core.StandardService   : Starting service [Tomcat]
2023-06-20T00:05:35.960+02:00  INFO 24868 --- [    Test worker] o.apache.catalina.core.StandardEngine    : Starting Servlet engine: [Apache Tomcat/10.1.8]
2023-06-20T00:05:36.042+02:00  INFO 24868 --- [    Test worker] o.a.c.c.C.[Tomcat].[localhost].[/]       : Initializing Spring embedded WebApplicationContext
2023-06-20T00:05:36.043+02:00  INFO 24868 --- [    Test worker] w.s.c.ServletWebServerApplicationContext : Root WebApplicationContext: initialization completed in 957 ms
2023-06-20T00:05:36.172+02:00  INFO 24868 --- [    Test worker] o.hibernate.jpa.internal.util.LogHelper  : HHH000204: Processing PersistenceUnitInfo [name: default]
2023-06-20T00:05:36.188+02:00  INFO 24868 --- [    Test worker] o.h.b.i.BytecodeProviderInitiator        : HHH000021: Bytecode provider name : bytebuddy
2023-06-20T00:05:36.188+02:00  INFO 24868 --- [    Test worker] o.s.o.j.p.SpringPersistenceUnitInfo      : No LoadTimeWeaver setup: ignoring JPA class transformer
2023-06-20T00:05:36.190+02:00  INFO 24868 --- [    Test worker] com.zaxxer.hikari.HikariDataSource       : HikariPool-8 - Starting...
2023-06-20T00:05:36.219+02:00  INFO 24868 --- [    Test worker] com.zaxxer.hikari.pool.HikariPool        : HikariPool-8 - Added connection org.postgresql.jdbc.PgConnection@7d110e2d
2023-06-20T00:05:36.219+02:00  INFO 24868 --- [    Test worker] com.zaxxer.hikari.HikariDataSource       : HikariPool-8 - Start completed.
2023-06-20T00:05:36.225+02:00  INFO 24868 --- [    Test worker] org.hibernate.orm.dialect                : HHH035001: Using dialect: org.hibernate.dialect.PostgreSQLDialect, version: org.hibernate.engine.jdbc.env.internal.JdbcEnvironmentInitiator$DialectResolutionInfoImpl@2e3991bd
2023-06-20T00:05:36.254+02:00  INFO 24868 --- [    Test worker] o.h.b.i.BytecodeProviderInitiator        : HHH000021: Bytecode provider name : bytebuddy
2023-06-20T00:05:36.378+02:00  INFO 24868 --- [    Test worker] o.h.e.t.j.p.i.JtaPlatformInitiator       : HHH000490: Using JtaPlatform implementation: [org.hibernate.engine.transaction.jta.platform.internal.NoJtaPlatform]
2023-06-20T00:05:36.452+02:00  WARN 24868 --- [    Test worker] o.h.engine.jdbc.spi.SqlExceptionHelper   : SQL Warning Code: 0, SQLState: 00000
2023-06-20T00:05:36.452+02:00  WARN 24868 --- [    Test worker] o.h.engine.jdbc.spi.SqlExceptionHelper   : relation "amount" does not exist, skipping
2023-06-20T00:05:36.485+02:00  WARN 24868 --- [    Test worker] o.h.engine.jdbc.spi.SqlExceptionHelper   : SQL Warning Code: 0, SQLState: 00000
2023-06-20T00:05:36.485+02:00  WARN 24868 --- [    Test worker] o.h.engine.jdbc.spi.SqlExceptionHelper   : relation "amount" does not exist, skipping
2023-06-20T00:05:36.509+02:00  WARN 24868 --- [    Test worker] o.h.engine.jdbc.spi.SqlExceptionHelper   : SQL Warning Code: 0, SQLState: 00000
2023-06-20T00:05:36.509+02:00  WARN 24868 --- [    Test worker] o.h.engine.jdbc.spi.SqlExceptionHelper   : relation "ingredient" does not exist, skipping
2023-06-20T00:05:36.513+02:00  WARN 24868 --- [    Test worker] o.h.engine.jdbc.spi.SqlExceptionHelper   : SQL Warning Code: 0, SQLState: 00000
2023-06-20T00:05:36.513+02:00  WARN 24868 --- [    Test worker] o.h.engine.jdbc.spi.SqlExceptionHelper   : relation "step" does not exist, skipping
2023-06-20T00:05:36.539+02:00  WARN 24868 --- [    Test worker] o.h.engine.jdbc.spi.SqlExceptionHelper   : SQL Warning Code: 0, SQLState: 00000
2023-06-20T00:05:36.539+02:00  WARN 24868 --- [    Test worker] o.h.engine.jdbc.spi.SqlExceptionHelper   : table "amount" does not exist, skipping
2023-06-20T00:05:36.549+02:00  WARN 24868 --- [    Test worker] o.h.engine.jdbc.spi.SqlExceptionHelper   : SQL Warning Code: 0, SQLState: 00000
2023-06-20T00:05:36.550+02:00  WARN 24868 --- [    Test worker] o.h.engine.jdbc.spi.SqlExceptionHelper   : table "ingredient" does not exist, skipping
2023-06-20T00:05:36.557+02:00  WARN 24868 --- [    Test worker] o.h.engine.jdbc.spi.SqlExceptionHelper   : SQL Warning Code: 0, SQLState: 00000
2023-06-20T00:05:36.557+02:00  WARN 24868 --- [    Test worker] o.h.engine.jdbc.spi.SqlExceptionHelper   : table "recipe" does not exist, skipping
2023-06-20T00:05:36.739+02:00  WARN 24868 --- [    Test worker] o.h.engine.jdbc.spi.SqlExceptionHelper   : SQL Warning Code: 0, SQLState: 00000
2023-06-20T00:05:36.740+02:00  WARN 24868 --- [    Test worker] o.h.engine.jdbc.spi.SqlExceptionHelper   : table "step" does not exist, skipping
2023-06-20T00:05:37.005+02:00  INFO 24868 --- [    Test worker] o.h.t.s.i.e.GenerationTargetToDatabase   : HHH000476: Executing script '[injected ScriptSourceInputNonExistentImpl script]'
2023-06-20T00:05:37.006+02:00  INFO 24868 --- [    Test worker] j.LocalContainerEntityManagerFactoryBean : Initialized JPA EntityManagerFactory for persistence unit 'default'
2023-06-20T00:05:37.195+02:00  WARN 24868 --- [    Test worker] JpaBaseConfiguration$JpaWebConfiguration : spring.jpa.open-in-view is enabled by default. Therefore, database queries may be performed during view rendering. Explicitly configure spring.jpa.open-in-view to disable this warning
2023-06-20T00:05:37.694+02:00  INFO 24868 --- [    Test worker] o.s.b.a.e.web.EndpointLinksResolver      : Exposing 1 endpoint(s) beneath base path '/actuator'
2023-06-20T00:05:37.784+02:00  INFO 24868 --- [    Test worker] o.s.b.w.embedded.tomcat.TomcatWebServer  : Tomcat started on port(s): 59252 (http) with context path ''
2023-06-20T00:05:37.800+02:00  INFO 24868 --- [    Test worker] c.s.r.controller.RecipeControllerTest    : Started RecipeControllerTest in 2.762 seconds (process running for 90.517)
2023-06-20T00:05:38.239+02:00  INFO 24868 --- [o-auto-8-exec-6] o.a.c.c.C.[Tomcat].[localhost].[/]       : Initializing Spring DispatcherServlet 'dispatcherServlet'
2023-06-20T00:05:38.239+02:00  INFO 24868 --- [o-auto-8-exec-6] o.s.web.servlet.DispatcherServlet        : Initializing Servlet 'dispatcherServlet'
2023-06-20T00:05:38.240+02:00  INFO 24868 --- [o-auto-8-exec-6] o.s.web.servlet.DispatcherServlet        : Completed initialization in 1 ms
2023-06-20T00:05:38.349+02:00  INFO 24868 --- [    Test worker] o.apache.catalina.core.StandardService   : Stopping service [Tomcat]
2023-06-20T00:05:38.349+02:00  INFO 24868 --- [    Test worker] o.a.c.c.C.[Tomcat].[localhost].[/]       : Destroying Spring FrameworkServlet 'dispatcherServlet'
2023-06-20T00:05:40.419+02:00  INFO 24868 --- [    Test worker] j.LocalContainerEntityManagerFactoryBean : Closing JPA EntityManagerFactory for persistence unit 'default'
2023-06-20T00:05:40.419+02:00  INFO 24868 --- [    Test worker] .SchemaDropperImpl$DelayedDropActionImpl : HHH000477: Starting delayed evictData of schema as part of SessionFactory shut-down'
2023-06-20T00:05:40.444+02:00  INFO 24868 --- [    Test worker] com.zaxxer.hikari.HikariDataSource       : HikariPool-8 - Shutdown initiated...
2023-06-20T00:05:40.451+02:00  INFO 24868 --- [    Test worker] com.zaxxer.hikari.HikariDataSource       : HikariPool-8 - Shutdown completed.

  .   ____          _            __ _ _
 /\\ / ___'_ __ _ _(_)_ __  __ _ \ \ \ \
( ( )\___ | '_ | '_| | '_ \/ _` | \ \ \ \
 \\/  ___)| |_)| | | | | || (_| |  ) ) ) )
  '  |____| .__|_| |_|_| |_\__, | / / / /
 =========|_|==============|___/=/_/_/_/
 :: Spring Boot ::                (v3.1.0)

2023-06-20T00:05:40.490+02:00  INFO 24868 --- [    Test worker] c.s.r.controller.RecipeControllerTest    : Starting RecipeControllerTest using Java 17.0.6 with PID 24868 (started by kubas in C:\SOFTWARE MINDS ZADANKO\recipemanager)
2023-06-20T00:05:40.490+02:00  INFO 24868 --- [    Test worker] c.s.r.controller.RecipeControllerTest    : No active profile set, falling back to 1 default profile: "default"
2023-06-20T00:05:40.808+02:00  INFO 24868 --- [    Test worker] .s.d.r.c.RepositoryConfigurationDelegate : Bootstrapping Spring Data JPA repositories in DEFAULT mode.
2023-06-20T00:05:40.836+02:00  INFO 24868 --- [    Test worker] .s.d.r.c.RepositoryConfigurationDelegate : Finished Spring Data repository scanning in 27 ms. Found 4 JPA repository interfaces.
2023-06-20T00:05:40.917+02:00  INFO 24868 --- [    Test worker] o.s.b.w.embedded.tomcat.TomcatWebServer  : Tomcat initialized with port(s): 0 (http)
2023-06-20T00:05:40.918+02:00  INFO 24868 --- [    Test worker] o.apache.catalina.core.StandardService   : Starting service [Tomcat]
2023-06-20T00:05:40.918+02:00  INFO 24868 --- [    Test worker] o.apache.catalina.core.StandardEngine    : Starting Servlet engine: [Apache Tomcat/10.1.8]
2023-06-20T00:05:40.970+02:00  INFO 24868 --- [    Test worker] o.a.c.c.C.[Tomcat].[localhost].[/]       : Initializing Spring embedded WebApplicationContext
2023-06-20T00:05:40.970+02:00  INFO 24868 --- [    Test worker] w.s.c.ServletWebServerApplicationContext : Root WebApplicationContext: initialization completed in 477 ms
2023-06-20T00:05:41.035+02:00  INFO 24868 --- [    Test worker] o.hibernate.jpa.internal.util.LogHelper  : HHH000204: Processing PersistenceUnitInfo [name: default]
2023-06-20T00:05:41.046+02:00  INFO 24868 --- [    Test worker] o.h.b.i.BytecodeProviderInitiator        : HHH000021: Bytecode provider name : bytebuddy
2023-06-20T00:05:41.047+02:00  INFO 24868 --- [    Test worker] o.s.o.j.p.SpringPersistenceUnitInfo      : No LoadTimeWeaver setup: ignoring JPA class transformer
2023-06-20T00:05:41.048+02:00  INFO 24868 --- [    Test worker] com.zaxxer.hikari.HikariDataSource       : HikariPool-9 - Starting...
2023-06-20T00:05:41.096+02:00  INFO 24868 --- [    Test worker] com.zaxxer.hikari.pool.HikariPool        : HikariPool-9 - Added connection org.postgresql.jdbc.PgConnection@5e54f7df
2023-06-20T00:05:41.096+02:00  INFO 24868 --- [    Test worker] com.zaxxer.hikari.HikariDataSource       : HikariPool-9 - Start completed.
2023-06-20T00:05:41.110+02:00  INFO 24868 --- [    Test worker] org.hibernate.orm.dialect                : HHH035001: Using dialect: org.hibernate.dialect.PostgreSQLDialect, version: org.hibernate.engine.jdbc.env.internal.JdbcEnvironmentInitiator$DialectResolutionInfoImpl@53568b43
2023-06-20T00:05:41.141+02:00  INFO 24868 --- [    Test worker] o.h.b.i.BytecodeProviderInitiator        : HHH000021: Bytecode provider name : bytebuddy
2023-06-20T00:05:41.197+02:00  INFO 24868 --- [    Test worker] o.h.e.t.j.p.i.JtaPlatformInitiator       : HHH000490: Using JtaPlatform implementation: [org.hibernate.engine.transaction.jta.platform.internal.NoJtaPlatform]
2023-06-20T00:05:41.200+02:00  WARN 24868 --- [    Test worker] o.h.engine.jdbc.spi.SqlExceptionHelper   : SQL Warning Code: 0, SQLState: 00000
2023-06-20T00:05:41.200+02:00  WARN 24868 --- [    Test worker] o.h.engine.jdbc.spi.SqlExceptionHelper   : relation "amount" does not exist, skipping
2023-06-20T00:05:41.202+02:00  WARN 24868 --- [    Test worker] o.h.engine.jdbc.spi.SqlExceptionHelper   : SQL Warning Code: 0, SQLState: 00000
2023-06-20T00:05:41.202+02:00  WARN 24868 --- [    Test worker] o.h.engine.jdbc.spi.SqlExceptionHelper   : relation "amount" does not exist, skipping
2023-06-20T00:05:41.203+02:00  WARN 24868 --- [    Test worker] o.h.engine.jdbc.spi.SqlExceptionHelper   : SQL Warning Code: 0, SQLState: 00000
2023-06-20T00:05:41.203+02:00  WARN 24868 --- [    Test worker] o.h.engine.jdbc.spi.SqlExceptionHelper   : relation "ingredient" does not exist, skipping
2023-06-20T00:05:41.205+02:00  WARN 24868 --- [    Test worker] o.h.engine.jdbc.spi.SqlExceptionHelper   : SQL Warning Code: 0, SQLState: 00000
2023-06-20T00:05:41.206+02:00  WARN 24868 --- [    Test worker] o.h.engine.jdbc.spi.SqlExceptionHelper   : relation "step" does not exist, skipping
2023-06-20T00:05:41.207+02:00  WARN 24868 --- [    Test worker] o.h.engine.jdbc.spi.SqlExceptionHelper   : SQL Warning Code: 0, SQLState: 00000
2023-06-20T00:05:41.208+02:00  WARN 24868 --- [    Test worker] o.h.engine.jdbc.spi.SqlExceptionHelper   : table "amount" does not exist, skipping
2023-06-20T00:05:41.209+02:00  WARN 24868 --- [    Test worker] o.h.engine.jdbc.spi.SqlExceptionHelper   : SQL Warning Code: 0, SQLState: 00000
2023-06-20T00:05:41.209+02:00  WARN 24868 --- [    Test worker] o.h.engine.jdbc.spi.SqlExceptionHelper   : table "ingredient" does not exist, skipping
2023-06-20T00:05:41.212+02:00  WARN 24868 --- [    Test worker] o.h.engine.jdbc.spi.SqlExceptionHelper   : SQL Warning Code: 0, SQLState: 00000
2023-06-20T00:05:41.212+02:00  WARN 24868 --- [    Test worker] o.h.engine.jdbc.spi.SqlExceptionHelper   : table "recipe" does not exist, skipping
2023-06-20T00:05:41.213+02:00  WARN 24868 --- [    Test worker] o.h.engine.jdbc.spi.SqlExceptionHelper   : SQL Warning Code: 0, SQLState: 00000
2023-06-20T00:05:41.214+02:00  WARN 24868 --- [    Test worker] o.h.engine.jdbc.spi.SqlExceptionHelper   : table "step" does not exist, skipping
2023-06-20T00:05:41.512+02:00  INFO 24868 --- [    Test worker] o.h.t.s.i.e.GenerationTargetToDatabase   : HHH000476: Executing script '[injected ScriptSourceInputNonExistentImpl script]'
2023-06-20T00:05:41.513+02:00  INFO 24868 --- [    Test worker] j.LocalContainerEntityManagerFactoryBean : Initialized JPA EntityManagerFactory for persistence unit 'default'
2023-06-20T00:05:41.646+02:00  WARN 24868 --- [    Test worker] JpaBaseConfiguration$JpaWebConfiguration : spring.jpa.open-in-view is enabled by default. Therefore, database queries may be performed during view rendering. Explicitly configure spring.jpa.open-in-view to disable this warning
2023-06-20T00:05:41.884+02:00  INFO 24868 --- [    Test worker] o.s.b.a.e.web.EndpointLinksResolver      : Exposing 1 endpoint(s) beneath base path '/actuator'
[...]
2023-06-20T00:06:06.681+02:00  WARN 24868 --- [    Test worker] o.h.engine.jdbc.spi.SqlExceptionHelper   : SQL Warning Code: 0, SQLState: 00000
2023-06-20T00:06:06.681+02:00  WARN 24868 --- [    Test worker] o.h.engine.jdbc.spi.SqlExceptionHelper   : table "recipe" does not exist, skipping
2023-06-20T00:06:06.684+02:00  WARN 24868 --- [    Test worker] o.h.engine.jdbc.spi.SqlExceptionHelper   : SQL Warning Code: 0, SQLState: 00000
2023-06-20T00:06:06.684+02:00  WARN 24868 --- [    Test worker] o.h.engine.jdbc.spi.SqlExceptionHelper   : table "step" does not exist, skipping
2023-06-20T00:06:06.719+02:00  INFO 24868 --- [    Test worker] o.h.t.s.i.e.GenerationTargetToDatabase   : HHH000476: Executing script '[injected ScriptSourceInputNonExistentImpl script]'
2023-06-20T00:06:06.720+02:00  INFO 24868 --- [    Test worker] j.LocalContainerEntityManagerFactoryBean : Initialized JPA EntityManagerFactory for persistence unit 'default'
2023-06-20T00:06:06.821+02:00  WARN 24868 --- [    Test worker] JpaBaseConfiguration$JpaWebConfiguration : spring.jpa.open-in-view is enabled by default. Therefore, database queries may be performed during view rendering. Explicitly configure spring.jpa.open-in-view to disable this warning
2023-06-20T00:06:07.038+02:00  INFO 24868 --- [    Test worker] o.s.b.a.e.web.EndpointLinksResolver      : Exposing 1 endpoint(s) beneath base path '/actuator'
2023-06-20T00:06:07.065+02:00  INFO 24868 --- [    Test worker] o.s.b.w.embedded.tomcat.TomcatWebServer  : Tomcat started on port(s): 59417 (http) with context path ''
2023-06-20T00:06:07.071+02:00  INFO 24868 --- [    Test worker] c.s.r.controller.RecipeControllerTest    : Started RecipeControllerTest in 1.124 seconds (process running for 119.789)
2023-06-20T00:06:07.262+02:00  INFO 24868 --- [-auto-16-exec-1] o.a.c.c.C.[Tomcat].[localhost].[/]       : Initializing Spring DispatcherServlet 'dispatcherServlet'
2023-06-20T00:06:07.263+02:00  INFO 24868 --- [-auto-16-exec-1] o.s.web.servlet.DispatcherServlet        : Initializing Servlet 'dispatcherServlet'
2023-06-20T00:06:07.264+02:00  INFO 24868 --- [-auto-16-exec-1] o.s.web.servlet.DispatcherServlet        : Completed initialization in 1 ms
2023-06-20T00:06:07.321+02:00  INFO 24868 --- [    Test worker] o.apache.catalina.core.StandardService   : Stopping service [Tomcat]
2023-06-20T00:06:07.321+02:00  INFO 24868 --- [    Test worker] o.a.c.c.C.[Tomcat].[localhost].[/]       : Destroying Spring FrameworkServlet 'dispatcherServlet'
2023-06-20T00:06:09.408+02:00  INFO 24868 --- [    Test worker] j.LocalContainerEntityManagerFactoryBean : Closing JPA EntityManagerFactory for persistence unit 'default'
2023-06-20T00:06:09.408+02:00  INFO 24868 --- [    Test worker] .SchemaDropperImpl$DelayedDropActionImpl : HHH000477: Starting delayed evictData of schema as part of SessionFactory shut-down'
2023-06-20T00:06:09.477+02:00  INFO 24868 --- [    Test worker] com.zaxxer.hikari.HikariDataSource       : HikariPool-16 - Shutdown initiated...
2023-06-20T00:06:09.484+02:00  INFO 24868 --- [    Test worker] com.zaxxer.hikari.HikariDataSource       : HikariPool-16 - Shutdown completed.

  .   ____          _            __ _ _
 /\\ / ___'_ __ _ _(_)_ __  __ _ \ \ \ \
( ( )\___ | '_ | '_| | '_ \/ _` | \ \ \ \
 \\/  ___)| |_)| | | | | || (_| |  ) ) ) )
  '  |____| .__|_| |_|_| |_\__, | / / / /
 =========|_|==============|___/=/_/_/_/
 :: Spring Boot ::                (v3.1.0)

2023-06-20T00:06:09.516+02:00  INFO 24868 --- [    Test worker] c.s.r.controller.RecipeControllerTest    : Starting RecipeControllerTest using Java 17.0.6 with PID 24868 (started by kubas in C:\SOFTWARE MINDS ZADANKO\recipemanager)
2023-06-20T00:06:09.516+02:00  INFO 24868 --- [    Test worker] c.s.r.controller.RecipeControllerTest    : No active profile set, falling back to 1 default profile: "default"
2023-06-20T00:06:09.787+02:00  INFO 24868 --- [    Test worker] .s.d.r.c.RepositoryConfigurationDelegate : Bootstrapping Spring Data JPA repositories in DEFAULT mode.
2023-06-20T00:06:09.803+02:00  INFO 24868 --- [    Test worker] .s.d.r.c.RepositoryConfigurationDelegate : Finished Spring Data repository scanning in 15 ms. Found 4 JPA repository interfaces.
2023-06-20T00:06:09.879+02:00  INFO 24868 --- [    Test worker] o.s.b.w.embedded.tomcat.TomcatWebServer  : Tomcat initialized with port(s): 0 (http)
2023-06-20T00:06:09.879+02:00  INFO 24868 --- [    Test worker] o.apache.catalina.core.StandardService   : Starting service [Tomcat]
2023-06-20T00:06:09.880+02:00  INFO 24868 --- [    Test worker] o.apache.catalina.core.StandardEngine    : Starting Servlet engine: [Apache Tomcat/10.1.8]
2023-06-20T00:06:09.974+02:00  INFO 24868 --- [    Test worker] o.a.c.c.C.[Tomcat].[localhost].[/]       : Initializing Spring embedded WebApplicationContext
2023-06-20T00:06:09.974+02:00  INFO 24868 --- [    Test worker] w.s.c.ServletWebServerApplicationContext : Root WebApplicationContext: initialization completed in 457 ms
2023-06-20T00:06:10.051+02:00  INFO 24868 --- [    Test worker] o.hibernate.jpa.internal.util.LogHelper  : HHH000204: Processing PersistenceUnitInfo [name: default]
2023-06-20T00:06:10.061+02:00  INFO 24868 --- [    Test worker] o.h.b.i.BytecodeProviderInitiator        : HHH000021: Bytecode provider name : bytebuddy
2023-06-20T00:06:10.061+02:00  INFO 24868 --- [    Test worker] o.s.o.j.p.SpringPersistenceUnitInfo      : No LoadTimeWeaver setup: ignoring JPA class transformer
2023-06-20T00:06:10.062+02:00  INFO 24868 --- [    Test worker] com.zaxxer.hikari.HikariDataSource       : HikariPool-17 - Starting...
2023-06-20T00:06:10.106+02:00  INFO 24868 --- [    Test worker] com.zaxxer.hikari.pool.HikariPool        : HikariPool-17 - Added connection org.postgresql.jdbc.PgConnection@748c63cc
2023-06-20T00:06:10.106+02:00  INFO 24868 --- [    Test worker] com.zaxxer.hikari.HikariDataSource       : HikariPool-17 - Start completed.
2023-06-20T00:06:10.113+02:00  INFO 24868 --- [    Test worker] org.hibernate.orm.dialect                : HHH035001: Using dialect: org.hibernate.dialect.PostgreSQLDialect, version: org.hibernate.engine.jdbc.env.internal.JdbcEnvironmentInitiator$DialectResolutionInfoImpl@11f11e95
2023-06-20T00:06:10.132+02:00  INFO 24868 --- [    Test worker] o.h.b.i.BytecodeProviderInitiator        : HHH000021: Bytecode provider name : bytebuddy
2023-06-20T00:06:10.176+02:00  INFO 24868 --- [    Test worker] o.h.e.t.j.p.i.JtaPlatformInitiator       : HHH000490: Using JtaPlatform implementation: [org.hibernate.engine.transaction.jta.platform.internal.NoJtaPlatform]
2023-06-20T00:06:10.178+02:00  WARN 24868 --- [    Test worker] o.h.engine.jdbc.spi.SqlExceptionHelper   : SQL Warning Code: 0, SQLState: 00000
2023-06-20T00:06:10.179+02:00  WARN 24868 --- [    Test worker] o.h.engine.jdbc.spi.SqlExceptionHelper   : relation "amount" does not exist, skipping
2023-06-20T00:06:10.181+02:00  WARN 24868 --- [    Test worker] o.h.engine.jdbc.spi.SqlExceptionHelper   : SQL Warning Code: 0, SQLState: 00000
2023-06-20T00:06:10.181+02:00  WARN 24868 --- [    Test worker] o.h.engine.jdbc.spi.SqlExceptionHelper   : relation "amount" does not exist, skipping
2023-06-20T00:06:10.183+02:00  WARN 24868 --- [    Test worker] o.h.engine.jdbc.spi.SqlExceptionHelper   : SQL Warning Code: 0, SQLState: 00000
2023-06-20T00:06:10.183+02:00  WARN 24868 --- [    Test worker] o.h.engine.jdbc.spi.SqlExceptionHelper   : relation "ingredient" does not exist, skipping
2023-06-20T00:06:10.185+02:00  WARN 24868 --- [    Test worker] o.h.engine.jdbc.spi.SqlExceptionHelper   : SQL Warning Code: 0, SQLState: 00000
2023-06-20T00:06:10.185+02:00  WARN 24868 --- [    Test worker] o.h.engine.jdbc.spi.SqlExceptionHelper   : relation "step" does not exist, skipping
2023-06-20T00:06:10.187+02:00  WARN 24868 --- [    Test worker] o.h.engine.jdbc.spi.SqlExceptionHelper   : SQL Warning Code: 0, SQLState: 00000
2023-06-20T00:06:10.187+02:00  WARN 24868 --- [    Test worker] o.h.engine.jdbc.spi.SqlExceptionHelper   : table "amount" does not exist, skipping
2023-06-20T00:06:10.189+02:00  WARN 24868 --- [    Test worker] o.h.engine.jdbc.spi.SqlExceptionHelper   : SQL Warning Code: 0, SQLState: 00000
2023-06-20T00:06:10.189+02:00  WARN 24868 --- [    Test worker] o.h.engine.jdbc.spi.SqlExceptionHelper   : table "ingredient" does not exist, skipping
2023-06-20T00:06:10.191+02:00  WARN 24868 --- [    Test worker] o.h.engine.jdbc.spi.SqlExceptionHelper   : SQL Warning Code: 0, SQLState: 00000
2023-06-20T00:06:10.191+02:00  WARN 24868 --- [    Test worker] o.h.engine.jdbc.spi.SqlExceptionHelper   : table "recipe" does not exist, skipping
2023-06-20T00:06:10.193+02:00  WARN 24868 --- [    Test worker] o.h.engine.jdbc.spi.SqlExceptionHelper   : SQL Warning Code: 0, SQLState: 00000
2023-06-20T00:06:10.193+02:00  WARN 24868 --- [    Test worker] o.h.engine.jdbc.spi.SqlExceptionHelper   : table "step" does not exist, skipping
2023-06-20T00:06:10.229+02:00  INFO 24868 --- [    Test worker] o.h.t.s.i.e.GenerationTargetToDatabase   : HHH000476: Executing script '[injected ScriptSourceInputNonExistentImpl script]'
2023-06-20T00:06:10.229+02:00  INFO 24868 --- [    Test worker] j.LocalContainerEntityManagerFactoryBean : Initialized JPA EntityManagerFactory for persistence unit 'default'
2023-06-20T00:06:10.322+02:00  WARN 24868 --- [    Test worker] JpaBaseConfiguration$JpaWebConfiguration : spring.jpa.open-in-view is enabled by default. Therefore, database queries may be performed during view rendering. Explicitly configure spring.jpa.open-in-view to disable this warning
2023-06-20T00:06:10.493+02:00  INFO 24868 --- [    Test worker] o.s.b.a.e.web.EndpointLinksResolver      : Exposing 1 endpoint(s) beneath base path '/actuator'
2023-06-20T00:06:10.527+02:00  INFO 24868 --- [    Test worker] o.s.b.w.embedded.tomcat.TomcatWebServer  : Tomcat started on port(s): 59429 (http) with context path ''
2023-06-20T00:06:10.537+02:00  INFO 24868 --- [    Test worker] c.s.r.controller.RecipeControllerTest    : Started RecipeControllerTest in 1.049 seconds (process running for 123.255)
2023-06-20T00:06:10.808+02:00  INFO 24868 --- [-auto-17-exec-1] o.a.c.c.C.[Tomcat].[localhost].[/]       : Initializing Spring DispatcherServlet 'dispatcherServlet'
2023-06-20T00:06:10.808+02:00  INFO 24868 --- [-auto-17-exec-1] o.s.web.servlet.DispatcherServlet        : Initializing Servlet 'dispatcherServlet'
2023-06-20T00:06:10.809+02:00  INFO 24868 --- [-auto-17-exec-1] o.s.web.servlet.DispatcherServlet        : Completed initialization in 1 ms
2023-06-20T00:06:10.843+02:00  INFO 24868 --- [    Test worker] o.apache.catalina.core.StandardService   : Stopping service [Tomcat]
2023-06-20T00:06:10.843+02:00  INFO 24868 --- [    Test worker] o.a.c.c.C.[Tomcat].[localhost].[/]       : Destroying Spring FrameworkServlet 'dispatcherServlet'
2023-06-20T00:06:12.938+02:00  INFO 24868 --- [    Test worker] j.LocalContainerEntityManagerFactoryBean : Closing JPA EntityManagerFactory for persistence unit 'default'
2023-06-20T00:06:12.938+02:00  INFO 24868 --- [    Test worker] .SchemaDropperImpl$DelayedDropActionImpl : HHH000477: Starting delayed evictData of schema as part of SessionFactory shut-down'
2023-06-20T00:06:12.966+02:00  INFO 24868 --- [    Test worker] com.zaxxer.hikari.HikariDataSource       : HikariPool-17 - Shutdown initiated...
2023-06-20T00:06:12.974+02:00  INFO 24868 --- [    Test worker] com.zaxxer.hikari.HikariDataSource       : HikariPool-17 - Shutdown completed.

  .   ____          _            __ _ _
 /\\ / ___'_ __ _ _(_)_ __  __ _ \ \ \ \
( ( )\___ | '_ | '_| | '_ \/ _` | \ \ \ \
 \\/  ___)| |_)| | | | | || (_| |  ) ) ) )
  '  |____| .__|_| |_|_| |_\__, | / / / /
 =========|_|==============|___/=/_/_/_/
 :: Spring Boot ::                (v3.1.0)

2023-06-20T00:06:13.005+02:00  INFO 24868 --- [    Test worker] c.s.r.controller.RecipeControllerTest    : Starting RecipeControllerTest using Java 17.0.6 with PID 24868 (started by kubas in C:\SOFTWARE MINDS ZADANKO\recipemanager)
2023-06-20T00:06:13.005+02:00  INFO 24868 --- [    Test worker] c.s.r.controller.RecipeControllerTest    : No active profile set, falling back to 1 default profile: "default"
2023-06-20T00:06:13.274+02:00  INFO 24868 --- [    Test worker] .s.d.r.c.RepositoryConfigurationDelegate : Bootstrapping Spring Data JPA repositories in DEFAULT mode.
2023-06-20T00:06:13.291+02:00  INFO 24868 --- [    Test worker] .s.d.r.c.RepositoryConfigurationDelegate : Finished Spring Data repository scanning in 16 ms. Found 4 JPA repository interfaces.
2023-06-20T00:06:13.355+02:00  INFO 24868 --- [    Test worker] o.s.b.w.embedded.tomcat.TomcatWebServer  : Tomcat initialized with port(s): 0 (http)
2023-06-20T00:06:13.356+02:00  INFO 24868 --- [    Test worker] o.apache.catalina.core.StandardService   : Starting service [Tomcat]
2023-06-20T00:06:13.357+02:00  INFO 24868 --- [    Test worker] o.apache.catalina.core.StandardEngine    : Starting Servlet engine: [Apache Tomcat/10.1.8]
2023-06-20T00:06:13.400+02:00  INFO 24868 --- [    Test worker] o.a.c.c.C.[Tomcat].[localhost].[/]       : Initializing Spring embedded WebApplicationContext
2023-06-20T00:06:13.400+02:00  INFO 24868 --- [    Test worker] w.s.c.ServletWebServerApplicationContext : Root WebApplicationContext: initialization completed in 393 ms
2023-06-20T00:06:13.474+02:00  INFO 24868 --- [    Test worker] o.hibernate.jpa.internal.util.LogHelper  : HHH000204: Processing PersistenceUnitInfo [name: default]
2023-06-20T00:06:13.488+02:00  INFO 24868 --- [    Test worker] o.h.b.i.BytecodeProviderInitiator        : HHH000021: Bytecode provider name : bytebuddy
2023-06-20T00:06:13.488+02:00  INFO 24868 --- [    Test worker] o.s.o.j.p.SpringPersistenceUnitInfo      : No LoadTimeWeaver setup: ignoring JPA class transformer
2023-06-20T00:06:13.490+02:00  INFO 24868 --- [    Test worker] com.zaxxer.hikari.HikariDataSource       : HikariPool-18 - Starting...
2023-06-20T00:06:13.515+02:00  INFO 24868 --- [    Test worker] com.zaxxer.hikari.pool.HikariPool        : HikariPool-18 - Added connection org.postgresql.jdbc.PgConnection@b426526
2023-06-20T00:06:13.516+02:00  INFO 24868 --- [    Test worker] com.zaxxer.hikari.HikariDataSource       : HikariPool-18 - Start completed.
2023-06-20T00:06:13.522+02:00  INFO 24868 --- [    Test worker] org.hibernate.orm.dialect                : HHH035001: Using dialect: org.hibernate.dialect.PostgreSQLDialect, version: org.hibernate.engine.jdbc.env.internal.JdbcEnvironmentInitiator$DialectResolutionInfoImpl@1a1bebf9
2023-06-20T00:06:13.545+02:00  INFO 24868 --- [    Test worker] o.h.b.i.BytecodeProviderInitiator        : HHH000021: Bytecode provider name : bytebuddy
2023-06-20T00:06:13.585+02:00  INFO 24868 --- [    Test worker] o.h.e.t.j.p.i.JtaPlatformInitiator       : HHH000490: Using JtaPlatform implementation: [org.hibernate.engine.transaction.jta.platform.internal.NoJtaPlatform]
2023-06-20T00:06:13.588+02:00  WARN 24868 --- [    Test worker] o.h.engine.jdbc.spi.SqlExceptionHelper   : SQL Warning Code: 0, SQLState: 00000
2023-06-20T00:06:13.588+02:00  WARN 24868 --- [    Test worker] o.h.engine.jdbc.spi.SqlExceptionHelper   : relation "amount" does not exist, skipping
2023-06-20T00:06:13.590+02:00  WARN 24868 --- [    Test worker] o.h.engine.jdbc.spi.SqlExceptionHelper   : SQL Warning Code: 0, SQLState: 00000
2023-06-20T00:06:13.590+02:00  WARN 24868 --- [    Test worker] o.h.engine.jdbc.spi.SqlExceptionHelper   : relation "amount" does not exist, skipping
2023-06-20T00:06:13.592+02:00  WARN 24868 --- [    Test worker] o.h.engine.jdbc.spi.SqlExceptionHelper   : SQL Warning Code: 0, SQLState: 00000
2023-06-20T00:06:13.593+02:00  WARN 24868 --- [    Test worker] o.h.engine.jdbc.spi.SqlExceptionHelper   : relation "ingredient" does not exist, skipping
2023-06-20T00:06:13.595+02:00  WARN 24868 --- [    Test worker] o.h.engine.jdbc.spi.SqlExceptionHelper   : SQL Warning Code: 0, SQLState: 00000
2023-06-20T00:06:13.595+02:00  WARN 24868 --- [    Test worker] o.h.engine.jdbc.spi.SqlExceptionHelper   : relation "step" does not exist, skipping
2023-06-20T00:06:13.597+02:00  WARN 24868 --- [    Test worker] o.h.engine.jdbc.spi.SqlExceptionHelper   : SQL Warning Code: 0, SQLState: 00000
2023-06-20T00:06:13.597+02:00  WARN 24868 --- [    Test worker] o.h.engine.jdbc.spi.SqlExceptionHelper   : table "amount" does not exist, skipping
2023-06-20T00:06:13.598+02:00  WARN 24868 --- [    Test worker] o.h.engine.jdbc.spi.SqlExceptionHelper   : SQL Warning Code: 0, SQLState: 00000
2023-06-20T00:06:13.599+02:00  WARN 24868 --- [    Test worker] o.h.engine.jdbc.spi.SqlExceptionHelper   : table "ingredient" does not exist, skipping
2023-06-20T00:06:13.601+02:00  WARN 24868 --- [    Test worker] o.h.engine.jdbc.spi.SqlExceptionHelper   : SQL Warning Code: 0, SQLState: 00000
2023-06-20T00:06:13.601+02:00  WARN 24868 --- [    Test worker] o.h.engine.jdbc.spi.SqlExceptionHelper   : table "recipe" does not exist, skipping
2023-06-20T00:06:13.603+02:00  WARN 24868 --- [    Test worker] o.h.engine.jdbc.spi.SqlExceptionHelper   : SQL Warning Code: 0, SQLState: 00000
2023-06-20T00:06:13.603+02:00  WARN 24868 --- [    Test worker] o.h.engine.jdbc.spi.SqlExceptionHelper   : table "step" does not exist, skipping
2023-06-20T00:06:13.635+02:00  INFO 24868 --- [    Test worker] o.h.t.s.i.e.GenerationTargetToDatabase   : HHH000476: Executing script '[injected ScriptSourceInputNonExistentImpl script]'
2023-06-20T00:06:13.635+02:00  INFO 24868 --- [    Test worker] j.LocalContainerEntityManagerFactoryBean : Initialized JPA EntityManagerFactory for persistence unit 'default'
2023-06-20T00:06:13.729+02:00  WARN 24868 --- [    Test worker] JpaBaseConfiguration$JpaWebConfiguration : spring.jpa.open-in-view is enabled by default. Therefore, database queries may be performed during view rendering. Explicitly configure spring.jpa.open-in-view to disable this warning
2023-06-20T00:06:13.917+02:00  INFO 24868 --- [    Test worker] o.s.b.a.e.web.EndpointLinksResolver      : Exposing 1 endpoint(s) beneath base path '/actuator'
2023-06-20T00:06:13.949+02:00  INFO 24868 --- [    Test worker] o.s.b.w.embedded.tomcat.TomcatWebServer  : Tomcat started on port(s): 59446 (http) with context path ''
2023-06-20T00:06:13.958+02:00  INFO 24868 --- [    Test worker] c.s.r.controller.RecipeControllerTest    : Started RecipeControllerTest in 0.979 seconds (process running for 126.676)
2023-06-20T00:06:14.170+02:00  INFO 24868 --- [-auto-18-exec-1] o.a.c.c.C.[Tomcat].[localhost].[/]       : Initializing Spring DispatcherServlet 'dispatcherServlet'
2023-06-20T00:06:14.170+02:00  INFO 24868 --- [-auto-18-exec-1] o.s.web.servlet.DispatcherServlet        : Initializing Servlet 'dispatcherServlet'
2023-06-20T00:06:14.172+02:00  INFO 24868 --- [-auto-18-exec-1] o.s.web.servlet.DispatcherServlet        : Completed initialization in 2 ms
2023-06-20T00:06:14.207+02:00  INFO 24868 --- [    Test worker] o.apache.catalina.core.StandardService   : Stopping service [Tomcat]
2023-06-20T00:06:14.207+02:00  INFO 24868 --- [    Test worker] o.a.c.c.C.[Tomcat].[localhost].[/]       : Destroying Spring FrameworkServlet 'dispatcherServlet'
2023-06-20T00:06:16.301+02:00  INFO 24868 --- [    Test worker] j.LocalContainerEntityManagerFactoryBean : Closing JPA EntityManagerFactory for persistence unit 'default'
2023-06-20T00:06:16.301+02:00  INFO 24868 --- [    Test worker] .SchemaDropperImpl$DelayedDropActionImpl : HHH000477: Starting delayed evictData of schema as part of SessionFactory shut-down'
2023-06-20T00:06:16.332+02:00  INFO 24868 --- [    Test worker] com.zaxxer.hikari.HikariDataSource       : HikariPool-18 - Shutdown initiated...
2023-06-20T00:06:16.337+02:00  INFO 24868 --- [    Test worker] com.zaxxer.hikari.HikariDataSource       : HikariPool-18 - Shutdown completed.
]]></system-out>
  <system-err><![CDATA[]]></system-err>
</testsuite>
