<?xml version="1.0" encoding="UTF-8"?>
<testsuite name="com.recipemanager.controller.RecipeControllerTest" tests="18" skipped="0" failures="0" errors="0" timestamp="2023-09-08T11:09:45" hostname="LAPTOP" time="60.043">
  <properties/>
  <testcase name="getRecipesFilterByName_validNameUpperCase_properEntity()" classname="com.recipemanager.controller.RecipeControllerTest" time="4.396"/>
  <testcase name="getRecipesFilterByName_inValidName_emptyList()" classname="com.recipemanager.controller.RecipeControllerTest" time="3.751"/>
  <testcase name="getRecipeById_validId_properEntity()" classname="com.recipemanager.controller.RecipeControllerTest" time="3.665"/>
  <testcase name="getAllRecipesWithPagination_firstPageSize0_badRequest()" classname="com.recipemanager.controller.RecipeControllerTest" time="3.498"/>
  <testcase name="getRecipesIngredients_validId_properListOfIngredients()" classname="com.recipemanager.controller.RecipeControllerTest" time="3.369"/>
  <testcase name="getAllRecipes_void_properListOfEntities()" classname="com.recipemanager.controller.RecipeControllerTest" time="3.779"/>
  <testcase name="getAllRecipesWithPagination_firstPageSize6_properListWithProperSize()" classname="com.recipemanager.controller.RecipeControllerTest" time="3.382"/>
  <testcase name="deleteRecipe_validId_properlyDeletedResource()" classname="com.recipemanager.controller.RecipeControllerTest" time="3.232"/>
  <testcase name="getRecipesFilterByName_validName_properEntity()" classname="com.recipemanager.controller.RecipeControllerTest" time="3.397"/>
  <testcase name="getRecipesFilterByName_validNameLowerCase_properEntity()" classname="com.recipemanager.controller.RecipeControllerTest" time="2.993"/>
  <testcase name="putRecipe_recipeWithInvalidId_statusNotFound()" classname="com.recipemanager.controller.RecipeControllerTest" time="3.044"/>
  <testcase name="getRecipesFilterByName_validNamePrefix_properEntities()" classname="com.recipemanager.controller.RecipeControllerTest" time="3.002"/>
  <testcase name="getAllRecipesWithPagination_firstPage_properListOfRecipes()" classname="com.recipemanager.controller.RecipeControllerTest" time="2.924"/>
  <testcase name="putRecipe_properRecipeObject_properlyUpdatedResource()" classname="com.recipemanager.controller.RecipeControllerTest" time="3.098"/>
  <testcase name="getRecipeById_inValidId_statusNotFound()" classname="com.recipemanager.controller.RecipeControllerTest" time="2.929"/>
  <testcase name="postRecipe()" classname="com.recipemanager.controller.RecipeControllerTest" time="3.39"/>
  <testcase name="getRecipesIngredients_inValidId_statusNotFound()" classname="com.recipemanager.controller.RecipeControllerTest" time="3.022"/>
  <testcase name="deleteRecipe_inValidId_statusNotFound()" classname="com.recipemanager.controller.RecipeControllerTest" time="3.154"/>
  <system-out><![CDATA[13:07:56.073 [Test worker] INFO org.testcontainers.utility.ImageNameSubstitutor -- Image name substitution will be performed by: DefaultImageNameSubstitutor (composite of 'ConfigurationFileImageNameSubstitutor' and 'PrefixingImageNameSubstitutor')
13:07:56.208 [Test worker] INFO org.springframework.test.context.support.AnnotationConfigContextLoaderUtils -- Could not detect default configuration classes for test class [com.recipemanager.controller.RecipeControllerTest]: RecipeControllerTest does not declare any static, non-private, non-final, nested classes annotated with @Configuration.
13:07:56.374 [Test worker] INFO org.springframework.boot.test.context.SpringBootTestContextBootstrapper -- Found @SpringBootConfiguration com.recipemanager.RecipeManagerApplication for test class com.recipemanager.controller.RecipeControllerTest

  .   ____          _            __ _ _
 /\\ / ___'_ __ _ _(_)_ __  __ _ \ \ \ \
( ( )\___ | '_ | '_| | '_ \/ _` | \ \ \ \
 \\/  ___)| |_)| | | | | || (_| |  ) ) ) )
  '  |____| .__|_| |_|_| |_\__, | / / / /
 =========|_|==============|___/=/_/_/_/
 :: Spring Boot ::                (v3.1.0)

2023-09-08T13:07:57.420+02:00  INFO 32588 --- [    Test worker] o.t.d.DockerClientProviderStrategy       : Loaded org.testcontainers.dockerclient.NpipeSocketClientProviderStrategy from ~/.testcontainers.properties, will try it first
2023-09-08T13:07:57.793+02:00  INFO 32588 --- [    Test worker] o.t.d.DockerClientProviderStrategy       : Found Docker environment with local Npipe socket (npipe:////./pipe/docker_engine)
2023-09-08T13:07:57.794+02:00  INFO 32588 --- [    Test worker] org.testcontainers.DockerClientFactory   : Docker host IP address is localhost
2023-09-08T13:07:57.807+02:00  INFO 32588 --- [    Test worker] org.testcontainers.DockerClientFactory   : Connected to docker: 
  Server Version: 24.0.5
  API Version: 1.43
  Operating System: Docker Desktop
  Total Memory: 3837 MB
2023-09-08T13:07:59.907+02:00  INFO 32588 --- [    Test worker] tc.testcontainers/ryuk:0.4.0             : Pulling docker image: testcontainers/ryuk:0.4.0. Please be patient; this may take some time but only needs to be done once.
2023-09-08T13:08:01.013+02:00  INFO 32588 --- [    Test worker] o.t.utility.RegistryAuthLocator          : Credential helper/store (docker-credential-desktop) does not have credentials for https://index.docker.io/v1/
2023-09-08T13:08:03.421+02:00  INFO 32588 --- [ream-1392295776] tc.testcontainers/ryuk:0.4.0             : Starting to pull image
2023-09-08T13:08:03.443+02:00  INFO 32588 --- [ream-1392295776] tc.testcontainers/ryuk:0.4.0             : Pulling image layers:  0 pending,  0 downloaded,  0 extracted, (0 bytes/0 bytes)
2023-09-08T13:08:04.883+02:00  INFO 32588 --- [ream-1392295776] tc.testcontainers/ryuk:0.4.0             : Pulling image layers:  2 pending,  1 downloaded,  0 extracted, (695 KB/? MB)
2023-09-08T13:08:05.927+02:00  INFO 32588 --- [ream-1392295776] tc.testcontainers/ryuk:0.4.0             : Pulling image layers:  1 pending,  2 downloaded,  0 extracted, (4 MB/? MB)
2023-09-08T13:08:06.326+02:00  INFO 32588 --- [ream-1392295776] tc.testcontainers/ryuk:0.4.0             : Pulling image layers:  0 pending,  3 downloaded,  0 extracted, (5 MB/5 MB)
2023-09-08T13:08:06.568+02:00  INFO 32588 --- [ream-1392295776] tc.testcontainers/ryuk:0.4.0             : Pulling image layers:  0 pending,  3 downloaded,  1 extracted, (5 MB/5 MB)
2023-09-08T13:08:06.839+02:00  INFO 32588 --- [ream-1392295776] tc.testcontainers/ryuk:0.4.0             : Pulling image layers:  0 pending,  3 downloaded,  2 extracted, (5 MB/5 MB)
2023-09-08T13:08:06.959+02:00  INFO 32588 --- [ream-1392295776] tc.testcontainers/ryuk:0.4.0             : Pulling image layers:  0 pending,  3 downloaded,  3 extracted, (5 MB/5 MB)
2023-09-08T13:08:07.049+02:00  INFO 32588 --- [ream-1392295776] tc.testcontainers/ryuk:0.4.0             : Pull complete. 3 layers, pulled in 3s (downloaded 5 MB at 1 MB/s)
2023-09-08T13:08:07.153+02:00  INFO 32588 --- [    Test worker] tc.testcontainers/ryuk:0.4.0             : Creating container for image: testcontainers/ryuk:0.4.0
2023-09-08T13:08:07.901+02:00  INFO 32588 --- [    Test worker] tc.testcontainers/ryuk:0.4.0             : Container testcontainers/ryuk:0.4.0 is starting: dd5db7bada34c06d6c611049a309ae21d9f3f41a154c3999d62f60343fa38c25
2023-09-08T13:08:10.615+02:00  INFO 32588 --- [    Test worker] tc.testcontainers/ryuk:0.4.0             : Container testcontainers/ryuk:0.4.0 started in PT12.7965088S
2023-09-08T13:08:10.648+02:00  INFO 32588 --- [    Test worker] o.t.utility.RyukResourceReaper           : Ryuk started - will monitor and terminate Testcontainers containers on JVM exit
2023-09-08T13:08:10.649+02:00  INFO 32588 --- [    Test worker] org.testcontainers.DockerClientFactory   : Checking the system...
2023-09-08T13:08:10.651+02:00  INFO 32588 --- [    Test worker] org.testcontainers.DockerClientFactory   : ?? Docker server version should be at least 1.6.0
2023-09-08T13:08:10.658+02:00  INFO 32588 --- [    Test worker] tc.postgres:latest                       : Pulling docker image: postgres:latest. Please be patient; this may take some time but only needs to be done once.
2023-09-08T13:08:12.539+02:00  INFO 32588 --- [ream-1452435350] tc.postgres:latest                       : Starting to pull image
2023-09-08T13:08:12.544+02:00  INFO 32588 --- [ream-1452435350] tc.postgres:latest                       : Pulling image layers:  0 pending,  0 downloaded,  0 extracted, (0 bytes/0 bytes)
2023-09-08T13:08:13.774+02:00  INFO 32588 --- [ream-1452435350] tc.postgres:latest                       : Pulling image layers: 12 pending,  1 downloaded,  0 extracted, (1 KB/? MB)
2023-09-08T13:08:16.096+02:00  INFO 32588 --- [ream-1452435350] tc.postgres:latest                       : Pulling image layers: 11 pending,  2 downloaded,  0 extracted, (6 MB/? MB)
2023-09-08T13:08:20.791+02:00  INFO 32588 --- [ream-1452435350] tc.postgres:latest                       : Pulling image layers: 10 pending,  3 downloaded,  0 extracted, (14 MB/? MB)
2023-09-08T13:08:23.618+02:00  INFO 32588 --- [ream-1452435350] tc.postgres:latest                       : Pulling image layers:  9 pending,  4 downloaded,  0 extracted, (20 MB/? MB)
2023-09-08T13:08:26.260+02:00  INFO 32588 --- [ream-1452435350] tc.postgres:latest                       : Pulling image layers:  8 pending,  5 downloaded,  0 extracted, (25 MB/? MB)
2023-09-08T13:08:27.073+02:00  INFO 32588 --- [ream-1452435350] tc.postgres:latest                       : Pulling image layers:  7 pending,  6 downloaded,  0 extracted, (26 MB/? MB)
2023-09-08T13:08:29.140+02:00  INFO 32588 --- [ream-1452435350] tc.postgres:latest                       : Pulling image layers:  6 pending,  7 downloaded,  0 extracted, (27 MB/? MB)
2023-09-08T13:08:30.406+02:00  INFO 32588 --- [ream-1452435350] tc.postgres:latest                       : Pulling image layers:  5 pending,  8 downloaded,  0 extracted, (32 MB/? MB)
2023-09-08T13:08:31.737+02:00  INFO 32588 --- [ream-1452435350] tc.postgres:latest                       : Pulling image layers:  4 pending,  9 downloaded,  0 extracted, (35 MB/? MB)
2023-09-08T13:08:32.573+02:00  INFO 32588 --- [ream-1452435350] tc.postgres:latest                       : Pulling image layers:  3 pending, 10 downloaded,  0 extracted, (38 MB/? MB)
2023-09-08T13:08:33.372+02:00  INFO 32588 --- [ream-1452435350] tc.postgres:latest                       : Pulling image layers:  2 pending, 11 downloaded,  0 extracted, (43 MB/? MB)
2023-09-08T13:08:36.520+02:00  INFO 32588 --- [ream-1452435350] tc.postgres:latest                       : Pulling image layers:  1 pending, 12 downloaded,  0 extracted, (59 MB/? MB)
2023-09-08T13:08:40.790+02:00  INFO 32588 --- [ream-1452435350] tc.postgres:latest                       : Pulling image layers:  1 pending, 12 downloaded,  1 extracted, (80 MB/? MB)
2023-09-08T13:08:40.829+02:00  INFO 32588 --- [ream-1452435350] tc.postgres:latest                       : Pulling image layers:  1 pending, 12 downloaded,  2 extracted, (80 MB/? MB)
2023-09-08T13:08:41.153+02:00  INFO 32588 --- [ream-1452435350] tc.postgres:latest                       : Pulling image layers:  1 pending, 12 downloaded,  3 extracted, (82 MB/? MB)
2023-09-08T13:08:41.254+02:00  INFO 32588 --- [ream-1452435350] tc.postgres:latest                       : Pulling image layers:  1 pending, 12 downloaded,  4 extracted, (82 MB/? MB)
2023-09-08T13:08:42.269+02:00  INFO 32588 --- [ream-1452435350] tc.postgres:latest                       : Pulling image layers:  1 pending, 12 downloaded,  5 extracted, (88 MB/? MB)
2023-09-08T13:08:42.440+02:00  INFO 32588 --- [ream-1452435350] tc.postgres:latest                       : Pulling image layers:  1 pending, 12 downloaded,  6 extracted, (89 MB/? MB)
2023-09-08T13:08:42.463+02:00  INFO 32588 --- [ream-1452435350] tc.postgres:latest                       : Pulling image layers:  1 pending, 12 downloaded,  7 extracted, (89 MB/? MB)
2023-09-08T13:08:42.491+02:00  INFO 32588 --- [ream-1452435350] tc.postgres:latest                       : Pulling image layers:  1 pending, 12 downloaded,  8 extracted, (89 MB/? MB)
2023-09-08T13:08:55.624+02:00  INFO 32588 --- [ream-1452435350] tc.postgres:latest                       : Pulling image layers:  0 pending, 13 downloaded,  8 extracted, (141 MB/142 MB)
2023-09-08T13:08:59.243+02:00  INFO 32588 --- [ream-1452435350] tc.postgres:latest                       : Pulling image layers:  0 pending, 13 downloaded,  9 extracted, (142 MB/142 MB)
2023-09-08T13:08:59.266+02:00  INFO 32588 --- [ream-1452435350] tc.postgres:latest                       : Pulling image layers:  0 pending, 13 downloaded, 10 extracted, (142 MB/142 MB)
2023-09-08T13:08:59.288+02:00  INFO 32588 --- [ream-1452435350] tc.postgres:latest                       : Pulling image layers:  0 pending, 13 downloaded, 11 extracted, (142 MB/142 MB)
2023-09-08T13:08:59.310+02:00  INFO 32588 --- [ream-1452435350] tc.postgres:latest                       : Pulling image layers:  0 pending, 13 downloaded, 12 extracted, (142 MB/142 MB)
2023-09-08T13:08:59.330+02:00  INFO 32588 --- [ream-1452435350] tc.postgres:latest                       : Pulling image layers:  0 pending, 13 downloaded, 13 extracted, (142 MB/142 MB)
2023-09-08T13:08:59.357+02:00  INFO 32588 --- [ream-1452435350] tc.postgres:latest                       : Pull complete. 13 layers, pulled in 46s (downloaded 142 MB at 3 MB/s)
2023-09-08T13:08:59.368+02:00  INFO 32588 --- [    Test worker] tc.postgres:latest                       : Creating container for image: postgres:latest
2023-09-08T13:09:31.930+02:00  INFO 32588 --- [    Test worker] tc.postgres:latest                       : Container postgres:latest is starting: 1cbd1039b1deab5f227dde65783aa9275c2b431c06d66733bf204f0fe91612a0
2023-09-08T13:09:36.101+02:00  INFO 32588 --- [    Test worker] tc.postgres:latest                       : Container postgres:latest started in PT1M25.4498894S
2023-09-08T13:09:36.108+02:00  INFO 32588 --- [    Test worker] tc.postgres:latest                       : Container is started (JDBC URL: jdbc:postgresql://localhost:62364/test?loggerLevel=OFF)
2023-09-08T13:09:36.190+02:00  INFO 32588 --- [    Test worker] c.r.controller.RecipeControllerTest      : Starting RecipeControllerTest using Java 17.0.6 with PID 32588 (started by kubas in C:\Users\kubas\Desktop\FIXXXX\Recipe_Manager_Recipe)
2023-09-08T13:09:36.193+02:00  INFO 32588 --- [    Test worker] c.r.controller.RecipeControllerTest      : No active profile set, falling back to 1 default profile: "default"
2023-09-08T13:09:38.578+02:00  INFO 32588 --- [    Test worker] .s.d.r.c.RepositoryConfigurationDelegate : Bootstrapping Spring Data JPA repositories in DEFAULT mode.
2023-09-08T13:09:38.850+02:00  INFO 32588 --- [    Test worker] .s.d.r.c.RepositoryConfigurationDelegate : Finished Spring Data repository scanning in 252 ms. Found 4 JPA repository interfaces.
2023-09-08T13:09:40.015+02:00  INFO 32588 --- [    Test worker] o.s.b.w.embedded.tomcat.TomcatWebServer  : Tomcat initialized with port(s): 0 (http)
2023-09-08T13:09:40.035+02:00  INFO 32588 --- [    Test worker] o.apache.catalina.core.StandardService   : Starting service [Tomcat]
2023-09-08T13:09:40.036+02:00  INFO 32588 --- [    Test worker] o.apache.catalina.core.StandardEngine    : Starting Servlet engine: [Apache Tomcat/10.1.8]
2023-09-08T13:09:40.323+02:00  INFO 32588 --- [    Test worker] o.a.c.c.C.[Tomcat].[localhost].[/]       : Initializing Spring embedded WebApplicationContext
2023-09-08T13:09:40.325+02:00  INFO 32588 --- [    Test worker] w.s.c.ServletWebServerApplicationContext : Root WebApplicationContext: initialization completed in 4056 ms
2023-09-08T13:09:40.938+02:00  INFO 32588 --- [    Test worker] o.hibernate.jpa.internal.util.LogHelper  : HHH000204: Processing PersistenceUnitInfo [name: default]
2023-09-08T13:09:41.064+02:00  INFO 32588 --- [    Test worker] org.hibernate.Version                    : HHH000412: Hibernate ORM core version 6.2.2.Final
2023-09-08T13:09:41.070+02:00  INFO 32588 --- [    Test worker] org.hibernate.cfg.Environment            : HHH000406: Using bytecode reflection optimizer
2023-09-08T13:09:41.349+02:00  INFO 32588 --- [    Test worker] o.h.b.i.BytecodeProviderInitiator        : HHH000021: Bytecode provider name : bytebuddy
2023-09-08T13:09:41.538+02:00  INFO 32588 --- [    Test worker] o.s.o.j.p.SpringPersistenceUnitInfo      : No LoadTimeWeaver setup: ignoring JPA class transformer
2023-09-08T13:09:41.558+02:00  INFO 32588 --- [    Test worker] com.zaxxer.hikari.HikariDataSource       : HikariPool-1 - Starting...
2023-09-08T13:09:41.828+02:00  INFO 32588 --- [    Test worker] com.zaxxer.hikari.pool.HikariPool        : HikariPool-1 - Added connection org.postgresql.jdbc.PgConnection@f348e10
2023-09-08T13:09:41.831+02:00  INFO 32588 --- [    Test worker] com.zaxxer.hikari.HikariDataSource       : HikariPool-1 - Start completed.
2023-09-08T13:09:41.910+02:00  INFO 32588 --- [    Test worker] org.hibernate.orm.dialect                : HHH035001: Using dialect: org.hibernate.dialect.PostgreSQLDialect, version: org.hibernate.engine.jdbc.env.internal.JdbcEnvironmentInitiator$DialectResolutionInfoImpl@44f338ec
2023-09-08T13:09:42.373+02:00  INFO 32588 --- [    Test worker] o.h.b.i.BytecodeProviderInitiator        : HHH000021: Bytecode provider name : bytebuddy
2023-09-08T13:09:43.507+02:00  INFO 32588 --- [    Test worker] o.h.e.t.j.p.i.JtaPlatformInitiator       : HHH000490: Using JtaPlatform implementation: [org.hibernate.engine.transaction.jta.platform.internal.NoJtaPlatform]
2023-09-08T13:09:43.532+02:00  WARN 32588 --- [    Test worker] o.h.engine.jdbc.spi.SqlExceptionHelper   : SQL Warning Code: 0, SQLState: 00000
2023-09-08T13:09:43.532+02:00  WARN 32588 --- [    Test worker] o.h.engine.jdbc.spi.SqlExceptionHelper   : relation "amount" does not exist, skipping
2023-09-08T13:09:43.533+02:00  WARN 32588 --- [    Test worker] o.h.engine.jdbc.spi.SqlExceptionHelper   : SQL Warning Code: 0, SQLState: 00000
2023-09-08T13:09:43.534+02:00  WARN 32588 --- [    Test worker] o.h.engine.jdbc.spi.SqlExceptionHelper   : relation "amount" does not exist, skipping
2023-09-08T13:09:43.535+02:00  WARN 32588 --- [    Test worker] o.h.engine.jdbc.spi.SqlExceptionHelper   : SQL Warning Code: 0, SQLState: 00000
2023-09-08T13:09:43.535+02:00  WARN 32588 --- [    Test worker] o.h.engine.jdbc.spi.SqlExceptionHelper   : relation "ingredient" does not exist, skipping
2023-09-08T13:09:43.538+02:00  WARN 32588 --- [    Test worker] o.h.engine.jdbc.spi.SqlExceptionHelper   : SQL Warning Code: 0, SQLState: 00000
2023-09-08T13:09:43.538+02:00  WARN 32588 --- [    Test worker] o.h.engine.jdbc.spi.SqlExceptionHelper   : relation "step" does not exist, skipping
2023-09-08T13:09:43.541+02:00  WARN 32588 --- [    Test worker] o.h.engine.jdbc.spi.SqlExceptionHelper   : SQL Warning Code: 0, SQLState: 00000
2023-09-08T13:09:43.542+02:00  WARN 32588 --- [    Test worker] o.h.engine.jdbc.spi.SqlExceptionHelper   : table "amount" does not exist, skipping
2023-09-08T13:09:43.543+02:00  WARN 32588 --- [    Test worker] o.h.engine.jdbc.spi.SqlExceptionHelper   : SQL Warning Code: 0, SQLState: 00000
2023-09-08T13:09:43.544+02:00  WARN 32588 --- [    Test worker] o.h.engine.jdbc.spi.SqlExceptionHelper   : table "ingredient" does not exist, skipping
2023-09-08T13:09:43.546+02:00  WARN 32588 --- [    Test worker] o.h.engine.jdbc.spi.SqlExceptionHelper   : SQL Warning Code: 0, SQLState: 00000
2023-09-08T13:09:43.546+02:00  WARN 32588 --- [    Test worker] o.h.engine.jdbc.spi.SqlExceptionHelper   : table "recipe" does not exist, skipping
2023-09-08T13:09:43.547+02:00  WARN 32588 --- [    Test worker] o.h.engine.jdbc.spi.SqlExceptionHelper   : SQL Warning Code: 0, SQLState: 00000
2023-09-08T13:09:43.547+02:00  WARN 32588 --- [    Test worker] o.h.engine.jdbc.spi.SqlExceptionHelper   : table "step" does not exist, skipping
2023-09-08T13:09:43.586+02:00  INFO 32588 --- [    Test worker] o.h.t.s.i.e.GenerationTargetToDatabase   : HHH000476: Executing script '[injected ScriptSourceInputNonExistentImpl script]'
2023-09-08T13:09:43.588+02:00  INFO 32588 --- [    Test worker] j.LocalContainerEntityManagerFactoryBean : Initialized JPA EntityManagerFactory for persistence unit 'default'
2023-09-08T13:09:44.010+02:00  INFO 32588 --- [    Test worker] o.s.d.j.r.query.QueryEnhancerFactory     : Hibernate is in classpath; If applicable, HQL parser will be used.
2023-09-08T13:09:44.364+02:00  WARN 32588 --- [    Test worker] JpaBaseConfiguration$JpaWebConfiguration : spring.jpa.open-in-view is enabled by default. Therefore, database queries may be performed during view rendering. Explicitly configure spring.jpa.open-in-view to disable this warning
2023-09-08T13:09:45.337+02:00  INFO 32588 --- [    Test worker] o.s.b.a.e.web.EndpointLinksResolver      : Exposing 1 endpoint(s) beneath base path '/actuator'
2023-09-08T13:09:45.466+02:00  INFO 32588 --- [    Test worker] o.s.b.w.embedded.tomcat.TomcatWebServer  : Tomcat started on port(s): 62376 (http) with context path ''
2023-09-08T13:09:45.483+02:00  INFO 32588 --- [    Test worker] c.r.controller.RecipeControllerTest      : Started RecipeControllerTest in 108.901 seconds (process running for 110.972)
2023-09-08T13:09:47.617+02:00  INFO 32588 --- [o-auto-1-exec-1] o.a.c.c.C.[Tomcat].[localhost].[/]       : Initializing Spring DispatcherServlet 'dispatcherServlet'
2023-09-08T13:09:47.618+02:00  INFO 32588 --- [o-auto-1-exec-1] o.s.web.servlet.DispatcherServlet        : Initializing Servlet 'dispatcherServlet'
2023-09-08T13:09:47.619+02:00  INFO 32588 --- [o-auto-1-exec-1] o.s.web.servlet.DispatcherServlet        : Completed initialization in 1 ms
2023-09-08T13:09:48.169+02:00  INFO 32588 --- [    Test worker] o.apache.catalina.core.StandardService   : Stopping service [Tomcat]
2023-09-08T13:09:48.170+02:00  INFO 32588 --- [    Test worker] o.a.c.c.C.[Tomcat].[localhost].[/]       : Destroying Spring FrameworkServlet 'dispatcherServlet'
2023-09-08T13:09:50.269+02:00  INFO 32588 --- [    Test worker] j.LocalContainerEntityManagerFactoryBean : Closing JPA EntityManagerFactory for persistence unit 'default'
2023-09-08T13:09:50.269+02:00  INFO 32588 --- [    Test worker] .SchemaDropperImpl$DelayedDropActionImpl : HHH000477: Starting delayed evictData of schema as part of SessionFactory shut-down'
2023-09-08T13:09:50.291+02:00  INFO 32588 --- [    Test worker] com.zaxxer.hikari.HikariDataSource       : HikariPool-1 - Shutdown initiated...
2023-09-08T13:09:50.296+02:00  INFO 32588 --- [    Test worker] com.zaxxer.hikari.HikariDataSource       : HikariPool-1 - Shutdown completed.

  .   ____          _            __ _ _
 /\\ / ___'_ __ _ _(_)_ __  __ _ \ \ \ \
( ( )\___ | '_ | '_| | '_ \/ _` | \ \ \ \
 \\/  ___)| |_)| | | | | || (_| |  ) ) ) )
  '  |____| .__|_| |_|_| |_\__, | / / / /
 =========|_|==============|___/=/_/_/_/
 :: Spring Boot ::                (v3.1.0)

2023-09-08T13:09:50.345+02:00  INFO 32588 --- [    Test worker] c.r.controller.RecipeControllerTest      : Starting RecipeControllerTest using Java 17.0.6 with PID 32588 (started by kubas in C:\Users\kubas\Desktop\FIXXXX\Recipe_Manager_Recipe)
2023-09-08T13:09:50.345+02:00  INFO 32588 --- [    Test worker] c.r.controller.RecipeControllerTest      : No active profile set, falling back to 1 default profile: "default"
2023-09-08T13:09:50.719+02:00  INFO 32588 --- [    Test worker] .s.d.r.c.RepositoryConfigurationDelegate : Bootstrapping Spring Data JPA repositories in DEFAULT mode.
2023-09-08T13:09:50.738+02:00  INFO 32588 --- [    Test worker] .s.d.r.c.RepositoryConfigurationDelegate : Finished Spring Data repository scanning in 18 ms. Found 4 JPA repository interfaces.
2023-09-08T13:09:50.849+02:00  INFO 32588 --- [    Test worker] o.s.b.w.embedded.tomcat.TomcatWebServer  : Tomcat initialized with port(s): 0 (http)
2023-09-08T13:09:50.850+02:00  INFO 32588 --- [    Test worker] o.apache.catalina.core.StandardService   : Starting service [Tomcat]
2023-09-08T13:09:50.851+02:00  INFO 32588 --- [    Test worker] o.apache.catalina.core.StandardEngine    : Starting Servlet engine: [Apache Tomcat/10.1.8]
2023-09-08T13:09:50.905+02:00  INFO 32588 --- [    Test worker] o.a.c.c.C.[Tomcat].[localhost].[/]       : Initializing Spring embedded WebApplicationContext
2023-09-08T13:09:50.906+02:00  INFO 32588 --- [    Test worker] w.s.c.ServletWebServerApplicationContext : Root WebApplicationContext: initialization completed in 558 ms
2023-09-08T13:09:50.999+02:00  INFO 32588 --- [    Test worker] o.hibernate.jpa.internal.util.LogHelper  : HHH000204: Processing PersistenceUnitInfo [name: default]
2023-09-08T13:09:51.017+02:00  INFO 32588 --- [    Test worker] o.h.b.i.BytecodeProviderInitiator        : HHH000021: Bytecode provider name : bytebuddy
2023-09-08T13:09:51.018+02:00  INFO 32588 --- [    Test worker] o.s.o.j.p.SpringPersistenceUnitInfo      : No LoadTimeWeaver setup: ignoring JPA class transformer
2023-09-08T13:09:51.020+02:00  INFO 32588 --- [    Test worker] com.zaxxer.hikari.HikariDataSource       : HikariPool-2 - Starting...
2023-09-08T13:09:51.054+02:00  INFO 32588 --- [    Test worker] com.zaxxer.hikari.pool.HikariPool        : HikariPool-2 - Added connection org.postgresql.jdbc.PgConnection@2179091c
2023-09-08T13:09:51.055+02:00  INFO 32588 --- [    Test worker] com.zaxxer.hikari.HikariDataSource       : HikariPool-2 - Start completed.
2023-09-08T13:09:51.062+02:00  INFO 32588 --- [    Test worker] org.hibernate.orm.dialect                : HHH035001: Using dialect: org.hibernate.dialect.PostgreSQLDialect, version: org.hibernate.engine.jdbc.env.internal.JdbcEnvironmentInitiator$DialectResolutionInfoImpl@49443539
2023-09-08T13:09:51.086+02:00  INFO 32588 --- [    Test worker] o.h.b.i.BytecodeProviderInitiator        : HHH000021: Bytecode provider name : bytebuddy
2023-09-08T13:09:51.135+02:00  INFO 32588 --- [    Test worker] o.h.e.t.j.p.i.JtaPlatformInitiator       : HHH000490: Using JtaPlatform implementation: [org.hibernate.engine.transaction.jta.platform.internal.NoJtaPlatform]
2023-09-08T13:09:51.138+02:00  WARN 32588 --- [    Test worker] o.h.engine.jdbc.spi.SqlExceptionHelper   : SQL Warning Code: 0, SQLState: 00000
2023-09-08T13:09:51.138+02:00  WARN 32588 --- [    Test worker] o.h.engine.jdbc.spi.SqlExceptionHelper   : relation "amount" does not exist, skipping
2023-09-08T13:09:51.141+02:00  WARN 32588 --- [    Test worker] o.h.engine.jdbc.spi.SqlExceptionHelper   : SQL Warning Code: 0, SQLState: 00000
2023-09-08T13:09:51.141+02:00  WARN 32588 --- [    Test worker] o.h.engine.jdbc.spi.SqlExceptionHelper   : relation "amount" does not exist, skipping
2023-09-08T13:09:51.144+02:00  WARN 32588 --- [    Test worker] o.h.engine.jdbc.spi.SqlExceptionHelper   : SQL Warning Code: 0, SQLState: 00000
2023-09-08T13:09:51.144+02:00  WARN 32588 --- [    Test worker] o.h.engine.jdbc.spi.SqlExceptionHelper   : relation "ingredient" does not exist, skipping
2023-09-08T13:09:51.146+02:00  WARN 32588 --- [    Test worker] o.h.engine.jdbc.spi.SqlExceptionHelper   : SQL Warning Code: 0, SQLState: 00000
2023-09-08T13:09:51.146+02:00  WARN 32588 --- [    Test worker] o.h.engine.jdbc.spi.SqlExceptionHelper   : relation "step" does not exist, skipping
2023-09-08T13:09:51.148+02:00  WARN 32588 --- [    Test worker] o.h.engine.jdbc.spi.SqlExceptionHelper   : SQL Warning Code: 0, SQLState: 00000
2023-09-08T13:09:51.148+02:00  WARN 32588 --- [    Test worker] o.h.engine.jdbc.spi.SqlExceptionHelper   : table "amount" does not exist, skipping
2023-09-08T13:09:51.150+02:00  WARN 32588 --- [    Test worker] o.h.engine.jdbc.spi.SqlExceptionHelper   : SQL Warning Code: 0, SQLState: 00000
2023-09-08T13:09:51.150+02:00  WARN 32588 --- [    Test worker] o.h.engine.jdbc.spi.SqlExceptionHelper   : table "ingredient" does not exist, skipping
2023-09-08T13:09:51.152+02:00  WARN 32588 --- [    Test worker] o.h.engine.jdbc.spi.SqlExceptionHelper   : SQL Warning Code: 0, SQLState: 00000
2023-09-08T13:09:51.152+02:00  WARN 32588 --- [    Test worker] o.h.engine.jdbc.spi.SqlExceptionHelper   : table "recipe" does not exist, skipping
2023-09-08T13:09:51.154+02:00  WARN 32588 --- [    Test worker] o.h.engine.jdbc.spi.SqlExceptionHelper   : SQL Warning Code: 0, SQLState: 00000
2023-09-08T13:09:51.154+02:00  WARN 32588 --- [    Test worker] o.h.engine.jdbc.spi.SqlExceptionHelper   : table "step" does not exist, skipping
2023-09-08T13:09:51.179+02:00  INFO 32588 --- [    Test worker] o.h.t.s.i.e.GenerationTargetToDatabase   : HHH000476: Executing script '[injected ScriptSourceInputNonExistentImpl script]'
2023-09-08T13:09:51.180+02:00  INFO 32588 --- [    Test worker] j.LocalContainerEntityManagerFactoryBean : Initialized JPA EntityManagerFactory for persistence unit 'default'
2023-09-08T13:09:51.314+02:00  WARN 32588 --- [    Test worker] JpaBaseConfiguration$JpaWebConfiguration : spring.jpa.open-in-view is enabled by default. Therefore, database queries may be performed during view rendering. Explicitly configure spring.jpa.open-in-view to disable this warning
2023-09-08T13:09:51.568+02:00  INFO 32588 --- [    Test worker] o.s.b.a.e.web.EndpointLinksResolver      : Exposing 1 endpoint(s) beneath base path '/actuator'
2023-09-08T13:09:51.593+02:00  INFO 32588 --- [    Test worker] o.s.b.w.embedded.tomcat.TomcatWebServer  : Tomcat started on port(s): 62392 (http) with context path ''
2023-09-08T13:09:51.599+02:00  INFO 32588 --- [    Test worker] c.r.controller.RecipeControllerTest      : Started RecipeControllerTest in 1.291 seconds (process running for 117.089)
2023-09-08T13:09:51.859+02:00  INFO 32588 --- [o-auto-2-exec-1] o.a.c.c.C.[Tomcat].[localhost].[/]       : Initializing Spring DispatcherServlet 'dispatcherServlet'
2023-09-08T13:09:51.859+02:00  INFO 32588 --- [o-auto-2-exec-1] o.s.web.servlet.DispatcherServlet        : Initializing Servlet 'dispatcherServlet'
2023-09-08T13:09:51.862+02:00  INFO 32588 --- [o-auto-2-exec-1] o.s.web.servlet.DispatcherServlet        : Completed initialization in 3 ms
2023-09-08T13:09:51.899+02:00  INFO 32588 --- [    Test worker] o.apache.catalina.core.StandardService   : Stopping service [Tomcat]
2023-09-08T13:09:51.900+02:00  INFO 32588 --- [    Test worker] o.a.c.c.C.[Tomcat].[localhost].[/]       : Destroying Spring FrameworkServlet 'dispatcherServlet'
2023-09-08T13:09:53.984+02:00  INFO 32588 --- [    Test worker] j.LocalContainerEntityManagerFactoryBean : Closing JPA EntityManagerFactory for persistence unit 'default'
2023-09-08T13:09:53.984+02:00  INFO 32588 --- [    Test worker] .SchemaDropperImpl$DelayedDropActionImpl : HHH000477: Starting delayed evictData of schema as part of SessionFactory shut-down'
2023-09-08T13:09:54.036+02:00  INFO 32588 --- [    Test worker] com.zaxxer.hikari.HikariDataSource       : HikariPool-2 - Shutdown initiated...
2023-09-08T13:09:54.052+02:00  INFO 32588 --- [    Test worker] com.zaxxer.hikari.HikariDataSource       : HikariPool-2 - Shutdown completed.

  .   ____          _            __ _ _
 /\\ / ___'_ __ _ _(_)_ __  __ _ \ \ \ \
( ( )\___ | '_ | '_| | '_ \/ _` | \ \ \ \
 \\/  ___)| |_)| | | | | || (_| |  ) ) ) )
  '  |____| .__|_| |_|_| |_\__, | / / / /
 =========|_|==============|___/=/_/_/_/
 :: Spring Boot ::                (v3.1.0)

2023-09-08T13:09:54.117+02:00  INFO 32588 --- [    Test worker] c.r.controller.RecipeControllerTest      : Starting RecipeControllerTest using Java 17.0.6 with PID 32588 (started by kubas in C:\Users\kubas\Desktop\FIXXXX\Recipe_Manager_Recipe)
2023-09-08T13:09:54.117+02:00  INFO 32588 --- [    Test worker] c.r.controller.RecipeControllerTest      : No active profile set, falling back to 1 default profile: "default"
2023-09-08T13:09:54.461+02:00  INFO 32588 --- [    Test worker] .s.d.r.c.RepositoryConfigurationDelegate : Bootstrapping Spring Data JPA repositories in DEFAULT mode.
2023-09-08T13:09:54.479+02:00  INFO 32588 --- [    Test worker] .s.d.r.c.RepositoryConfigurationDelegate : Finished Spring Data repository scanning in 18 ms. Found 4 JPA repository interfaces.
2023-09-08T13:09:54.544+02:00  INFO 32588 --- [    Test worker] o.s.b.w.embedded.tomcat.TomcatWebServer  : Tomcat initialized with port(s): 0 (http)
2023-09-08T13:09:54.545+02:00  INFO 32588 --- [    Test worker] o.apache.catalina.core.StandardService   : Starting service [Tomcat]
2023-09-08T13:09:54.546+02:00  INFO 32588 --- [    Test worker] o.apache.catalina.core.StandardEngine    : Starting Servlet engine: [Apache Tomcat/10.1.8]
2023-09-08T13:09:54.581+02:00  INFO 32588 --- [    Test worker] o.a.c.c.C.[Tomcat].[localhost].[/]       : Initializing Spring embedded WebApplicationContext
2023-09-08T13:09:54.581+02:00  INFO 32588 --- [    Test worker] w.s.c.ServletWebServerApplicationContext : Root WebApplicationContext: initialization completed in 461 ms
2023-09-08T13:09:54.637+02:00  INFO 32588 --- [    Test worker] o.hibernate.jpa.internal.util.LogHelper  : HHH000204: Processing PersistenceUnitInfo [name: default]
2023-09-08T13:09:54.646+02:00  INFO 32588 --- [    Test worker] o.h.b.i.BytecodeProviderInitiator        : HHH000021: Bytecode provider name : bytebuddy
2023-09-08T13:09:54.646+02:00  INFO 32588 --- [    Test worker] o.s.o.j.p.SpringPersistenceUnitInfo      : No LoadTimeWeaver setup: ignoring JPA class transformer
2023-09-08T13:09:54.648+02:00  INFO 32588 --- [    Test worker] com.zaxxer.hikari.HikariDataSource       : HikariPool-3 - Starting...
2023-09-08T13:09:54.671+02:00  INFO 32588 --- [    Test worker] com.zaxxer.hikari.pool.HikariPool        : HikariPool-3 - Added connection org.postgresql.jdbc.PgConnection@12ceff30
2023-09-08T13:09:54.672+02:00  INFO 32588 --- [    Test worker] com.zaxxer.hikari.HikariDataSource       : HikariPool-3 - Start completed.
2023-09-08T13:09:54.677+02:00  INFO 32588 --- [    Test worker] org.hibernate.orm.dialect                : HHH035001: Using dialect: org.hibernate.dialect.PostgreSQLDialect, version: org.hibernate.engine.jdbc.env.internal.JdbcEnvironmentInitiator$DialectResolutionInfoImpl@2d550996
2023-09-08T13:09:54.704+02:00  INFO 32588 --- [    Test worker] o.h.b.i.BytecodeProviderInitiator        : HHH000021: Bytecode provider name : bytebuddy
2023-09-08T13:09:54.781+02:00  INFO 32588 --- [    Test worker] o.h.e.t.j.p.i.JtaPlatformInitiator       : HHH000490: Using JtaPlatform implementation: [org.hibernate.engine.transaction.jta.platform.internal.NoJtaPlatform]
2023-09-08T13:09:54.786+02:00  WARN 32588 --- [    Test worker] o.h.engine.jdbc.spi.SqlExceptionHelper   : SQL Warning Code: 0, SQLState: 00000
2023-09-08T13:09:54.787+02:00  WARN 32588 --- [    Test worker] o.h.engine.jdbc.spi.SqlExceptionHelper   : relation "amount" does not exist, skipping
2023-09-08T13:09:54.792+02:00  WARN 32588 --- [    Test worker] o.h.engine.jdbc.spi.SqlExceptionHelper   : SQL Warning Code: 0, SQLState: 00000
2023-09-08T13:09:54.792+02:00  WARN 32588 --- [    Test worker] o.h.engine.jdbc.spi.SqlExceptionHelper   : relation "amount" does not exist, skipping
2023-09-08T13:09:54.796+02:00  WARN 32588 --- [    Test worker] o.h.engine.jdbc.spi.SqlExceptionHelper   : SQL Warning Code: 0, SQLState: 00000
2023-09-08T13:09:54.796+02:00  WARN 32588 --- [    Test worker] o.h.engine.jdbc.spi.SqlExceptionHelper   : relation "ingredient" does not exist, skipping
2023-09-08T13:09:54.800+02:00  WARN 32588 --- [    Test worker] o.h.engine.jdbc.spi.SqlExceptionHelper   : SQL Warning Code: 0, SQLState: 00000
2023-09-08T13:09:54.801+02:00  WARN 32588 --- [    Test worker] o.h.engine.jdbc.spi.SqlExceptionHelper   : relation "step" does not exist, skipping
2023-09-08T13:09:54.803+02:00  WARN 32588 --- [    Test worker] o.h.engine.jdbc.spi.SqlExceptionHelper   : SQL Warning Code: 0, SQLState: 00000
2023-09-08T13:09:54.804+02:00  WARN 32588 --- [    Test worker] o.h.engine.jdbc.spi.SqlExceptionHelper   : table "amount" does not exist, skipping
2023-09-08T13:09:54.807+02:00  WARN 32588 --- [    Test worker] o.h.engine.jdbc.spi.SqlExceptionHelper   : SQL Warning Code: 0, SQLState: 00000
2023-09-08T13:09:54.807+02:00  WARN 32588 --- [    Test worker] o.h.engine.jdbc.spi.SqlExceptionHelper   : table "ingredient" does not exist, skipping
2023-09-08T13:09:54.809+02:00  WARN 32588 --- [    Test worker] o.h.engine.jdbc.spi.SqlExceptionHelper   : SQL Warning Code: 0, SQLState: 00000
2023-09-08T13:09:54.809+02:00  WARN 32588 --- [    Test worker] o.h.engine.jdbc.spi.SqlExceptionHelper   : table "recipe" does not exist, skipping
2023-09-08T13:09:54.813+02:00  WARN 32588 --- [    Test worker] o.h.engine.jdbc.spi.SqlExceptionHelper   : SQL Warning Code: 0, SQLState: 00000
2023-09-08T13:09:54.813+02:00  WARN 32588 --- [    Test worker] o.h.engine.jdbc.spi.SqlExceptionHelper   : table "step" does not exist, skipping
2023-09-08T13:09:54.836+02:00  INFO 32588 --- [    Test worker] o.h.t.s.i.e.GenerationTargetToDatabase   : HHH000476: Executing script '[injected ScriptSourceInputNonExistentImpl script]'
2023-09-08T13:09:54.836+02:00  INFO 32588 --- [    Test worker] j.LocalContainerEntityManagerFactoryBean : Initialized JPA EntityManagerFactory for persistence unit 'default'
2023-09-08T13:09:54.938+02:00  WARN 32588 --- [    Test worker] JpaBaseConfiguration$JpaWebConfiguration : spring.jpa.open-in-view is enabled by default. Therefore, database queries may be performed during view rendering. Explicitly configure spring.jpa.open-in-view to disable this warning
2023-09-08T13:09:55.173+02:00  INFO 32588 --- [    Test worker] o.s.b.a.e.web.EndpointLinksResolver      : Exposing 1 endpoint(s) beneath base path '/actuator'
2023-09-08T13:09:55.195+02:00  INFO 32588 --- [    Test worker] o.s.b.w.embedded.tomcat.TomcatWebServer  : Tomcat started on port(s): 62405 (http) with context path ''
2023-09-08T13:09:55.201+02:00  INFO 32588 --- [    Test worker] c.r.controller.RecipeControllerTest      : Started RecipeControllerTest in 1.139 seconds (process running for 120.69)
2023-09-08T13:09:55.472+02:00  INFO 32588 --- [o-auto-3-exec-1] o.a.c.c.C.[Tomcat].[localhost].[/]       : Initializing Spring DispatcherServlet 'dispatcherServlet'
2023-09-08T13:09:55.473+02:00  INFO 32588 --- [o-auto-3-exec-1] o.s.web.servlet.DispatcherServlet        : Initializing Servlet 'dispatcherServlet'
2023-09-08T13:09:55.474+02:00  INFO 32588 --- [o-auto-3-exec-1] o.s.web.servlet.DispatcherServlet        : Completed initialization in 1 ms
2023-09-08T13:09:55.547+02:00  INFO 32588 --- [    Test worker] o.apache.catalina.core.StandardService   : Stopping service [Tomcat]
2023-09-08T13:09:55.548+02:00  INFO 32588 --- [    Test worker] o.a.c.c.C.[Tomcat].[localhost].[/]       : Destroying Spring FrameworkServlet 'dispatcherServlet'
2023-09-08T13:09:57.635+02:00  INFO 32588 --- [    Test worker] j.LocalContainerEntityManagerFactoryBean : Closing JPA EntityManagerFactory for persistence unit 'default'
2023-09-08T13:09:57.636+02:00  INFO 32588 --- [    Test worker] .SchemaDropperImpl$DelayedDropActionImpl : HHH000477: Starting delayed evictData of schema as part of SessionFactory shut-down'
2023-09-08T13:09:57.703+02:00  INFO 32588 --- [    Test worker] com.zaxxer.hikari.HikariDataSource       : HikariPool-3 - Shutdown initiated...
2023-09-08T13:09:57.719+02:00  INFO 32588 --- [    Test worker] com.zaxxer.hikari.HikariDataSource       : HikariPool-3 - Shutdown completed.

  .   ____          _            __ _ _
 /\\ / ___'_ __ _ _(_)_ __  __ _ \ \ \ \
( ( )\___ | '_ | '_| | '_ \/ _` | \ \ \ \
 \\/  ___)| |_)| | | | | || (_| |  ) ) ) )
  '  |____| .__|_| |_|_| |_\__, | / / / /
 =========|_|==============|___/=/_/_/_/
 :: Spring Boot ::                (v3.1.0)

2023-09-08T13:09:57.840+02:00  INFO 32588 --- [    Test worker] c.r.controller.RecipeControllerTest      : Starting RecipeControllerTest using Java 17.0.6 with PID 32588 (started by kubas in C:\Users\kubas\Desktop\FIXXXX\Recipe_Manager_Recipe)
2023-09-08T13:09:57.841+02:00  INFO 32588 --- [    Test worker] c.r.controller.RecipeControllerTest      : No active profile set, falling back to 1 default profile: "default"
2023-09-08T13:09:58.121+02:00  INFO 32588 --- [    Test worker] .s.d.r.c.RepositoryConfigurationDelegate : Bootstrapping Spring Data JPA repositories in DEFAULT mode.
2023-09-08T13:09:58.133+02:00  INFO 32588 --- [    Test worker] .s.d.r.c.RepositoryConfigurationDelegate : Finished Spring Data repository scanning in 11 ms. Found 4 JPA repository interfaces.
2023-09-08T13:09:58.203+02:00  INFO 32588 --- [    Test worker] o.s.b.w.embedded.tomcat.TomcatWebServer  : Tomcat initialized with port(s): 0 (http)
2023-09-08T13:09:58.203+02:00  INFO 32588 --- [    Test worker] o.apache.catalina.core.StandardService   : Starting service [Tomcat]
2023-09-08T13:09:58.204+02:00  INFO 32588 --- [    Test worker] o.apache.catalina.core.StandardEngine    : Starting Servlet engine: [Apache Tomcat/10.1.8]
2023-09-08T13:09:58.237+02:00  INFO 32588 --- [    Test worker] o.a.c.c.C.[Tomcat].[localhost].[/]       : Initializing Spring embedded WebApplicationContext
2023-09-08T13:09:58.238+02:00  INFO 32588 --- [    Test worker] w.s.c.ServletWebServerApplicationContext : Root WebApplicationContext: initialization completed in 394 ms
2023-09-08T13:09:58.305+02:00  INFO 32588 --- [    Test worker] o.hibernate.jpa.internal.util.LogHelper  : HHH000204: Processing PersistenceUnitInfo [name: default]
2023-09-08T13:09:58.319+02:00  INFO 32588 --- [    Test worker] o.h.b.i.BytecodeProviderInitiator        : HHH000021: Bytecode provider name : bytebuddy
2023-09-08T13:09:58.320+02:00  INFO 32588 --- [    Test worker] o.s.o.j.p.SpringPersistenceUnitInfo      : No LoadTimeWeaver setup: ignoring JPA class transformer
2023-09-08T13:09:58.321+02:00  INFO 32588 --- [    Test worker] com.zaxxer.hikari.HikariDataSource       : HikariPool-4 - Starting...
2023-09-08T13:09:58.341+02:00  INFO 32588 --- [    Test worker] com.zaxxer.hikari.pool.HikariPool        : HikariPool-4 - Added connection org.postgresql.jdbc.PgConnection@47caa1ff
2023-09-08T13:09:58.341+02:00  INFO 32588 --- [    Test worker] com.zaxxer.hikari.HikariDataSource       : HikariPool-4 - Start completed.
2023-09-08T13:09:58.346+02:00  INFO 32588 --- [    Test worker] org.hibernate.orm.dialect                : HHH035001: Using dialect: org.hibernate.dialect.PostgreSQLDialect, version: org.hibernate.engine.jdbc.env.internal.JdbcEnvironmentInitiator$DialectResolutionInfoImpl@7330574d
2023-09-08T13:09:58.370+02:00  INFO 32588 --- [    Test worker] o.h.b.i.BytecodeProviderInitiator        : HHH000021: Bytecode provider name : bytebuddy
2023-09-08T13:09:58.424+02:00  INFO 32588 --- [    Test worker] o.h.e.t.j.p.i.JtaPlatformInitiator       : HHH000490: Using JtaPlatform implementation: [org.hibernate.engine.transaction.jta.platform.internal.NoJtaPlatform]
2023-09-08T13:09:58.427+02:00  WARN 32588 --- [    Test worker] o.h.engine.jdbc.spi.SqlExceptionHelper   : SQL Warning Code: 0, SQLState: 00000
2023-09-08T13:09:58.428+02:00  WARN 32588 --- [    Test worker] o.h.engine.jdbc.spi.SqlExceptionHelper   : relation "amount" does not exist, skipping
2023-09-08T13:09:58.432+02:00  WARN 32588 --- [    Test worker] o.h.engine.jdbc.spi.SqlExceptionHelper   : SQL Warning Code: 0, SQLState: 00000
2023-09-08T13:09:58.433+02:00  WARN 32588 --- [    Test worker] o.h.engine.jdbc.spi.SqlExceptionHelper   : relation "amount" does not exist, skipping
2023-09-08T13:09:58.435+02:00  WARN 32588 --- [    Test worker] o.h.engine.jdbc.spi.SqlExceptionHelper   : SQL Warning Code: 0, SQLState: 00000
2023-09-08T13:09:58.436+02:00  WARN 32588 --- [    Test worker] o.h.engine.jdbc.spi.SqlExceptionHelper   : relation "ingredient" does not exist, skipping
2023-09-08T13:09:58.438+02:00  WARN 32588 --- [    Test worker] o.h.engine.jdbc.spi.SqlExceptionHelper   : SQL Warning Code: 0, SQLState: 00000
2023-09-08T13:09:58.439+02:00  WARN 32588 --- [    Test worker] o.h.engine.jdbc.spi.SqlExceptionHelper   : relation "step" does not exist, skipping
2023-09-08T13:09:58.442+02:00  WARN 32588 --- [    Test worker] o.h.engine.jdbc.spi.SqlExceptionHelper   : SQL Warning Code: 0, SQLState: 00000
2023-09-08T13:09:58.442+02:00  WARN 32588 --- [    Test worker] o.h.engine.jdbc.spi.SqlExceptionHelper   : table "amount" does not exist, skipping
2023-09-08T13:09:58.445+02:00  WARN 32588 --- [    Test worker] o.h.engine.jdbc.spi.SqlExceptionHelper   : SQL Warning Code: 0, SQLState: 00000
2023-09-08T13:09:58.445+02:00  WARN 32588 --- [    Test worker] o.h.engine.jdbc.spi.SqlExceptionHelper   : table "ingredient" does not exist, skipping
2023-09-08T13:09:58.448+02:00  WARN 32588 --- [    Test worker] o.h.engine.jdbc.spi.SqlExceptionHelper   : SQL Warning Code: 0, SQLState: 00000
2023-09-08T13:09:58.448+02:00  WARN 32588 --- [    Test worker] o.h.engine.jdbc.spi.SqlExceptionHelper   : table "recipe" does not exist, skipping
2023-09-08T13:09:58.451+02:00  WARN 32588 --- [    Test worker] o.h.engine.jdbc.spi.SqlExceptionHelper   : SQL Warning Code: 0, SQLState: 00000
2023-09-08T13:09:58.452+02:00  WARN 32588 --- [    Test worker] o.h.engine.jdbc.spi.SqlExceptionHelper   : table "step" does not exist, skipping
2023-09-08T13:09:58.490+02:00  INFO 32588 --- [    Test worker] o.h.t.s.i.e.GenerationTargetToDatabase   : HHH000476: Executing script '[injected ScriptSourceInputNonExistentImpl script]'
2023-09-08T13:09:58.491+02:00  INFO 32588 --- [    Test worker] j.LocalContainerEntityManagerFactoryBean : Initialized JPA EntityManagerFactory for persistence unit 'default'
2023-09-08T13:09:58.583+02:00  WARN 32588 --- [    Test worker] JpaBaseConfiguration$JpaWebConfiguration : spring.jpa.open-in-view is enabled by default. Therefore, database queries may be performed during view rendering. Explicitly configure spring.jpa.open-in-view to disable this warning
2023-09-08T13:09:58.815+02:00  INFO 32588 --- [    Test worker] o.s.b.a.e.web.EndpointLinksResolver      : Exposing 1 endpoint(s) beneath base path '/actuator'
2023-09-08T13:09:58.840+02:00  INFO 32588 --- [    Test worker] o.s.b.w.embedded.tomcat.TomcatWebServer  : Tomcat started on port(s): 62418 (http) with context path ''
2023-09-08T13:09:58.846+02:00  INFO 32588 --- [    Test worker] c.r.controller.RecipeControllerTest      : Started RecipeControllerTest in 1.116 seconds (process running for 124.336)
2023-09-08T13:09:59.046+02:00  INFO 32588 --- [o-auto-4-exec-1] o.a.c.c.C.[Tomcat].[localhost].[/]       : Initializing Spring DispatcherServlet 'dispatcherServlet'
2023-09-08T13:09:59.047+02:00  INFO 32588 --- [o-auto-4-exec-1] o.s.web.servlet.DispatcherServlet        : Initializing Servlet 'dispatcherServlet'
2023-09-08T13:09:59.048+02:00  INFO 32588 --- [o-auto-4-exec-1] o.s.web.servlet.DispatcherServlet        : Completed initialization in 1 ms
2023-09-08T13:09:59.094+02:00  INFO 32588 --- [    Test worker] o.apache.catalina.core.StandardService   : Stopping service [Tomcat]
2023-09-08T13:09:59.095+02:00  INFO 32588 --- [    Test worker] o.a.c.c.C.[Tomcat].[localhost].[/]       : Destroying Spring FrameworkServlet 'dispatcherServlet'
2023-09-08T13:10:01.192+02:00  INFO 32588 --- [    Test worker] j.LocalContainerEntityManagerFactoryBean : Closing JPA EntityManagerFactory for persistence unit 'default'
2023-09-08T13:10:01.192+02:00  INFO 32588 --- [    Test worker] .SchemaDropperImpl$DelayedDropActionImpl : HHH000477: Starting delayed evictData of schema as part of SessionFactory shut-down'
2023-09-08T13:10:01.217+02:00  INFO 32588 --- [    Test worker] com.zaxxer.hikari.HikariDataSource       : HikariPool-4 - Shutdown initiated...
2023-09-08T13:10:01.221+02:00  INFO 32588 --- [    Test worker] com.zaxxer.hikari.HikariDataSource       : HikariPool-4 - Shutdown completed.

  .   ____          _            __ _ _
 /\\ / ___'_ __ _ _(_)_ __  __ _ \ \ \ \
( ( )\___ | '_ | '_| | '_ \/ _` | \ \ \ \
 \\/  ___)| |_)| | | | | || (_| |  ) ) ) )
  '  |____| .__|_| |_|_| |_\__, | / / / /
 =========|_|==============|___/=/_/_/_/
 :: Spring Boot ::                (v3.1.0)

2023-09-08T13:10:01.251+02:00  INFO 32588 --- [    Test worker] c.r.controller.RecipeControllerTest      : Starting RecipeControllerTest using Java 17.0.6 with PID 32588 (started by kubas in C:\Users\kubas\Desktop\FIXXXX\Recipe_Manager_Recipe)
2023-09-08T13:10:01.251+02:00  INFO 32588 --- [    Test worker] c.r.controller.RecipeControllerTest      : No active profile set, falling back to 1 default profile: "default"
2023-09-08T13:10:01.500+02:00  INFO 32588 --- [    Test worker] .s.d.r.c.RepositoryConfigurationDelegate : Bootstrapping Spring Data JPA repositories in DEFAULT mode.
2023-09-08T13:10:01.514+02:00  INFO 32588 --- [    Test worker] .s.d.r.c.RepositoryConfigurationDelegate : Finished Spring Data repository scanning in 13 ms. Found 4 JPA repository interfaces.
2023-09-08T13:10:01.576+02:00  INFO 32588 --- [    Test worker] o.s.b.w.embedded.tomcat.TomcatWebServer  : Tomcat initialized with port(s): 0 (http)
2023-09-08T13:10:01.577+02:00  INFO 32588 --- [    Test worker] o.apache.catalina.core.StandardService   : Starting service [Tomcat]
2023-09-08T13:10:01.578+02:00  INFO 32588 --- [    Test worker] o.apache.catalina.core.StandardEngine    : Starting Servlet engine: [Apache Tomcat/10.1.8]
2023-09-08T13:10:01.609+02:00  INFO 32588 --- [    Test worker] o.a.c.c.C.[Tomcat].[localhost].[/]       : Initializing Spring embedded WebApplicationContext
2023-09-08T13:10:01.609+02:00  INFO 32588 --- [    Test worker] w.s.c.ServletWebServerApplicationContext : Root WebApplicationContext: initialization completed in 356 ms
2023-09-08T13:10:01.669+02:00  INFO 32588 --- [    Test worker] o.hibernate.jpa.internal.util.LogHelper  : HHH000204: Processing PersistenceUnitInfo [name: default]
2023-09-08T13:10:01.678+02:00  INFO 32588 --- [    Test worker] o.h.b.i.BytecodeProviderInitiator        : HHH000021: Bytecode provider name : bytebuddy
2023-09-08T13:10:01.678+02:00  INFO 32588 --- [    Test worker] o.s.o.j.p.SpringPersistenceUnitInfo      : No LoadTimeWeaver setup: ignoring JPA class transformer
2023-09-08T13:10:01.680+02:00  INFO 32588 --- [    Test worker] com.zaxxer.hikari.HikariDataSource       : HikariPool-5 - Starting...
2023-09-08T13:10:01.701+02:00  INFO 32588 --- [    Test worker] com.zaxxer.hikari.pool.HikariPool        : HikariPool-5 - Added connection org.postgresql.jdbc.PgConnection@56cdf69b
2023-09-08T13:10:01.701+02:00  INFO 32588 --- [    Test worker] com.zaxxer.hikari.HikariDataSource       : HikariPool-5 - Start completed.
2023-09-08T13:10:01.706+02:00  INFO 32588 --- [    Test worker] org.hibernate.orm.dialect                : HHH035001: Using dialect: org.hibernate.dialect.PostgreSQLDialect, version: org.hibernate.engine.jdbc.env.internal.JdbcEnvironmentInitiator$DialectResolutionInfoImpl@3ee910d0
2023-09-08T13:10:01.728+02:00  INFO 32588 --- [    Test worker] o.h.b.i.BytecodeProviderInitiator        : HHH000021: Bytecode provider name : bytebuddy
2023-09-08T13:10:01.777+02:00  INFO 32588 --- [    Test worker] o.h.e.t.j.p.i.JtaPlatformInitiator       : HHH000490: Using JtaPlatform implementation: [org.hibernate.engine.transaction.jta.platform.internal.NoJtaPlatform]
2023-09-08T13:10:01.782+02:00  WARN 32588 --- [    Test worker] o.h.engine.jdbc.spi.SqlExceptionHelper   : SQL Warning Code: 0, SQLState: 00000
2023-09-08T13:10:01.782+02:00  WARN 32588 --- [    Test worker] o.h.engine.jdbc.spi.SqlExceptionHelper   : relation "amount" does not exist, skipping
2023-09-08T13:10:01.784+02:00  WARN 32588 --- [    Test worker] o.h.engine.jdbc.spi.SqlExceptionHelper   : SQL Warning Code: 0, SQLState: 00000
2023-09-08T13:10:01.785+02:00  WARN 32588 --- [    Test worker] o.h.engine.jdbc.spi.SqlExceptionHelper   : relation "amount" does not exist, skipping
2023-09-08T13:10:01.787+02:00  WARN 32588 --- [    Test worker] o.h.engine.jdbc.spi.SqlExceptionHelper   : SQL Warning Code: 0, SQLState: 00000
2023-09-08T13:10:01.788+02:00  WARN 32588 --- [    Test worker] o.h.engine.jdbc.spi.SqlExceptionHelper   : relation "ingredient" does not exist, skipping
2023-09-08T13:10:01.789+02:00  WARN 32588 --- [    Test worker] o.h.engine.jdbc.spi.SqlExceptionHelper   : SQL Warning Code: 0, SQLState: 00000
2023-09-08T13:10:01.790+02:00  WARN 32588 --- [    Test worker] o.h.engine.jdbc.spi.SqlExceptionHelper   : relation "step" does not exist, skipping
2023-09-08T13:10:01.792+02:00  WARN 32588 --- [    Test worker] o.h.engine.jdbc.spi.SqlExceptionHelper   : SQL Warning Code: 0, SQLState: 00000
2023-09-08T13:10:01.792+02:00  WARN 32588 --- [    Test worker] o.h.engine.jdbc.spi.SqlExceptionHelper   : table "amount" does not exist, skipping
2023-09-08T13:10:01.795+02:00  WARN 32588 --- [    Test worker] o.h.engine.jdbc.spi.SqlExceptionHelper   : SQL Warning Code: 0, SQLState: 00000
2023-09-08T13:10:01.795+02:00  WARN 32588 --- [    Test worker] o.h.engine.jdbc.spi.SqlExceptionHelper   : table "ingredient" does not exist, skipping
2023-09-08T13:10:01.797+02:00  WARN 32588 --- [    Test worker] o.h.engine.jdbc.spi.SqlExceptionHelper   : SQL Warning Code: 0, SQLState: 00000
2023-09-08T13:10:01.797+02:00  WARN 32588 --- [    Test worker] o.h.engine.jdbc.spi.SqlExceptionHelper   : table "recipe" does not exist, skipping
2023-09-08T13:10:01.800+02:00  WARN 32588 --- [    Test worker] o.h.engine.jdbc.spi.SqlExceptionHelper   : SQL Warning Code: 0, SQLState: 00000
2023-09-08T13:10:01.800+02:00  WARN 32588 --- [    Test worker] o.h.engine.jdbc.spi.SqlExceptionHelper   : table "step" does not exist, skipping
2023-09-08T13:10:01.844+02:00  INFO 32588 --- [    Test worker] o.h.t.s.i.e.GenerationTargetToDatabase   : HHH000476: Executing script '[injected ScriptSourceInputNonExistentImpl script]'
2023-09-08T13:10:01.845+02:00  INFO 32588 --- [    Test worker] j.LocalContainerEntityManagerFactoryBean : Initialized JPA EntityManagerFactory for persistence unit 'default'
2023-09-08T13:10:01.957+02:00  WARN 32588 --- [    Test worker] JpaBaseConfiguration$JpaWebConfiguration : spring.jpa.open-in-view is enabled by default. Therefore, database queries may be performed during view rendering. Explicitly configure spring.jpa.open-in-view to disable this warning
2023-09-08T13:10:02.200+02:00  INFO 32588 --- [    Test worker] o.s.b.a.e.web.EndpointLinksResolver      : Exposing 1 endpoint(s) beneath base path '/actuator'
2023-09-08T13:10:02.230+02:00  INFO 32588 --- [    Test worker] o.s.b.w.embedded.tomcat.TomcatWebServer  : Tomcat started on port(s): 62431 (http) with context path ''
2023-09-08T13:10:02.237+02:00  INFO 32588 --- [    Test worker] c.r.controller.RecipeControllerTest      : Started RecipeControllerTest in 1.011 seconds (process running for 127.727)
2023-09-08T13:10:02.407+02:00  INFO 32588 --- [o-auto-5-exec-1] o.a.c.c.C.[Tomcat].[localhost].[/]       : Initializing Spring DispatcherServlet 'dispatcherServlet'
2023-09-08T13:10:02.407+02:00  INFO 32588 --- [o-auto-5-exec-1] o.s.web.servlet.DispatcherServlet        : Initializing Servlet 'dispatcherServlet'
2023-09-08T13:10:02.408+02:00  INFO 32588 --- [o-auto-5-exec-1] o.s.web.servlet.DispatcherServlet        : Completed initialization in 1 ms
2023-09-08T13:10:02.442+02:00  INFO 32588 --- [    Test worker] o.apache.catalina.core.StandardService   : Stopping service [Tomcat]
2023-09-08T13:10:02.443+02:00  INFO 32588 --- [    Test worker] o.a.c.c.C.[Tomcat].[localhost].[/]       : Destroying Spring FrameworkServlet 'dispatcherServlet'
2023-09-08T13:10:04.519+02:00  INFO 32588 --- [    Test worker] j.LocalContainerEntityManagerFactoryBean : Closing JPA EntityManagerFactory for persistence unit 'default'
2023-09-08T13:10:04.520+02:00  INFO 32588 --- [    Test worker] .SchemaDropperImpl$DelayedDropActionImpl : HHH000477: Starting delayed evictData of schema as part of SessionFactory shut-down'
2023-09-08T13:10:04.572+02:00  INFO 32588 --- [    Test worker] com.zaxxer.hikari.HikariDataSource       : HikariPool-5 - Shutdown initiated...
2023-09-08T13:10:04.590+02:00  INFO 32588 --- [    Test worker] com.zaxxer.hikari.HikariDataSource       : HikariPool-5 - Shutdown completed.

  .   ____          _            __ _ _
 /\\ / ___'_ __ _ _(_)_ __  __ _ \ \ \ \
( ( )\___ | '_ | '_| | '_ \/ _` | \ \ \ \
 \\/  ___)| |_)| | | | | || (_| |  ) ) ) )
  '  |____| .__|_| |_|_| |_\__, | / / / /
 =========|_|==============|___/=/_/_/_/
 :: Spring Boot ::                (v3.1.0)

2023-09-08T13:10:04.669+02:00  INFO 32588 --- [    Test worker] c.r.controller.RecipeControllerTest      : Starting RecipeControllerTest using Java 17.0.6 with PID 32588 (started by kubas in C:\Users\kubas\Desktop\FIXXXX\Recipe_Manager_Recipe)
2023-09-08T13:10:04.670+02:00  INFO 32588 --- [    Test worker] c.r.controller.RecipeControllerTest      : No active profile set, falling back to 1 default profile: "default"
2023-09-08T13:10:05.038+02:00  INFO 32588 --- [    Test worker] .s.d.r.c.RepositoryConfigurationDelegate : Bootstrapping Spring Data JPA repositories in DEFAULT mode.
2023-09-08T13:10:05.049+02:00  INFO 32588 --- [    Test worker] .s.d.r.c.RepositoryConfigurationDelegate : Finished Spring Data repository scanning in 11 ms. Found 4 JPA repository interfaces.
2023-09-08T13:10:05.115+02:00  INFO 32588 --- [    Test worker] o.s.b.w.embedded.tomcat.TomcatWebServer  : Tomcat initialized with port(s): 0 (http)
2023-09-08T13:10:05.115+02:00  INFO 32588 --- [    Test worker] o.apache.catalina.core.StandardService   : Starting service [Tomcat]
2023-09-08T13:10:05.116+02:00  INFO 32588 --- [    Test worker] o.apache.catalina.core.StandardEngine    : Starting Servlet engine: [Apache Tomcat/10.1.8]
2023-09-08T13:10:05.159+02:00  INFO 32588 --- [    Test worker] o.a.c.c.C.[Tomcat].[localhost].[/]       : Initializing Spring embedded WebApplicationContext
2023-09-08T13:10:05.159+02:00  INFO 32588 --- [    Test worker] w.s.c.ServletWebServerApplicationContext : Root WebApplicationContext: initialization completed in 484 ms
2023-09-08T13:10:05.323+02:00  INFO 32588 --- [    Test worker] o.hibernate.jpa.internal.util.LogHelper  : HHH000204: Processing PersistenceUnitInfo [name: default]
2023-09-08T13:10:05.343+02:00  INFO 32588 --- [    Test worker] o.h.b.i.BytecodeProviderInitiator        : HHH000021: Bytecode provider name : bytebuddy
2023-09-08T13:10:05.343+02:00  INFO 32588 --- [    Test worker] o.s.o.j.p.SpringPersistenceUnitInfo      : No LoadTimeWeaver setup: ignoring JPA class transformer
2023-09-08T13:10:05.346+02:00  INFO 32588 --- [    Test worker] com.zaxxer.hikari.HikariDataSource       : HikariPool-6 - Starting...
2023-09-08T13:10:05.377+02:00  INFO 32588 --- [    Test worker] com.zaxxer.hikari.pool.HikariPool        : HikariPool-6 - Added connection org.postgresql.jdbc.PgConnection@480a3ffc
2023-09-08T13:10:05.377+02:00  INFO 32588 --- [    Test worker] com.zaxxer.hikari.HikariDataSource       : HikariPool-6 - Start completed.
2023-09-08T13:10:05.383+02:00  INFO 32588 --- [    Test worker] org.hibernate.orm.dialect                : HHH035001: Using dialect: org.hibernate.dialect.PostgreSQLDialect, version: org.hibernate.engine.jdbc.env.internal.JdbcEnvironmentInitiator$DialectResolutionInfoImpl@1e287251
2023-09-08T13:10:05.407+02:00  INFO 32588 --- [    Test worker] o.h.b.i.BytecodeProviderInitiator        : HHH000021: Bytecode provider name : bytebuddy
2023-09-08T13:10:05.453+02:00  INFO 32588 --- [    Test worker] o.h.e.t.j.p.i.JtaPlatformInitiator       : HHH000490: Using JtaPlatform implementation: [org.hibernate.engine.transaction.jta.platform.internal.NoJtaPlatform]
2023-09-08T13:10:05.456+02:00  WARN 32588 --- [    Test worker] o.h.engine.jdbc.spi.SqlExceptionHelper   : SQL Warning Code: 0, SQLState: 00000
2023-09-08T13:10:05.457+02:00  WARN 32588 --- [    Test worker] o.h.engine.jdbc.spi.SqlExceptionHelper   : relation "amount" does not exist, skipping
2023-09-08T13:10:05.458+02:00  WARN 32588 --- [    Test worker] o.h.engine.jdbc.spi.SqlExceptionHelper   : SQL Warning Code: 0, SQLState: 00000
2023-09-08T13:10:05.458+02:00  WARN 32588 --- [    Test worker] o.h.engine.jdbc.spi.SqlExceptionHelper   : relation "amount" does not exist, skipping
2023-09-08T13:10:05.461+02:00  WARN 32588 --- [    Test worker] o.h.engine.jdbc.spi.SqlExceptionHelper   : SQL Warning Code: 0, SQLState: 00000
2023-09-08T13:10:05.461+02:00  WARN 32588 --- [    Test worker] o.h.engine.jdbc.spi.SqlExceptionHelper   : relation "ingredient" does not exist, skipping
2023-09-08T13:10:05.462+02:00  WARN 32588 --- [    Test worker] o.h.engine.jdbc.spi.SqlExceptionHelper   : SQL Warning Code: 0, SQLState: 00000
2023-09-08T13:10:05.462+02:00  WARN 32588 --- [    Test worker] o.h.engine.jdbc.spi.SqlExceptionHelper   : relation "step" does not exist, skipping
2023-09-08T13:10:05.464+02:00  WARN 32588 --- [    Test worker] o.h.engine.jdbc.spi.SqlExceptionHelper   : SQL Warning Code: 0, SQLState: 00000
2023-09-08T13:10:05.464+02:00  WARN 32588 --- [    Test worker] o.h.engine.jdbc.spi.SqlExceptionHelper   : table "amount" does not exist, skipping
2023-09-08T13:10:05.465+02:00  WARN 32588 --- [    Test worker] o.h.engine.jdbc.spi.SqlExceptionHelper   : SQL Warning Code: 0, SQLState: 00000
2023-09-08T13:10:05.465+02:00  WARN 32588 --- [    Test worker] o.h.engine.jdbc.spi.SqlExceptionHelper   : table "ingredient" does not exist, skipping
2023-09-08T13:10:05.467+02:00  WARN 32588 --- [    Test worker] o.h.engine.jdbc.spi.SqlExceptionHelper   : SQL Warning Code: 0, SQLState: 00000
2023-09-08T13:10:05.467+02:00  WARN 32588 --- [    Test worker] o.h.engine.jdbc.spi.SqlExceptionHelper   : table "recipe" does not exist, skipping
2023-09-08T13:10:05.469+02:00  WARN 32588 --- [    Test worker] o.h.engine.jdbc.spi.SqlExceptionHelper   : SQL Warning Code: 0, SQLState: 00000
2023-09-08T13:10:05.469+02:00  WARN 32588 --- [    Test worker] o.h.engine.jdbc.spi.SqlExceptionHelper   : table "step" does not exist, skipping
2023-09-08T13:10:05.498+02:00  INFO 32588 --- [    Test worker] o.h.t.s.i.e.GenerationTargetToDatabase   : HHH000476: Executing script '[injected ScriptSourceInputNonExistentImpl script]'
2023-09-08T13:10:05.498+02:00  INFO 32588 --- [    Test worker] j.LocalContainerEntityManagerFactoryBean : Initialized JPA EntityManagerFactory for persistence unit 'default'
2023-09-08T13:10:05.594+02:00  WARN 32588 --- [    Test worker] JpaBaseConfiguration$JpaWebConfiguration : spring.jpa.open-in-view is enabled by default. Therefore, database queries may be performed during view rendering. Explicitly configure spring.jpa.open-in-view to disable this warning
2023-09-08T13:10:05.794+02:00  INFO 32588 --- [    Test worker] o.s.b.a.e.web.EndpointLinksResolver      : Exposing 1 endpoint(s) beneath base path '/actuator'
2023-09-08T13:10:05.822+02:00  INFO 32588 --- [    Test worker] o.s.b.w.embedded.tomcat.TomcatWebServer  : Tomcat started on port(s): 62444 (http) with context path ''
2023-09-08T13:10:05.837+02:00  INFO 32588 --- [    Test worker] c.r.controller.RecipeControllerTest      : Started RecipeControllerTest in 1.237 seconds (process running for 131.326)
2023-09-08T13:10:06.020+02:00  INFO 32588 --- [o-auto-6-exec-1] o.a.c.c.C.[Tomcat].[localhost].[/]       : Initializing Spring DispatcherServlet 'dispatcherServlet'
2023-09-08T13:10:06.020+02:00  INFO 32588 --- [o-auto-6-exec-1] o.s.web.servlet.DispatcherServlet        : Initializing Servlet 'dispatcherServlet'
2023-09-08T13:10:06.021+02:00  INFO 32588 --- [o-auto-6-exec-1] o.s.web.servlet.DispatcherServlet        : Completed initialization in 1 ms
2023-09-08T13:10:06.208+02:00  INFO 32588 --- [    Test worker] o.apache.catalina.core.StandardService   : Stopping service [Tomcat]
2023-09-08T13:10:06.208+02:00  INFO 32588 --- [    Test worker] o.a.c.c.C.[Tomcat].[localhost].[/]       : Destroying Spring FrameworkServlet 'dispatcherServlet'
2023-09-08T13:10:08.288+02:00  INFO 32588 --- [    Test worker] j.LocalContainerEntityManagerFactoryBean : Closing JPA EntityManagerFactory for persistence unit 'default'
2023-09-08T13:10:08.288+02:00  INFO 32588 --- [    Test worker] .SchemaDropperImpl$DelayedDropActionImpl : HHH000477: Starting delayed evictData of schema as part of SessionFactory shut-down'
2023-09-08T13:10:08.347+02:00  INFO 32588 --- [    Test worker] com.zaxxer.hikari.HikariDataSource       : HikariPool-6 - Shutdown initiated...
2023-09-08T13:10:08.370+02:00  INFO 32588 --- [    Test worker] com.zaxxer.hikari.HikariDataSource       : HikariPool-6 - Shutdown completed.

  .   ____          _            __ _ _
 /\\ / ___'_ __ _ _(_)_ __  __ _ \ \ \ \
( ( )\___ | '_ | '_| | '_ \/ _` | \ \ \ \
 \\/  ___)| |_)| | | | | || (_| |  ) ) ) )
  '  |____| .__|_| |_|_| |_\__, | / / / /
 =========|_|==============|___/=/_/_/_/
 :: Spring Boot ::                (v3.1.0)

2023-09-08T13:10:08.441+02:00  INFO 32588 --- [    Test worker] c.r.controller.RecipeControllerTest      : Starting RecipeControllerTest using Java 17.0.6 with PID 32588 (started by kubas in C:\Users\kubas\Desktop\FIXXXX\Recipe_Manager_Recipe)
2023-09-08T13:10:08.441+02:00  INFO 32588 --- [    Test worker] c.r.controller.RecipeControllerTest      : No active profile set, falling back to 1 default profile: "default"
2023-09-08T13:10:08.660+02:00  INFO 32588 --- [    Test worker] .s.d.r.c.RepositoryConfigurationDelegate : Bootstrapping Spring Data JPA repositories in DEFAULT mode.
2023-09-08T13:10:08.671+02:00  INFO 32588 --- [    Test worker] .s.d.r.c.RepositoryConfigurationDelegate : Finished Spring Data repository scanning in 10 ms. Found 4 JPA repository interfaces.
2023-09-08T13:10:08.727+02:00  INFO 32588 --- [    Test worker] o.s.b.w.embedded.tomcat.TomcatWebServer  : Tomcat initialized with port(s): 0 (http)
2023-09-08T13:10:08.728+02:00  INFO 32588 --- [    Test worker] o.apache.catalina.core.StandardService   : Starting service [Tomcat]
2023-09-08T13:10:08.728+02:00  INFO 32588 --- [    Test worker] o.apache.catalina.core.StandardEngine    : Starting Servlet engine: [Apache Tomcat/10.1.8]
2023-09-08T13:10:08.763+02:00  INFO 32588 --- [    Test worker] o.a.c.c.C.[Tomcat].[localhost].[/]       : Initializing Spring embedded WebApplicationContext
2023-09-08T13:10:08.763+02:00  INFO 32588 --- [    Test worker] w.s.c.ServletWebServerApplicationContext : Root WebApplicationContext: initialization completed in 320 ms
2023-09-08T13:10:08.835+02:00  INFO 32588 --- [    Test worker] o.hibernate.jpa.internal.util.LogHelper  : HHH000204: Processing PersistenceUnitInfo [name: default]
2023-09-08T13:10:08.843+02:00  INFO 32588 --- [    Test worker] o.h.b.i.BytecodeProviderInitiator        : HHH000021: Bytecode provider name : bytebuddy
2023-09-08T13:10:08.844+02:00  INFO 32588 --- [    Test worker] o.s.o.j.p.SpringPersistenceUnitInfo      : No LoadTimeWeaver setup: ignoring JPA class transformer
2023-09-08T13:10:08.844+02:00  INFO 32588 --- [    Test worker] com.zaxxer.hikari.HikariDataSource       : HikariPool-7 - Starting...
2023-09-08T13:10:08.866+02:00  INFO 32588 --- [    Test worker] com.zaxxer.hikari.pool.HikariPool        : HikariPool-7 - Added connection org.postgresql.jdbc.PgConnection@799326d7
2023-09-08T13:10:08.867+02:00  INFO 32588 --- [    Test worker] com.zaxxer.hikari.HikariDataSource       : HikariPool-7 - Start completed.
2023-09-08T13:10:08.872+02:00  INFO 32588 --- [    Test worker] org.hibernate.orm.dialect                : HHH035001: Using dialect: org.hibernate.dialect.PostgreSQLDialect, version: org.hibernate.engine.jdbc.env.internal.JdbcEnvironmentInitiator$DialectResolutionInfoImpl@55082ca8
2023-09-08T13:10:08.895+02:00  INFO 32588 --- [    Test worker] o.h.b.i.BytecodeProviderInitiator        : HHH000021: Bytecode provider name : bytebuddy
2023-09-08T13:10:08.935+02:00  INFO 32588 --- [    Test worker] o.h.e.t.j.p.i.JtaPlatformInitiator       : HHH000490: Using JtaPlatform implementation: [org.hibernate.engine.transaction.jta.platform.internal.NoJtaPlatform]
2023-09-08T13:10:08.938+02:00  WARN 32588 --- [    Test worker] o.h.engine.jdbc.spi.SqlExceptionHelper   : SQL Warning Code: 0, SQLState: 00000
2023-09-08T13:10:08.939+02:00  WARN 32588 --- [    Test worker] o.h.engine.jdbc.spi.SqlExceptionHelper   : relation "amount" does not exist, skipping
2023-09-08T13:10:08.940+02:00  WARN 32588 --- [    Test worker] o.h.engine.jdbc.spi.SqlExceptionHelper   : SQL Warning Code: 0, SQLState: 00000
2023-09-08T13:10:08.940+02:00  WARN 32588 --- [    Test worker] o.h.engine.jdbc.spi.SqlExceptionHelper   : relation "amount" does not exist, skipping
2023-09-08T13:10:08.942+02:00  WARN 32588 --- [    Test worker] o.h.engine.jdbc.spi.SqlExceptionHelper   : SQL Warning Code: 0, SQLState: 00000
2023-09-08T13:10:08.942+02:00  WARN 32588 --- [    Test worker] o.h.engine.jdbc.spi.SqlExceptionHelper   : relation "ingredient" does not exist, skipping
2023-09-08T13:10:08.944+02:00  WARN 32588 --- [    Test worker] o.h.engine.jdbc.spi.SqlExceptionHelper   : SQL Warning Code: 0, SQLState: 00000
2023-09-08T13:10:08.945+02:00  WARN 32588 --- [    Test worker] o.h.engine.jdbc.spi.SqlExceptionHelper   : relation "step" does not exist, skipping
2023-09-08T13:10:08.946+02:00  WARN 32588 --- [    Test worker] o.h.engine.jdbc.spi.SqlExceptionHelper   : SQL Warning Code: 0, SQLState: 00000
2023-09-08T13:10:08.946+02:00  WARN 32588 --- [    Test worker] o.h.engine.jdbc.spi.SqlExceptionHelper   : table "amount" does not exist, skipping
2023-09-08T13:10:08.947+02:00  WARN 32588 --- [    Test worker] o.h.engine.jdbc.spi.SqlExceptionHelper   : SQL Warning Code: 0, SQLState: 00000
2023-09-08T13:10:08.947+02:00  WARN 32588 --- [    Test worker] o.h.engine.jdbc.spi.SqlExceptionHelper   : table "ingredient" does not exist, skipping
2023-09-08T13:10:08.949+02:00  WARN 32588 --- [    Test worker] o.h.engine.jdbc.spi.SqlExceptionHelper   : SQL Warning Code: 0, SQLState: 00000
2023-09-08T13:10:08.950+02:00  WARN 32588 --- [    Test worker] o.h.engine.jdbc.spi.SqlExceptionHelper   : table "recipe" does not exist, skipping
2023-09-08T13:10:08.951+02:00  WARN 32588 --- [    Test worker] o.h.engine.jdbc.spi.SqlExceptionHelper   : SQL Warning Code: 0, SQLState: 00000
2023-09-08T13:10:08.951+02:00  WARN 32588 --- [    Test worker] o.h.engine.jdbc.spi.SqlExceptionHelper   : table "step" does not exist, skipping
2023-09-08T13:10:08.978+02:00  INFO 32588 --- [    Test worker] o.h.t.s.i.e.GenerationTargetToDatabase   : HHH000476: Executing script '[injected ScriptSourceInputNonExistentImpl script]'
2023-09-08T13:10:08.979+02:00  INFO 32588 --- [    Test worker] j.LocalContainerEntityManagerFactoryBean : Initialized JPA EntityManagerFactory for persistence unit 'default'
2023-09-08T13:10:09.113+02:00  WARN 32588 --- [    Test worker] JpaBaseConfiguration$JpaWebConfiguration : spring.jpa.open-in-view is enabled by default. Therefore, database queries may be performed during view rendering. Explicitly configure spring.jpa.open-in-view to disable this warning
2023-09-08T13:10:09.285+02:00  INFO 32588 --- [    Test worker] o.s.b.a.e.web.EndpointLinksResolver      : Exposing 1 endpoint(s) beneath base path '/actuator'
2023-09-08T13:10:09.321+02:00  INFO 32588 --- [    Test worker] o.s.b.w.embedded.tomcat.TomcatWebServer  : Tomcat started on port(s): 62458 (http) with context path ''
2023-09-08T13:10:09.328+02:00  INFO 32588 --- [    Test worker] c.r.controller.RecipeControllerTest      : Started RecipeControllerTest in 0.949 seconds (process running for 134.817)
2023-09-08T13:10:09.498+02:00  INFO 32588 --- [o-auto-7-exec-1] o.a.c.c.C.[Tomcat].[localhost].[/]       : Initializing Spring DispatcherServlet 'dispatcherServlet'
2023-09-08T13:10:09.498+02:00  INFO 32588 --- [o-auto-7-exec-1] o.s.web.servlet.DispatcherServlet        : Initializing Servlet 'dispatcherServlet'
2023-09-08T13:10:09.500+02:00  INFO 32588 --- [o-auto-7-exec-1] o.s.web.servlet.DispatcherServlet        : Completed initialization in 1 ms
2023-09-08T13:10:09.606+02:00  INFO 32588 --- [    Test worker] o.apache.catalina.core.StandardService   : Stopping service [Tomcat]
2023-09-08T13:10:09.606+02:00  INFO 32588 --- [    Test worker] o.a.c.c.C.[Tomcat].[localhost].[/]       : Destroying Spring FrameworkServlet 'dispatcherServlet'
2023-09-08T13:10:11.683+02:00  INFO 32588 --- [    Test worker] j.LocalContainerEntityManagerFactoryBean : Closing JPA EntityManagerFactory for persistence unit 'default'
2023-09-08T13:10:11.683+02:00  INFO 32588 --- [    Test worker] .SchemaDropperImpl$DelayedDropActionImpl : HHH000477: Starting delayed evictData of schema as part of SessionFactory shut-down'
2023-09-08T13:10:11.735+02:00  INFO 32588 --- [    Test worker] com.zaxxer.hikari.HikariDataSource       : HikariPool-7 - Shutdown initiated...
2023-09-08T13:10:11.753+02:00  INFO 32588 --- [    Test worker] com.zaxxer.hikari.HikariDataSource       : HikariPool-7 - Shutdown completed.

  .   ____          _            __ _ _
 /\\ / ___'_ __ _ _(_)_ __  __ _ \ \ \ \
( ( )\___ | '_ | '_| | '_ \/ _` | \ \ \ \
 \\/  ___)| |_)| | | | | || (_| |  ) ) ) )
  '  |____| .__|_| |_|_| |_\__, | / / / /
 =========|_|==============|___/=/_/_/_/
 :: Spring Boot ::                (v3.1.0)

2023-09-08T13:10:11.827+02:00  INFO 32588 --- [    Test worker] c.r.controller.RecipeControllerTest      : Starting RecipeControllerTest using Java 17.0.6 with PID 32588 (started by kubas in C:\Users\kubas\Desktop\FIXXXX\Recipe_Manager_Recipe)
2023-09-08T13:10:11.827+02:00  INFO 32588 --- [    Test worker] c.r.controller.RecipeControllerTest      : No active profile set, falling back to 1 default profile: "default"
2023-09-08T13:10:12.047+02:00  INFO 32588 --- [    Test worker] .s.d.r.c.RepositoryConfigurationDelegate : Bootstrapping Spring Data JPA repositories in DEFAULT mode.
2023-09-08T13:10:12.062+02:00  INFO 32588 --- [    Test worker] .s.d.r.c.RepositoryConfigurationDelegate : Finished Spring Data repository scanning in 13 ms. Found 4 JPA repository interfaces.
2023-09-08T13:10:12.142+02:00  INFO 32588 --- [    Test worker] o.s.b.w.embedded.tomcat.TomcatWebServer  : Tomcat initialized with port(s): 0 (http)
2023-09-08T13:10:12.142+02:00  INFO 32588 --- [    Test worker] o.apache.catalina.core.StandardService   : Starting service [Tomcat]
2023-09-08T13:10:12.142+02:00  INFO 32588 --- [    Test worker] o.apache.catalina.core.StandardEngine    : Starting Servlet engine: [Apache Tomcat/10.1.8]
2023-09-08T13:10:12.180+02:00  INFO 32588 --- [    Test worker] o.a.c.c.C.[Tomcat].[localhost].[/]       : Initializing Spring embedded WebApplicationContext
2023-09-08T13:10:12.180+02:00  INFO 32588 --- [    Test worker] w.s.c.ServletWebServerApplicationContext : Root WebApplicationContext: initialization completed in 349 ms
2023-09-08T13:10:12.238+02:00  INFO 32588 --- [    Test worker] o.hibernate.jpa.internal.util.LogHelper  : HHH000204: Processing PersistenceUnitInfo [name: default]
2023-09-08T13:10:12.247+02:00  INFO 32588 --- [    Test worker] o.h.b.i.BytecodeProviderInitiator        : HHH000021: Bytecode provider name : bytebuddy
2023-09-08T13:10:12.247+02:00  INFO 32588 --- [    Test worker] o.s.o.j.p.SpringPersistenceUnitInfo      : No LoadTimeWeaver setup: ignoring JPA class transformer
2023-09-08T13:10:12.248+02:00  INFO 32588 --- [    Test worker] com.zaxxer.hikari.HikariDataSource       : HikariPool-8 - Starting...
2023-09-08T13:10:12.268+02:00  INFO 32588 --- [    Test worker] com.zaxxer.hikari.pool.HikariPool        : HikariPool-8 - Added connection org.postgresql.jdbc.PgConnection@43443721
2023-09-08T13:10:12.268+02:00  INFO 32588 --- [    Test worker] com.zaxxer.hikari.HikariDataSource       : HikariPool-8 - Start completed.
2023-09-08T13:10:12.273+02:00  INFO 32588 --- [    Test worker] org.hibernate.orm.dialect                : HHH035001: Using dialect: org.hibernate.dialect.PostgreSQLDialect, version: org.hibernate.engine.jdbc.env.internal.JdbcEnvironmentInitiator$DialectResolutionInfoImpl@576e46af
2023-09-08T13:10:12.291+02:00  INFO 32588 --- [    Test worker] o.h.b.i.BytecodeProviderInitiator        : HHH000021: Bytecode provider name : bytebuddy
2023-09-08T13:10:12.337+02:00  INFO 32588 --- [    Test worker] o.h.e.t.j.p.i.JtaPlatformInitiator       : HHH000490: Using JtaPlatform implementation: [org.hibernate.engine.transaction.jta.platform.internal.NoJtaPlatform]
2023-09-08T13:10:12.340+02:00  WARN 32588 --- [    Test worker] o.h.engine.jdbc.spi.SqlExceptionHelper   : SQL Warning Code: 0, SQLState: 00000
2023-09-08T13:10:12.341+02:00  WARN 32588 --- [    Test worker] o.h.engine.jdbc.spi.SqlExceptionHelper   : relation "amount" does not exist, skipping
2023-09-08T13:10:12.347+02:00  WARN 32588 --- [    Test worker] o.h.engine.jdbc.spi.SqlExceptionHelper   : SQL Warning Code: 0, SQLState: 00000
2023-09-08T13:10:12.347+02:00  WARN 32588 --- [    Test worker] o.h.engine.jdbc.spi.SqlExceptionHelper   : relation "amount" does not exist, skipping
2023-09-08T13:10:12.349+02:00  WARN 32588 --- [    Test worker] o.h.engine.jdbc.spi.SqlExceptionHelper   : SQL Warning Code: 0, SQLState: 00000
2023-09-08T13:10:12.349+02:00  WARN 32588 --- [    Test worker] o.h.engine.jdbc.spi.SqlExceptionHelper   : relation "ingredient" does not exist, skipping
2023-09-08T13:10:12.351+02:00  WARN 32588 --- [    Test worker] o.h.engine.jdbc.spi.SqlExceptionHelper   : SQL Warning Code: 0, SQLState: 00000
2023-09-08T13:10:12.351+02:00  WARN 32588 --- [    Test worker] o.h.engine.jdbc.spi.SqlExceptionHelper   : relation "step" does not exist, skipping
2023-09-08T13:10:12.353+02:00  WARN 32588 --- [    Test worker] o.h.engine.jdbc.spi.SqlExceptionHelper   : SQL Warning Code: 0, SQLState: 00000
2023-09-08T13:10:12.353+02:00  WARN 32588 --- [    Test worker] o.h.engine.jdbc.spi.SqlExceptionHelper   : table "amount" does not exist, skipping
2023-09-08T13:10:12.355+02:00  WARN 32588 --- [    Test worker] o.h.engine.jdbc.spi.SqlExceptionHelper   : SQL Warning Code: 0, SQLState: 00000
2023-09-08T13:10:12.355+02:00  WARN 32588 --- [    Test worker] o.h.engine.jdbc.spi.SqlExceptionHelper   : table "ingredient" does not exist, skipping
2023-09-08T13:10:12.356+02:00  WARN 32588 --- [    Test worker] o.h.engine.jdbc.spi.SqlExceptionHelper   : SQL Warning Code: 0, SQLState: 00000
2023-09-08T13:10:12.357+02:00  WARN 32588 --- [    Test worker] o.h.engine.jdbc.spi.SqlExceptionHelper   : table "recipe" does not exist, skipping
2023-09-08T13:10:12.358+02:00  WARN 32588 --- [    Test worker] o.h.engine.jdbc.spi.SqlExceptionHelper   : SQL Warning Code: 0, SQLState: 00000
2023-09-08T13:10:12.358+02:00  WARN 32588 --- [    Test worker] o.h.engine.jdbc.spi.SqlExceptionHelper   : table "step" does not exist, skipping
2023-09-08T13:10:12.378+02:00  INFO 32588 --- [    Test worker] o.h.t.s.i.e.GenerationTargetToDatabase   : HHH000476: Executing script '[injected ScriptSourceInputNonExistentImpl script]'
2023-09-08T13:10:12.378+02:00  INFO 32588 --- [    Test worker] j.LocalContainerEntityManagerFactoryBean : Initialized JPA EntityManagerFactory for persistence unit 'default'
2023-09-08T13:10:12.495+02:00  WARN 32588 --- [    Test worker] JpaBaseConfiguration$JpaWebConfiguration : spring.jpa.open-in-view is enabled by default. Therefore, database queries may be performed during view rendering. Explicitly configure spring.jpa.open-in-view to disable this warning
2023-09-08T13:10:12.618+02:00  INFO 32588 --- [    Test worker] o.s.b.a.e.web.EndpointLinksResolver      : Exposing 1 endpoint(s) beneath base path '/actuator'
2023-09-08T13:10:12.640+02:00  INFO 32588 --- [    Test worker] o.s.b.w.embedded.tomcat.TomcatWebServer  : Tomcat started on port(s): 62469 (http) with context path ''
2023-09-08T13:10:12.645+02:00  INFO 32588 --- [    Test worker] c.r.controller.RecipeControllerTest      : Started RecipeControllerTest in 0.881 seconds (process running for 138.134)
2023-09-08T13:10:12.768+02:00  INFO 32588 --- [o-auto-8-exec-1] o.a.c.c.C.[Tomcat].[localhost].[/]       : Initializing Spring DispatcherServlet 'dispatcherServlet'
2023-09-08T13:10:12.768+02:00  INFO 32588 --- [o-auto-8-exec-1] o.s.web.servlet.DispatcherServlet        : Initializing Servlet 'dispatcherServlet'
[...]
2023-09-08T13:10:37.013+02:00  WARN 32588 --- [    Test worker] o.h.engine.jdbc.spi.SqlExceptionHelper   : SQL Warning Code: 0, SQLState: 00000
2023-09-08T13:10:37.013+02:00  WARN 32588 --- [    Test worker] o.h.engine.jdbc.spi.SqlExceptionHelper   : table "recipe" does not exist, skipping
2023-09-08T13:10:37.015+02:00  WARN 32588 --- [    Test worker] o.h.engine.jdbc.spi.SqlExceptionHelper   : SQL Warning Code: 0, SQLState: 00000
2023-09-08T13:10:37.015+02:00  WARN 32588 --- [    Test worker] o.h.engine.jdbc.spi.SqlExceptionHelper   : table "step" does not exist, skipping
2023-09-08T13:10:37.050+02:00  INFO 32588 --- [    Test worker] o.h.t.s.i.e.GenerationTargetToDatabase   : HHH000476: Executing script '[injected ScriptSourceInputNonExistentImpl script]'
2023-09-08T13:10:37.050+02:00  INFO 32588 --- [    Test worker] j.LocalContainerEntityManagerFactoryBean : Initialized JPA EntityManagerFactory for persistence unit 'default'
2023-09-08T13:10:37.157+02:00  WARN 32588 --- [    Test worker] JpaBaseConfiguration$JpaWebConfiguration : spring.jpa.open-in-view is enabled by default. Therefore, database queries may be performed during view rendering. Explicitly configure spring.jpa.open-in-view to disable this warning
2023-09-08T13:10:37.445+02:00  INFO 32588 --- [    Test worker] o.s.b.a.e.web.EndpointLinksResolver      : Exposing 1 endpoint(s) beneath base path '/actuator'
2023-09-08T13:10:37.466+02:00  INFO 32588 --- [    Test worker] o.s.b.w.embedded.tomcat.TomcatWebServer  : Tomcat started on port(s): 62579 (http) with context path ''
2023-09-08T13:10:37.481+02:00  INFO 32588 --- [    Test worker] c.r.controller.RecipeControllerTest      : Started RecipeControllerTest in 1.089 seconds (process running for 162.971)
2023-09-08T13:10:37.589+02:00  INFO 32588 --- [-auto-16-exec-1] o.a.c.c.C.[Tomcat].[localhost].[/]       : Initializing Spring DispatcherServlet 'dispatcherServlet'
2023-09-08T13:10:37.589+02:00  INFO 32588 --- [-auto-16-exec-1] o.s.web.servlet.DispatcherServlet        : Initializing Servlet 'dispatcherServlet'
2023-09-08T13:10:37.590+02:00  INFO 32588 --- [-auto-16-exec-1] o.s.web.servlet.DispatcherServlet        : Completed initialization in 1 ms
2023-09-08T13:10:37.626+02:00  INFO 32588 --- [    Test worker] o.apache.catalina.core.StandardService   : Stopping service [Tomcat]
2023-09-08T13:10:37.627+02:00  INFO 32588 --- [    Test worker] o.a.c.c.C.[Tomcat].[localhost].[/]       : Destroying Spring FrameworkServlet 'dispatcherServlet'
2023-09-08T13:10:39.705+02:00  INFO 32588 --- [    Test worker] j.LocalContainerEntityManagerFactoryBean : Closing JPA EntityManagerFactory for persistence unit 'default'
2023-09-08T13:10:39.706+02:00  INFO 32588 --- [    Test worker] .SchemaDropperImpl$DelayedDropActionImpl : HHH000477: Starting delayed evictData of schema as part of SessionFactory shut-down'
2023-09-08T13:10:39.758+02:00  INFO 32588 --- [    Test worker] com.zaxxer.hikari.HikariDataSource       : HikariPool-16 - Shutdown initiated...
2023-09-08T13:10:39.772+02:00  INFO 32588 --- [    Test worker] com.zaxxer.hikari.HikariDataSource       : HikariPool-16 - Shutdown completed.

  .   ____          _            __ _ _
 /\\ / ___'_ __ _ _(_)_ __  __ _ \ \ \ \
( ( )\___ | '_ | '_| | '_ \/ _` | \ \ \ \
 \\/  ___)| |_)| | | | | || (_| |  ) ) ) )
  '  |____| .__|_| |_|_| |_\__, | / / / /
 =========|_|==============|___/=/_/_/_/
 :: Spring Boot ::                (v3.1.0)

2023-09-08T13:10:39.846+02:00  INFO 32588 --- [    Test worker] c.r.controller.RecipeControllerTest      : Starting RecipeControllerTest using Java 17.0.6 with PID 32588 (started by kubas in C:\Users\kubas\Desktop\FIXXXX\Recipe_Manager_Recipe)
2023-09-08T13:10:39.847+02:00  INFO 32588 --- [    Test worker] c.r.controller.RecipeControllerTest      : No active profile set, falling back to 1 default profile: "default"
2023-09-08T13:10:40.076+02:00  INFO 32588 --- [    Test worker] .s.d.r.c.RepositoryConfigurationDelegate : Bootstrapping Spring Data JPA repositories in DEFAULT mode.
2023-09-08T13:10:40.083+02:00  INFO 32588 --- [    Test worker] .s.d.r.c.RepositoryConfigurationDelegate : Finished Spring Data repository scanning in 7 ms. Found 4 JPA repository interfaces.
2023-09-08T13:10:40.114+02:00  INFO 32588 --- [    Test worker] o.s.b.w.embedded.tomcat.TomcatWebServer  : Tomcat initialized with port(s): 0 (http)
2023-09-08T13:10:40.114+02:00  INFO 32588 --- [    Test worker] o.apache.catalina.core.StandardService   : Starting service [Tomcat]
2023-09-08T13:10:40.114+02:00  INFO 32588 --- [    Test worker] o.apache.catalina.core.StandardEngine    : Starting Servlet engine: [Apache Tomcat/10.1.8]
2023-09-08T13:10:40.140+02:00  INFO 32588 --- [    Test worker] o.a.c.c.C.[Tomcat].[localhost].[/]       : Initializing Spring embedded WebApplicationContext
2023-09-08T13:10:40.140+02:00  INFO 32588 --- [    Test worker] w.s.c.ServletWebServerApplicationContext : Root WebApplicationContext: initialization completed in 287 ms
2023-09-08T13:10:40.181+02:00  INFO 32588 --- [    Test worker] o.hibernate.jpa.internal.util.LogHelper  : HHH000204: Processing PersistenceUnitInfo [name: default]
2023-09-08T13:10:40.187+02:00  INFO 32588 --- [    Test worker] o.h.b.i.BytecodeProviderInitiator        : HHH000021: Bytecode provider name : bytebuddy
2023-09-08T13:10:40.187+02:00  INFO 32588 --- [    Test worker] o.s.o.j.p.SpringPersistenceUnitInfo      : No LoadTimeWeaver setup: ignoring JPA class transformer
2023-09-08T13:10:40.188+02:00  INFO 32588 --- [    Test worker] com.zaxxer.hikari.HikariDataSource       : HikariPool-17 - Starting...
2023-09-08T13:10:40.203+02:00  INFO 32588 --- [    Test worker] com.zaxxer.hikari.pool.HikariPool        : HikariPool-17 - Added connection org.postgresql.jdbc.PgConnection@49401c88
2023-09-08T13:10:40.203+02:00  INFO 32588 --- [    Test worker] com.zaxxer.hikari.HikariDataSource       : HikariPool-17 - Start completed.
2023-09-08T13:10:40.205+02:00  INFO 32588 --- [    Test worker] org.hibernate.orm.dialect                : HHH035001: Using dialect: org.hibernate.dialect.PostgreSQLDialect, version: org.hibernate.engine.jdbc.env.internal.JdbcEnvironmentInitiator$DialectResolutionInfoImpl@1c7aa844
2023-09-08T13:10:40.215+02:00  INFO 32588 --- [    Test worker] o.h.b.i.BytecodeProviderInitiator        : HHH000021: Bytecode provider name : bytebuddy
2023-09-08T13:10:40.239+02:00  INFO 32588 --- [    Test worker] o.h.e.t.j.p.i.JtaPlatformInitiator       : HHH000490: Using JtaPlatform implementation: [org.hibernate.engine.transaction.jta.platform.internal.NoJtaPlatform]
2023-09-08T13:10:40.241+02:00  WARN 32588 --- [    Test worker] o.h.engine.jdbc.spi.SqlExceptionHelper   : SQL Warning Code: 0, SQLState: 00000
2023-09-08T13:10:40.241+02:00  WARN 32588 --- [    Test worker] o.h.engine.jdbc.spi.SqlExceptionHelper   : relation "amount" does not exist, skipping
2023-09-08T13:10:40.243+02:00  WARN 32588 --- [    Test worker] o.h.engine.jdbc.spi.SqlExceptionHelper   : SQL Warning Code: 0, SQLState: 00000
2023-09-08T13:10:40.243+02:00  WARN 32588 --- [    Test worker] o.h.engine.jdbc.spi.SqlExceptionHelper   : relation "amount" does not exist, skipping
2023-09-08T13:10:40.244+02:00  WARN 32588 --- [    Test worker] o.h.engine.jdbc.spi.SqlExceptionHelper   : SQL Warning Code: 0, SQLState: 00000
2023-09-08T13:10:40.244+02:00  WARN 32588 --- [    Test worker] o.h.engine.jdbc.spi.SqlExceptionHelper   : relation "ingredient" does not exist, skipping
2023-09-08T13:10:40.246+02:00  WARN 32588 --- [    Test worker] o.h.engine.jdbc.spi.SqlExceptionHelper   : SQL Warning Code: 0, SQLState: 00000
2023-09-08T13:10:40.246+02:00  WARN 32588 --- [    Test worker] o.h.engine.jdbc.spi.SqlExceptionHelper   : relation "step" does not exist, skipping
2023-09-08T13:10:40.247+02:00  WARN 32588 --- [    Test worker] o.h.engine.jdbc.spi.SqlExceptionHelper   : SQL Warning Code: 0, SQLState: 00000
2023-09-08T13:10:40.247+02:00  WARN 32588 --- [    Test worker] o.h.engine.jdbc.spi.SqlExceptionHelper   : table "amount" does not exist, skipping
2023-09-08T13:10:40.248+02:00  WARN 32588 --- [    Test worker] o.h.engine.jdbc.spi.SqlExceptionHelper   : SQL Warning Code: 0, SQLState: 00000
2023-09-08T13:10:40.248+02:00  WARN 32588 --- [    Test worker] o.h.engine.jdbc.spi.SqlExceptionHelper   : table "ingredient" does not exist, skipping
2023-09-08T13:10:40.249+02:00  WARN 32588 --- [    Test worker] o.h.engine.jdbc.spi.SqlExceptionHelper   : SQL Warning Code: 0, SQLState: 00000
2023-09-08T13:10:40.249+02:00  WARN 32588 --- [    Test worker] o.h.engine.jdbc.spi.SqlExceptionHelper   : table "recipe" does not exist, skipping
2023-09-08T13:10:40.250+02:00  WARN 32588 --- [    Test worker] o.h.engine.jdbc.spi.SqlExceptionHelper   : SQL Warning Code: 0, SQLState: 00000
2023-09-08T13:10:40.250+02:00  WARN 32588 --- [    Test worker] o.h.engine.jdbc.spi.SqlExceptionHelper   : table "step" does not exist, skipping
2023-09-08T13:10:40.264+02:00  INFO 32588 --- [    Test worker] o.h.t.s.i.e.GenerationTargetToDatabase   : HHH000476: Executing script '[injected ScriptSourceInputNonExistentImpl script]'
2023-09-08T13:10:40.264+02:00  INFO 32588 --- [    Test worker] j.LocalContainerEntityManagerFactoryBean : Initialized JPA EntityManagerFactory for persistence unit 'default'
2023-09-08T13:10:40.309+02:00  WARN 32588 --- [    Test worker] JpaBaseConfiguration$JpaWebConfiguration : spring.jpa.open-in-view is enabled by default. Therefore, database queries may be performed during view rendering. Explicitly configure spring.jpa.open-in-view to disable this warning
2023-09-08T13:10:40.429+02:00  INFO 32588 --- [    Test worker] o.s.b.a.e.web.EndpointLinksResolver      : Exposing 1 endpoint(s) beneath base path '/actuator'
2023-09-08T13:10:40.459+02:00  INFO 32588 --- [    Test worker] o.s.b.w.embedded.tomcat.TomcatWebServer  : Tomcat started on port(s): 62589 (http) with context path ''
2023-09-08T13:10:40.467+02:00  INFO 32588 --- [    Test worker] c.r.controller.RecipeControllerTest      : Started RecipeControllerTest in 0.686 seconds (process running for 165.956)
2023-09-08T13:10:40.660+02:00  INFO 32588 --- [-auto-17-exec-1] o.a.c.c.C.[Tomcat].[localhost].[/]       : Initializing Spring DispatcherServlet 'dispatcherServlet'
2023-09-08T13:10:40.661+02:00  INFO 32588 --- [-auto-17-exec-1] o.s.web.servlet.DispatcherServlet        : Initializing Servlet 'dispatcherServlet'
2023-09-08T13:10:40.662+02:00  INFO 32588 --- [-auto-17-exec-1] o.s.web.servlet.DispatcherServlet        : Completed initialization in 1 ms
2023-09-08T13:10:40.686+02:00  INFO 32588 --- [    Test worker] o.apache.catalina.core.StandardService   : Stopping service [Tomcat]
2023-09-08T13:10:40.686+02:00  INFO 32588 --- [    Test worker] o.a.c.c.C.[Tomcat].[localhost].[/]       : Destroying Spring FrameworkServlet 'dispatcherServlet'
2023-09-08T13:10:42.779+02:00  INFO 32588 --- [    Test worker] j.LocalContainerEntityManagerFactoryBean : Closing JPA EntityManagerFactory for persistence unit 'default'
2023-09-08T13:10:42.779+02:00  INFO 32588 --- [    Test worker] .SchemaDropperImpl$DelayedDropActionImpl : HHH000477: Starting delayed evictData of schema as part of SessionFactory shut-down'
2023-09-08T13:10:42.792+02:00  INFO 32588 --- [    Test worker] com.zaxxer.hikari.HikariDataSource       : HikariPool-17 - Shutdown initiated...
2023-09-08T13:10:42.797+02:00  INFO 32588 --- [    Test worker] com.zaxxer.hikari.HikariDataSource       : HikariPool-17 - Shutdown completed.

  .   ____          _            __ _ _
 /\\ / ___'_ __ _ _(_)_ __  __ _ \ \ \ \
( ( )\___ | '_ | '_| | '_ \/ _` | \ \ \ \
 \\/  ___)| |_)| | | | | || (_| |  ) ) ) )
  '  |____| .__|_| |_|_| |_\__, | / / / /
 =========|_|==============|___/=/_/_/_/
 :: Spring Boot ::                (v3.1.0)

2023-09-08T13:10:42.816+02:00  INFO 32588 --- [    Test worker] c.r.controller.RecipeControllerTest      : Starting RecipeControllerTest using Java 17.0.6 with PID 32588 (started by kubas in C:\Users\kubas\Desktop\FIXXXX\Recipe_Manager_Recipe)
2023-09-08T13:10:42.816+02:00  INFO 32588 --- [    Test worker] c.r.controller.RecipeControllerTest      : No active profile set, falling back to 1 default profile: "default"
2023-09-08T13:10:43.026+02:00  INFO 32588 --- [    Test worker] .s.d.r.c.RepositoryConfigurationDelegate : Bootstrapping Spring Data JPA repositories in DEFAULT mode.
2023-09-08T13:10:43.036+02:00  INFO 32588 --- [    Test worker] .s.d.r.c.RepositoryConfigurationDelegate : Finished Spring Data repository scanning in 10 ms. Found 4 JPA repository interfaces.
2023-09-08T13:10:43.071+02:00  INFO 32588 --- [    Test worker] o.s.b.w.embedded.tomcat.TomcatWebServer  : Tomcat initialized with port(s): 0 (http)
2023-09-08T13:10:43.071+02:00  INFO 32588 --- [    Test worker] o.apache.catalina.core.StandardService   : Starting service [Tomcat]
2023-09-08T13:10:43.071+02:00  INFO 32588 --- [    Test worker] o.apache.catalina.core.StandardEngine    : Starting Servlet engine: [Apache Tomcat/10.1.8]
2023-09-08T13:10:43.099+02:00  INFO 32588 --- [    Test worker] o.a.c.c.C.[Tomcat].[localhost].[/]       : Initializing Spring embedded WebApplicationContext
2023-09-08T13:10:43.099+02:00  INFO 32588 --- [    Test worker] w.s.c.ServletWebServerApplicationContext : Root WebApplicationContext: initialization completed in 282 ms
2023-09-08T13:10:43.129+02:00  INFO 32588 --- [    Test worker] o.hibernate.jpa.internal.util.LogHelper  : HHH000204: Processing PersistenceUnitInfo [name: default]
2023-09-08T13:10:43.135+02:00  INFO 32588 --- [    Test worker] o.h.b.i.BytecodeProviderInitiator        : HHH000021: Bytecode provider name : bytebuddy
2023-09-08T13:10:43.135+02:00  INFO 32588 --- [    Test worker] o.s.o.j.p.SpringPersistenceUnitInfo      : No LoadTimeWeaver setup: ignoring JPA class transformer
2023-09-08T13:10:43.136+02:00  INFO 32588 --- [    Test worker] com.zaxxer.hikari.HikariDataSource       : HikariPool-18 - Starting...
2023-09-08T13:10:43.161+02:00  INFO 32588 --- [    Test worker] com.zaxxer.hikari.pool.HikariPool        : HikariPool-18 - Added connection org.postgresql.jdbc.PgConnection@57c57c21
2023-09-08T13:10:43.161+02:00  INFO 32588 --- [    Test worker] com.zaxxer.hikari.HikariDataSource       : HikariPool-18 - Start completed.
2023-09-08T13:10:43.168+02:00  INFO 32588 --- [    Test worker] org.hibernate.orm.dialect                : HHH035001: Using dialect: org.hibernate.dialect.PostgreSQLDialect, version: org.hibernate.engine.jdbc.env.internal.JdbcEnvironmentInitiator$DialectResolutionInfoImpl@f45e521
2023-09-08T13:10:43.189+02:00  INFO 32588 --- [    Test worker] o.h.b.i.BytecodeProviderInitiator        : HHH000021: Bytecode provider name : bytebuddy
2023-09-08T13:10:43.234+02:00  INFO 32588 --- [    Test worker] o.h.e.t.j.p.i.JtaPlatformInitiator       : HHH000490: Using JtaPlatform implementation: [org.hibernate.engine.transaction.jta.platform.internal.NoJtaPlatform]
2023-09-08T13:10:43.238+02:00  WARN 32588 --- [    Test worker] o.h.engine.jdbc.spi.SqlExceptionHelper   : SQL Warning Code: 0, SQLState: 00000
2023-09-08T13:10:43.238+02:00  WARN 32588 --- [    Test worker] o.h.engine.jdbc.spi.SqlExceptionHelper   : relation "amount" does not exist, skipping
2023-09-08T13:10:43.240+02:00  WARN 32588 --- [    Test worker] o.h.engine.jdbc.spi.SqlExceptionHelper   : SQL Warning Code: 0, SQLState: 00000
2023-09-08T13:10:43.240+02:00  WARN 32588 --- [    Test worker] o.h.engine.jdbc.spi.SqlExceptionHelper   : relation "amount" does not exist, skipping
2023-09-08T13:10:43.241+02:00  WARN 32588 --- [    Test worker] o.h.engine.jdbc.spi.SqlExceptionHelper   : SQL Warning Code: 0, SQLState: 00000
2023-09-08T13:10:43.241+02:00  WARN 32588 --- [    Test worker] o.h.engine.jdbc.spi.SqlExceptionHelper   : relation "ingredient" does not exist, skipping
2023-09-08T13:10:43.243+02:00  WARN 32588 --- [    Test worker] o.h.engine.jdbc.spi.SqlExceptionHelper   : SQL Warning Code: 0, SQLState: 00000
2023-09-08T13:10:43.244+02:00  WARN 32588 --- [    Test worker] o.h.engine.jdbc.spi.SqlExceptionHelper   : relation "step" does not exist, skipping
2023-09-08T13:10:43.245+02:00  WARN 32588 --- [    Test worker] o.h.engine.jdbc.spi.SqlExceptionHelper   : SQL Warning Code: 0, SQLState: 00000
2023-09-08T13:10:43.245+02:00  WARN 32588 --- [    Test worker] o.h.engine.jdbc.spi.SqlExceptionHelper   : table "amount" does not exist, skipping
2023-09-08T13:10:43.247+02:00  WARN 32588 --- [    Test worker] o.h.engine.jdbc.spi.SqlExceptionHelper   : SQL Warning Code: 0, SQLState: 00000
2023-09-08T13:10:43.247+02:00  WARN 32588 --- [    Test worker] o.h.engine.jdbc.spi.SqlExceptionHelper   : table "ingredient" does not exist, skipping
2023-09-08T13:10:43.248+02:00  WARN 32588 --- [    Test worker] o.h.engine.jdbc.spi.SqlExceptionHelper   : SQL Warning Code: 0, SQLState: 00000
2023-09-08T13:10:43.248+02:00  WARN 32588 --- [    Test worker] o.h.engine.jdbc.spi.SqlExceptionHelper   : table "recipe" does not exist, skipping
2023-09-08T13:10:43.250+02:00  WARN 32588 --- [    Test worker] o.h.engine.jdbc.spi.SqlExceptionHelper   : SQL Warning Code: 0, SQLState: 00000
2023-09-08T13:10:43.250+02:00  WARN 32588 --- [    Test worker] o.h.engine.jdbc.spi.SqlExceptionHelper   : table "step" does not exist, skipping
2023-09-08T13:10:43.277+02:00  INFO 32588 --- [    Test worker] o.h.t.s.i.e.GenerationTargetToDatabase   : HHH000476: Executing script '[injected ScriptSourceInputNonExistentImpl script]'
2023-09-08T13:10:43.277+02:00  INFO 32588 --- [    Test worker] j.LocalContainerEntityManagerFactoryBean : Initialized JPA EntityManagerFactory for persistence unit 'default'
2023-09-08T13:10:43.370+02:00  WARN 32588 --- [    Test worker] JpaBaseConfiguration$JpaWebConfiguration : spring.jpa.open-in-view is enabled by default. Therefore, database queries may be performed during view rendering. Explicitly configure spring.jpa.open-in-view to disable this warning
2023-09-08T13:10:43.557+02:00  INFO 32588 --- [    Test worker] o.s.b.a.e.web.EndpointLinksResolver      : Exposing 1 endpoint(s) beneath base path '/actuator'
2023-09-08T13:10:43.584+02:00  INFO 32588 --- [    Test worker] o.s.b.w.embedded.tomcat.TomcatWebServer  : Tomcat started on port(s): 62604 (http) with context path ''
2023-09-08T13:10:43.590+02:00  INFO 32588 --- [    Test worker] c.r.controller.RecipeControllerTest      : Started RecipeControllerTest in 0.789 seconds (process running for 169.079)
2023-09-08T13:10:43.749+02:00  INFO 32588 --- [-auto-18-exec-1] o.a.c.c.C.[Tomcat].[localhost].[/]       : Initializing Spring DispatcherServlet 'dispatcherServlet'
2023-09-08T13:10:43.749+02:00  INFO 32588 --- [-auto-18-exec-1] o.s.web.servlet.DispatcherServlet        : Initializing Servlet 'dispatcherServlet'
2023-09-08T13:10:43.751+02:00  INFO 32588 --- [-auto-18-exec-1] o.s.web.servlet.DispatcherServlet        : Completed initialization in 2 ms
2023-09-08T13:10:43.779+02:00  INFO 32588 --- [    Test worker] o.apache.catalina.core.StandardService   : Stopping service [Tomcat]
2023-09-08T13:10:43.780+02:00  INFO 32588 --- [    Test worker] o.a.c.c.C.[Tomcat].[localhost].[/]       : Destroying Spring FrameworkServlet 'dispatcherServlet'
2023-09-08T13:10:45.877+02:00  INFO 32588 --- [    Test worker] j.LocalContainerEntityManagerFactoryBean : Closing JPA EntityManagerFactory for persistence unit 'default'
2023-09-08T13:10:45.878+02:00  INFO 32588 --- [    Test worker] .SchemaDropperImpl$DelayedDropActionImpl : HHH000477: Starting delayed evictData of schema as part of SessionFactory shut-down'
2023-09-08T13:10:45.936+02:00  INFO 32588 --- [    Test worker] com.zaxxer.hikari.HikariDataSource       : HikariPool-18 - Shutdown initiated...
2023-09-08T13:10:45.949+02:00  INFO 32588 --- [    Test worker] com.zaxxer.hikari.HikariDataSource       : HikariPool-18 - Shutdown completed.
]]></system-out>
  <system-err><![CDATA[]]></system-err>
</testsuite>
