<?xml version="1.0" encoding="UTF-8"?>
<testsuite name="com.softwareminds.recipemanager.controller.RecipeControllerTest" tests="18" skipped="0" failures="0" errors="0" timestamp="2023-06-19T21:51:29" hostname="LAPTOP" time="69.644">
  <properties/>
  <testcase name="getRecipesFilterByName_validNameUpperCase_properEntity()" classname="com.softwareminds.recipemanager.controller.RecipeControllerTest" time="6.038"/>
  <testcase name="getRecipesFilterByName_inValidName_emptyList()" classname="com.softwareminds.recipemanager.controller.RecipeControllerTest" time="2.486"/>
  <testcase name="getRecipeById_validId_properEntity()" classname="com.softwareminds.recipemanager.controller.RecipeControllerTest" time="4.971"/>
  <testcase name="getAllRecipesWithPagination_firstPageSize0_badRequest()" classname="com.softwareminds.recipemanager.controller.RecipeControllerTest" time="2.394"/>
  <testcase name="getRecipesIngredients_validId_properListOfIngredients()" classname="com.softwareminds.recipemanager.controller.RecipeControllerTest" time="2.522"/>
  <testcase name="getAllRecipes_void_properListOfEntities()" classname="com.softwareminds.recipemanager.controller.RecipeControllerTest" time="2.642"/>
  <testcase name="getAllRecipesWithPagination_firstPageSize6_properListWithProperSize()" classname="com.softwareminds.recipemanager.controller.RecipeControllerTest" time="4.242"/>
  <testcase name="deleteRecipe_validId_properlyDeletedResource()" classname="com.softwareminds.recipemanager.controller.RecipeControllerTest" time="2.38"/>
  <testcase name="getRecipesFilterByName_validName_properEntity()" classname="com.softwareminds.recipemanager.controller.RecipeControllerTest" time="2.376"/>
  <testcase name="getRecipesFilterByName_validNameLowerCase_properEntity()" classname="com.softwareminds.recipemanager.controller.RecipeControllerTest" time="2.387"/>
  <testcase name="putRecipe_recipeWithInvalidId_statusNotFound()" classname="com.softwareminds.recipemanager.controller.RecipeControllerTest" time="2.312"/>
  <testcase name="getRecipesFilterByName_validNamePrefix_properEntities()" classname="com.softwareminds.recipemanager.controller.RecipeControllerTest" time="2.304"/>
  <testcase name="getAllRecipesWithPagination_firstPage_properListOfRecipes()" classname="com.softwareminds.recipemanager.controller.RecipeControllerTest" time="2.343"/>
  <testcase name="putRecipe_properRecipeObject_properlyUpdatedResource()" classname="com.softwareminds.recipemanager.controller.RecipeControllerTest" time="2.601"/>
  <testcase name="getRecipeById_inValidId_statusNotFound()" classname="com.softwareminds.recipemanager.controller.RecipeControllerTest" time="2.253"/>
  <testcase name="postRecipe()" classname="com.softwareminds.recipemanager.controller.RecipeControllerTest" time="2.311"/>
  <testcase name="getRecipesIngredients_inValidId_statusNotFound()" classname="com.softwareminds.recipemanager.controller.RecipeControllerTest" time="2.33"/>
  <testcase name="deleteRecipe_inValidId_statusNotFound()" classname="com.softwareminds.recipemanager.controller.RecipeControllerTest" time="2.312"/>
  <system-out><![CDATA[23:50:58.524 [Test worker] INFO org.testcontainers.utility.ImageNameSubstitutor -- Image name substitution will be performed by: DefaultImageNameSubstitutor (composite of 'ConfigurationFileImageNameSubstitutor' and 'PrefixingImageNameSubstitutor')
23:50:58.973 [Test worker] INFO org.testcontainers.dockerclient.DockerClientProviderStrategy -- Loaded org.testcontainers.dockerclient.NpipeSocketClientProviderStrategy from ~/.testcontainers.properties, will try it first
23:50:59.856 [Test worker] INFO org.testcontainers.dockerclient.DockerClientProviderStrategy -- Found Docker environment with local Npipe socket (npipe:////./pipe/docker_engine)
23:50:59.858 [Test worker] INFO org.testcontainers.DockerClientFactory -- Docker host IP address is localhost
23:50:59.967 [Test worker] INFO org.testcontainers.DockerClientFactory -- Connected to docker: 
  Server Version: 24.0.2
  API Version: 1.43
  Operating System: Docker Desktop
  Total Memory: 3837 MB
23:51:00.180 [Test worker] INFO tc.testcontainers/ryuk:0.4.0 -- Creating container for image: testcontainers/ryuk:0.4.0
23:51:01.041 [Test worker] INFO org.testcontainers.utility.RegistryAuthLocator -- Credential helper/store (docker-credential-desktop) does not have credentials for https://index.docker.io/v1/
23:51:06.048 [Test worker] INFO tc.testcontainers/ryuk:0.4.0 -- Container testcontainers/ryuk:0.4.0 is starting: 813ad46bec7c79bfb3f2ca44c06ef5ecc06c1c0e2c566f16103bdbbd27cb603d
23:51:09.528 [Test worker] INFO tc.testcontainers/ryuk:0.4.0 -- Container testcontainers/ryuk:0.4.0 started in PT9.5343991S
23:51:09.591 [Test worker] INFO org.testcontainers.utility.RyukResourceReaper -- Ryuk started - will monitor and terminate Testcontainers containers on JVM exit
23:51:09.592 [Test worker] INFO org.testcontainers.DockerClientFactory -- Checking the system...
23:51:09.593 [Test worker] INFO org.testcontainers.DockerClientFactory -- ?? Docker server version should be at least 1.6.0
23:51:09.594 [Test worker] INFO tc.postgres:latest -- Creating container for image: postgres:latest
23:51:09.817 [Test worker] INFO tc.postgres:latest -- Container postgres:latest is starting: 3dc2c4c2c60f810520d8337ec49bd90fc3ae10b550895552a0fe61d7f21d296a
23:51:16.462 [Test worker] INFO tc.postgres:latest -- Container postgres:latest started in PT6.8679551S
23:51:16.464 [Test worker] INFO tc.postgres:latest -- Container is started (JDBC URL: jdbc:postgresql://localhost:50965/test?loggerLevel=OFF)
23:51:16.608 [Test worker] INFO org.springframework.test.context.support.AnnotationConfigContextLoaderUtils -- Could not detect default configuration classes for test class [com.softwareminds.recipemanager.controller.RecipeControllerTest]: RecipeControllerTest does not declare any static, non-private, non-final, nested classes annotated with @Configuration.
23:51:16.748 [Test worker] INFO org.springframework.boot.test.context.SpringBootTestContextBootstrapper -- Found @SpringBootConfiguration com.softwareminds.recipemanager.RecipeManagerApplication for test class com.softwareminds.recipemanager.controller.RecipeControllerTest

  .   ____          _            __ _ _
 /\\ / ___'_ __ _ _(_)_ __  __ _ \ \ \ \
( ( )\___ | '_ | '_| | '_ \/ _` | \ \ \ \
 \\/  ___)| |_)| | | | | || (_| |  ) ) ) )
  '  |____| .__|_| |_|_| |_\__, | / / / /
 =========|_|==============|___/=/_/_/_/
 :: Spring Boot ::                (v3.1.0)

2023-06-19T23:51:17.341+02:00  INFO 2868 --- [    Test worker] c.s.r.controller.RecipeControllerTest    : Starting RecipeControllerTest using Java 17.0.6 with PID 2868 (started by kubas in C:\SOFTWARE MINDS ZADANKO\recipemanager)
2023-06-19T23:51:17.343+02:00  INFO 2868 --- [    Test worker] c.s.r.controller.RecipeControllerTest    : No active profile set, falling back to 1 default profile: "default"
2023-06-19T23:51:18.960+02:00  INFO 2868 --- [    Test worker] .s.d.r.c.RepositoryConfigurationDelegate : Bootstrapping Spring Data JPA repositories in DEFAULT mode.
2023-06-19T23:51:19.261+02:00  INFO 2868 --- [    Test worker] .s.d.r.c.RepositoryConfigurationDelegate : Finished Spring Data repository scanning in 288 ms. Found 4 JPA repository interfaces.
2023-06-19T23:51:20.251+02:00  INFO 2868 --- [    Test worker] o.s.b.w.embedded.tomcat.TomcatWebServer  : Tomcat initialized with port(s): 0 (http)
2023-06-19T23:51:20.265+02:00  INFO 2868 --- [    Test worker] o.apache.catalina.core.StandardService   : Starting service [Tomcat]
2023-06-19T23:51:20.266+02:00  INFO 2868 --- [    Test worker] o.apache.catalina.core.StandardEngine    : Starting Servlet engine: [Apache Tomcat/10.1.8]
2023-06-19T23:51:20.415+02:00  INFO 2868 --- [    Test worker] o.a.c.c.C.[Tomcat].[localhost].[/]       : Initializing Spring embedded WebApplicationContext
2023-06-19T23:51:20.418+02:00  INFO 2868 --- [    Test worker] w.s.c.ServletWebServerApplicationContext : Root WebApplicationContext: initialization completed in 3031 ms
2023-06-19T23:51:20.899+02:00  INFO 2868 --- [    Test worker] o.hibernate.jpa.internal.util.LogHelper  : HHH000204: Processing PersistenceUnitInfo [name: default]
2023-06-19T23:51:21.017+02:00  INFO 2868 --- [    Test worker] org.hibernate.Version                    : HHH000412: Hibernate ORM core version 6.2.2.Final
2023-06-19T23:51:21.021+02:00  INFO 2868 --- [    Test worker] org.hibernate.cfg.Environment            : HHH000406: Using bytecode reflection optimizer
2023-06-19T23:51:21.337+02:00  INFO 2868 --- [    Test worker] o.h.b.i.BytecodeProviderInitiator        : HHH000021: Bytecode provider name : bytebuddy
2023-06-19T23:51:21.613+02:00  INFO 2868 --- [    Test worker] o.s.o.j.p.SpringPersistenceUnitInfo      : No LoadTimeWeaver setup: ignoring JPA class transformer
2023-06-19T23:51:21.646+02:00  INFO 2868 --- [    Test worker] com.zaxxer.hikari.HikariDataSource       : HikariPool-1 - Starting...
2023-06-19T23:51:22.016+02:00  INFO 2868 --- [    Test worker] com.zaxxer.hikari.pool.HikariPool        : HikariPool-1 - Added connection org.postgresql.jdbc.PgConnection@712594f4
2023-06-19T23:51:22.018+02:00  INFO 2868 --- [    Test worker] com.zaxxer.hikari.HikariDataSource       : HikariPool-1 - Start completed.
2023-06-19T23:51:22.123+02:00  INFO 2868 --- [    Test worker] org.hibernate.orm.dialect                : HHH035001: Using dialect: org.hibernate.dialect.PostgreSQLDialect, version: org.hibernate.engine.jdbc.env.internal.JdbcEnvironmentInitiator$DialectResolutionInfoImpl@5542418c
2023-06-19T23:51:22.645+02:00  INFO 2868 --- [    Test worker] o.h.b.i.BytecodeProviderInitiator        : HHH000021: Bytecode provider name : bytebuddy
2023-06-19T23:51:26.707+02:00  INFO 2868 --- [    Test worker] o.h.e.t.j.p.i.JtaPlatformInitiator       : HHH000490: Using JtaPlatform implementation: [org.hibernate.engine.transaction.jta.platform.internal.NoJtaPlatform]
2023-06-19T23:51:26.751+02:00  WARN 2868 --- [    Test worker] o.h.engine.jdbc.spi.SqlExceptionHelper   : SQL Warning Code: 0, SQLState: 00000
2023-06-19T23:51:26.751+02:00  WARN 2868 --- [    Test worker] o.h.engine.jdbc.spi.SqlExceptionHelper   : relation "amount" does not exist, skipping
2023-06-19T23:51:26.754+02:00  WARN 2868 --- [    Test worker] o.h.engine.jdbc.spi.SqlExceptionHelper   : SQL Warning Code: 0, SQLState: 00000
2023-06-19T23:51:26.754+02:00  WARN 2868 --- [    Test worker] o.h.engine.jdbc.spi.SqlExceptionHelper   : relation "amount" does not exist, skipping
2023-06-19T23:51:26.757+02:00  WARN 2868 --- [    Test worker] o.h.engine.jdbc.spi.SqlExceptionHelper   : SQL Warning Code: 0, SQLState: 00000
2023-06-19T23:51:26.757+02:00  WARN 2868 --- [    Test worker] o.h.engine.jdbc.spi.SqlExceptionHelper   : relation "ingredient" does not exist, skipping
2023-06-19T23:51:26.762+02:00  WARN 2868 --- [    Test worker] o.h.engine.jdbc.spi.SqlExceptionHelper   : SQL Warning Code: 0, SQLState: 00000
2023-06-19T23:51:26.763+02:00  WARN 2868 --- [    Test worker] o.h.engine.jdbc.spi.SqlExceptionHelper   : relation "step" does not exist, skipping
2023-06-19T23:51:26.781+02:00  WARN 2868 --- [    Test worker] o.h.engine.jdbc.spi.SqlExceptionHelper   : SQL Warning Code: 0, SQLState: 00000
2023-06-19T23:51:26.781+02:00  WARN 2868 --- [    Test worker] o.h.engine.jdbc.spi.SqlExceptionHelper   : table "amount" does not exist, skipping
2023-06-19T23:51:26.785+02:00  WARN 2868 --- [    Test worker] o.h.engine.jdbc.spi.SqlExceptionHelper   : SQL Warning Code: 0, SQLState: 00000
2023-06-19T23:51:26.785+02:00  WARN 2868 --- [    Test worker] o.h.engine.jdbc.spi.SqlExceptionHelper   : table "ingredient" does not exist, skipping
2023-06-19T23:51:26.790+02:00  WARN 2868 --- [    Test worker] o.h.engine.jdbc.spi.SqlExceptionHelper   : SQL Warning Code: 0, SQLState: 00000
2023-06-19T23:51:26.790+02:00  WARN 2868 --- [    Test worker] o.h.engine.jdbc.spi.SqlExceptionHelper   : table "recipe" does not exist, skipping
2023-06-19T23:51:26.793+02:00  WARN 2868 --- [    Test worker] o.h.engine.jdbc.spi.SqlExceptionHelper   : SQL Warning Code: 0, SQLState: 00000
2023-06-19T23:51:26.793+02:00  WARN 2868 --- [    Test worker] o.h.engine.jdbc.spi.SqlExceptionHelper   : table "step" does not exist, skipping
2023-06-19T23:51:26.851+02:00  INFO 2868 --- [    Test worker] o.h.t.s.i.e.GenerationTargetToDatabase   : HHH000476: Executing script '[injected ScriptSourceInputNonExistentImpl script]'
2023-06-19T23:51:26.855+02:00  INFO 2868 --- [    Test worker] j.LocalContainerEntityManagerFactoryBean : Initialized JPA EntityManagerFactory for persistence unit 'default'
2023-06-19T23:51:27.355+02:00  INFO 2868 --- [    Test worker] o.s.d.j.r.query.QueryEnhancerFactory     : Hibernate is in classpath; If applicable, HQL parser will be used.
2023-06-19T23:51:27.749+02:00  WARN 2868 --- [    Test worker] JpaBaseConfiguration$JpaWebConfiguration : spring.jpa.open-in-view is enabled by default. Therefore, database queries may be performed during view rendering. Explicitly configure spring.jpa.open-in-view to disable this warning
2023-06-19T23:51:28.931+02:00  INFO 2868 --- [    Test worker] o.s.b.a.e.web.EndpointLinksResolver      : Exposing 1 endpoint(s) beneath base path '/actuator'
2023-06-19T23:51:29.098+02:00  INFO 2868 --- [    Test worker] o.s.b.w.embedded.tomcat.TomcatWebServer  : Tomcat started on port(s): 51000 (http) with context path ''
2023-06-19T23:51:29.127+02:00  INFO 2868 --- [    Test worker] c.s.r.controller.RecipeControllerTest    : Started RecipeControllerTest in 12.22 seconds (process running for 32.523)
2023-06-19T23:51:32.526+02:00  INFO 2868 --- [o-auto-1-exec-1] o.a.c.c.C.[Tomcat].[localhost].[/]       : Initializing Spring DispatcherServlet 'dispatcherServlet'
2023-06-19T23:51:32.527+02:00  INFO 2868 --- [o-auto-1-exec-1] o.s.web.servlet.DispatcherServlet        : Initializing Servlet 'dispatcherServlet'
2023-06-19T23:51:32.529+02:00  INFO 2868 --- [o-auto-1-exec-1] o.s.web.servlet.DispatcherServlet        : Completed initialization in 2 ms
2023-06-19T23:51:33.370+02:00  INFO 2868 --- [    Test worker] o.apache.catalina.core.StandardService   : Stopping service [Tomcat]
2023-06-19T23:51:33.372+02:00  INFO 2868 --- [    Test worker] o.a.c.c.C.[Tomcat].[localhost].[/]       : Destroying Spring FrameworkServlet 'dispatcherServlet'
2023-06-19T23:51:35.486+02:00  INFO 2868 --- [    Test worker] j.LocalContainerEntityManagerFactoryBean : Closing JPA EntityManagerFactory for persistence unit 'default'
2023-06-19T23:51:35.486+02:00  INFO 2868 --- [    Test worker] .SchemaDropperImpl$DelayedDropActionImpl : HHH000477: Starting delayed evictData of schema as part of SessionFactory shut-down'
2023-06-19T23:51:35.516+02:00  INFO 2868 --- [    Test worker] com.zaxxer.hikari.HikariDataSource       : HikariPool-1 - Shutdown initiated...
2023-06-19T23:51:35.529+02:00  INFO 2868 --- [    Test worker] com.zaxxer.hikari.HikariDataSource       : HikariPool-1 - Shutdown completed.

  .   ____          _            __ _ _
 /\\ / ___'_ __ _ _(_)_ __  __ _ \ \ \ \
( ( )\___ | '_ | '_| | '_ \/ _` | \ \ \ \
 \\/  ___)| |_)| | | | | || (_| |  ) ) ) )
  '  |____| .__|_| |_|_| |_\__, | / / / /
 =========|_|==============|___/=/_/_/_/
 :: Spring Boot ::                (v3.1.0)

2023-06-19T23:51:35.591+02:00  INFO 2868 --- [    Test worker] c.s.r.controller.RecipeControllerTest    : Starting RecipeControllerTest using Java 17.0.6 with PID 2868 (started by kubas in C:\SOFTWARE MINDS ZADANKO\recipemanager)
2023-06-19T23:51:35.592+02:00  INFO 2868 --- [    Test worker] c.s.r.controller.RecipeControllerTest    : No active profile set, falling back to 1 default profile: "default"
2023-06-19T23:51:36.246+02:00  INFO 2868 --- [    Test worker] .s.d.r.c.RepositoryConfigurationDelegate : Bootstrapping Spring Data JPA repositories in DEFAULT mode.
2023-06-19T23:51:36.296+02:00  INFO 2868 --- [    Test worker] .s.d.r.c.RepositoryConfigurationDelegate : Finished Spring Data repository scanning in 44 ms. Found 4 JPA repository interfaces.
2023-06-19T23:51:36.454+02:00  INFO 2868 --- [    Test worker] o.s.b.w.embedded.tomcat.TomcatWebServer  : Tomcat initialized with port(s): 0 (http)
2023-06-19T23:51:36.455+02:00  INFO 2868 --- [    Test worker] o.apache.catalina.core.StandardService   : Starting service [Tomcat]
2023-06-19T23:51:36.456+02:00  INFO 2868 --- [    Test worker] o.apache.catalina.core.StandardEngine    : Starting Servlet engine: [Apache Tomcat/10.1.8]
2023-06-19T23:51:36.514+02:00  INFO 2868 --- [    Test worker] o.a.c.c.C.[Tomcat].[localhost].[/]       : Initializing Spring embedded WebApplicationContext
2023-06-19T23:51:36.515+02:00  INFO 2868 --- [    Test worker] w.s.c.ServletWebServerApplicationContext : Root WebApplicationContext: initialization completed in 920 ms
2023-06-19T23:51:36.602+02:00  INFO 2868 --- [    Test worker] o.hibernate.jpa.internal.util.LogHelper  : HHH000204: Processing PersistenceUnitInfo [name: default]
2023-06-19T23:51:36.615+02:00  INFO 2868 --- [    Test worker] o.h.b.i.BytecodeProviderInitiator        : HHH000021: Bytecode provider name : bytebuddy
2023-06-19T23:51:36.615+02:00  INFO 2868 --- [    Test worker] o.s.o.j.p.SpringPersistenceUnitInfo      : No LoadTimeWeaver setup: ignoring JPA class transformer
2023-06-19T23:51:36.617+02:00  INFO 2868 --- [    Test worker] com.zaxxer.hikari.HikariDataSource       : HikariPool-2 - Starting...
2023-06-19T23:51:36.647+02:00  INFO 2868 --- [    Test worker] com.zaxxer.hikari.pool.HikariPool        : HikariPool-2 - Added connection org.postgresql.jdbc.PgConnection@26fddb3f
2023-06-19T23:51:36.647+02:00  INFO 2868 --- [    Test worker] com.zaxxer.hikari.HikariDataSource       : HikariPool-2 - Start completed.
2023-06-19T23:51:36.654+02:00  INFO 2868 --- [    Test worker] org.hibernate.orm.dialect                : HHH035001: Using dialect: org.hibernate.dialect.PostgreSQLDialect, version: org.hibernate.engine.jdbc.env.internal.JdbcEnvironmentInitiator$DialectResolutionInfoImpl@c5a4358
2023-06-19T23:51:36.682+02:00  INFO 2868 --- [    Test worker] o.h.b.i.BytecodeProviderInitiator        : HHH000021: Bytecode provider name : bytebuddy
2023-06-19T23:51:36.769+02:00  INFO 2868 --- [    Test worker] o.h.e.t.j.p.i.JtaPlatformInitiator       : HHH000490: Using JtaPlatform implementation: [org.hibernate.engine.transaction.jta.platform.internal.NoJtaPlatform]
2023-06-19T23:51:36.778+02:00  WARN 2868 --- [    Test worker] o.h.engine.jdbc.spi.SqlExceptionHelper   : SQL Warning Code: 0, SQLState: 00000
2023-06-19T23:51:36.779+02:00  WARN 2868 --- [    Test worker] o.h.engine.jdbc.spi.SqlExceptionHelper   : relation "amount" does not exist, skipping
2023-06-19T23:51:36.781+02:00  WARN 2868 --- [    Test worker] o.h.engine.jdbc.spi.SqlExceptionHelper   : SQL Warning Code: 0, SQLState: 00000
2023-06-19T23:51:36.781+02:00  WARN 2868 --- [    Test worker] o.h.engine.jdbc.spi.SqlExceptionHelper   : relation "amount" does not exist, skipping
2023-06-19T23:51:36.784+02:00  WARN 2868 --- [    Test worker] o.h.engine.jdbc.spi.SqlExceptionHelper   : SQL Warning Code: 0, SQLState: 00000
2023-06-19T23:51:36.785+02:00  WARN 2868 --- [    Test worker] o.h.engine.jdbc.spi.SqlExceptionHelper   : relation "ingredient" does not exist, skipping
2023-06-19T23:51:36.788+02:00  WARN 2868 --- [    Test worker] o.h.engine.jdbc.spi.SqlExceptionHelper   : SQL Warning Code: 0, SQLState: 00000
2023-06-19T23:51:36.789+02:00  WARN 2868 --- [    Test worker] o.h.engine.jdbc.spi.SqlExceptionHelper   : relation "step" does not exist, skipping
2023-06-19T23:51:36.791+02:00  WARN 2868 --- [    Test worker] o.h.engine.jdbc.spi.SqlExceptionHelper   : SQL Warning Code: 0, SQLState: 00000
2023-06-19T23:51:36.792+02:00  WARN 2868 --- [    Test worker] o.h.engine.jdbc.spi.SqlExceptionHelper   : table "amount" does not exist, skipping
2023-06-19T23:51:36.795+02:00  WARN 2868 --- [    Test worker] o.h.engine.jdbc.spi.SqlExceptionHelper   : SQL Warning Code: 0, SQLState: 00000
2023-06-19T23:51:36.795+02:00  WARN 2868 --- [    Test worker] o.h.engine.jdbc.spi.SqlExceptionHelper   : table "ingredient" does not exist, skipping
2023-06-19T23:51:36.798+02:00  WARN 2868 --- [    Test worker] o.h.engine.jdbc.spi.SqlExceptionHelper   : SQL Warning Code: 0, SQLState: 00000
2023-06-19T23:51:36.799+02:00  WARN 2868 --- [    Test worker] o.h.engine.jdbc.spi.SqlExceptionHelper   : table "recipe" does not exist, skipping
2023-06-19T23:51:36.804+02:00  WARN 2868 --- [    Test worker] o.h.engine.jdbc.spi.SqlExceptionHelper   : SQL Warning Code: 0, SQLState: 00000
2023-06-19T23:51:36.804+02:00  WARN 2868 --- [    Test worker] o.h.engine.jdbc.spi.SqlExceptionHelper   : table "step" does not exist, skipping
2023-06-19T23:51:36.845+02:00  INFO 2868 --- [    Test worker] o.h.t.s.i.e.GenerationTargetToDatabase   : HHH000476: Executing script '[injected ScriptSourceInputNonExistentImpl script]'
2023-06-19T23:51:36.845+02:00  INFO 2868 --- [    Test worker] j.LocalContainerEntityManagerFactoryBean : Initialized JPA EntityManagerFactory for persistence unit 'default'
2023-06-19T23:51:36.970+02:00  WARN 2868 --- [    Test worker] JpaBaseConfiguration$JpaWebConfiguration : spring.jpa.open-in-view is enabled by default. Therefore, database queries may be performed during view rendering. Explicitly configure spring.jpa.open-in-view to disable this warning
2023-06-19T23:51:37.208+02:00  INFO 2868 --- [    Test worker] o.s.b.a.e.web.EndpointLinksResolver      : Exposing 1 endpoint(s) beneath base path '/actuator'
2023-06-19T23:51:37.236+02:00  INFO 2868 --- [    Test worker] o.s.b.w.embedded.tomcat.TomcatWebServer  : Tomcat started on port(s): 51033 (http) with context path ''
2023-06-19T23:51:37.245+02:00  INFO 2868 --- [    Test worker] c.s.r.controller.RecipeControllerTest    : Started RecipeControllerTest in 1.701 seconds (process running for 40.641)
2023-06-19T23:51:37.494+02:00  INFO 2868 --- [o-auto-2-exec-1] o.a.c.c.C.[Tomcat].[localhost].[/]       : Initializing Spring DispatcherServlet 'dispatcherServlet'
2023-06-19T23:51:37.495+02:00  INFO 2868 --- [o-auto-2-exec-1] o.s.web.servlet.DispatcherServlet        : Initializing Servlet 'dispatcherServlet'
2023-06-19T23:51:37.496+02:00  INFO 2868 --- [o-auto-2-exec-1] o.s.web.servlet.DispatcherServlet        : Completed initialization in 1 ms
2023-06-19T23:51:37.534+02:00  INFO 2868 --- [    Test worker] o.apache.catalina.core.StandardService   : Stopping service [Tomcat]
2023-06-19T23:51:37.534+02:00  INFO 2868 --- [    Test worker] o.a.c.c.C.[Tomcat].[localhost].[/]       : Destroying Spring FrameworkServlet 'dispatcherServlet'
2023-06-19T23:51:39.646+02:00  INFO 2868 --- [    Test worker] j.LocalContainerEntityManagerFactoryBean : Closing JPA EntityManagerFactory for persistence unit 'default'
2023-06-19T23:51:39.646+02:00  INFO 2868 --- [    Test worker] .SchemaDropperImpl$DelayedDropActionImpl : HHH000477: Starting delayed evictData of schema as part of SessionFactory shut-down'
2023-06-19T23:51:39.695+02:00  INFO 2868 --- [    Test worker] com.zaxxer.hikari.HikariDataSource       : HikariPool-2 - Shutdown initiated...
2023-06-19T23:51:39.736+02:00  INFO 2868 --- [    Test worker] com.zaxxer.hikari.HikariDataSource       : HikariPool-2 - Shutdown completed.

  .   ____          _            __ _ _
 /\\ / ___'_ __ _ _(_)_ __  __ _ \ \ \ \
( ( )\___ | '_ | '_| | '_ \/ _` | \ \ \ \
 \\/  ___)| |_)| | | | | || (_| |  ) ) ) )
  '  |____| .__|_| |_|_| |_\__, | / / / /
 =========|_|==============|___/=/_/_/_/
 :: Spring Boot ::                (v3.1.0)

2023-06-19T23:51:39.797+02:00  INFO 2868 --- [    Test worker] c.s.r.controller.RecipeControllerTest    : Starting RecipeControllerTest using Java 17.0.6 with PID 2868 (started by kubas in C:\SOFTWARE MINDS ZADANKO\recipemanager)
2023-06-19T23:51:39.798+02:00  INFO 2868 --- [    Test worker] c.s.r.controller.RecipeControllerTest    : No active profile set, falling back to 1 default profile: "default"
2023-06-19T23:51:40.451+02:00  INFO 2868 --- [    Test worker] .s.d.r.c.RepositoryConfigurationDelegate : Bootstrapping Spring Data JPA repositories in DEFAULT mode.
2023-06-19T23:51:40.480+02:00  INFO 2868 --- [    Test worker] .s.d.r.c.RepositoryConfigurationDelegate : Finished Spring Data repository scanning in 28 ms. Found 4 JPA repository interfaces.
2023-06-19T23:51:40.636+02:00  INFO 2868 --- [    Test worker] o.s.b.w.embedded.tomcat.TomcatWebServer  : Tomcat initialized with port(s): 0 (http)
2023-06-19T23:51:40.637+02:00  INFO 2868 --- [    Test worker] o.apache.catalina.core.StandardService   : Starting service [Tomcat]
2023-06-19T23:51:40.638+02:00  INFO 2868 --- [    Test worker] o.apache.catalina.core.StandardEngine    : Starting Servlet engine: [Apache Tomcat/10.1.8]
2023-06-19T23:51:40.731+02:00  INFO 2868 --- [    Test worker] o.a.c.c.C.[Tomcat].[localhost].[/]       : Initializing Spring embedded WebApplicationContext
2023-06-19T23:51:40.732+02:00  INFO 2868 --- [    Test worker] w.s.c.ServletWebServerApplicationContext : Root WebApplicationContext: initialization completed in 929 ms
2023-06-19T23:51:40.852+02:00  INFO 2868 --- [    Test worker] o.hibernate.jpa.internal.util.LogHelper  : HHH000204: Processing PersistenceUnitInfo [name: default]
2023-06-19T23:51:40.873+02:00  INFO 2868 --- [    Test worker] o.h.b.i.BytecodeProviderInitiator        : HHH000021: Bytecode provider name : bytebuddy
2023-06-19T23:51:40.873+02:00  INFO 2868 --- [    Test worker] o.s.o.j.p.SpringPersistenceUnitInfo      : No LoadTimeWeaver setup: ignoring JPA class transformer
2023-06-19T23:51:40.875+02:00  INFO 2868 --- [    Test worker] com.zaxxer.hikari.HikariDataSource       : HikariPool-3 - Starting...
2023-06-19T23:51:41.051+02:00  INFO 2868 --- [    Test worker] com.zaxxer.hikari.pool.HikariPool        : HikariPool-3 - Added connection org.postgresql.jdbc.PgConnection@4d2cd74
2023-06-19T23:51:41.052+02:00  INFO 2868 --- [    Test worker] com.zaxxer.hikari.HikariDataSource       : HikariPool-3 - Start completed.
2023-06-19T23:51:41.127+02:00  INFO 2868 --- [    Test worker] org.hibernate.orm.dialect                : HHH035001: Using dialect: org.hibernate.dialect.PostgreSQLDialect, version: org.hibernate.engine.jdbc.env.internal.JdbcEnvironmentInitiator$DialectResolutionInfoImpl@157f284b
2023-06-19T23:51:41.157+02:00  INFO 2868 --- [    Test worker] o.h.b.i.BytecodeProviderInitiator        : HHH000021: Bytecode provider name : bytebuddy
2023-06-19T23:51:41.276+02:00  INFO 2868 --- [    Test worker] o.h.e.t.j.p.i.JtaPlatformInitiator       : HHH000490: Using JtaPlatform implementation: [org.hibernate.engine.transaction.jta.platform.internal.NoJtaPlatform]
2023-06-19T23:51:41.283+02:00  WARN 2868 --- [    Test worker] o.h.engine.jdbc.spi.SqlExceptionHelper   : SQL Warning Code: 0, SQLState: 00000
2023-06-19T23:51:41.283+02:00  WARN 2868 --- [    Test worker] o.h.engine.jdbc.spi.SqlExceptionHelper   : relation "amount" does not exist, skipping
2023-06-19T23:51:41.317+02:00  WARN 2868 --- [    Test worker] o.h.engine.jdbc.spi.SqlExceptionHelper   : SQL Warning Code: 0, SQLState: 00000
2023-06-19T23:51:41.317+02:00  WARN 2868 --- [    Test worker] o.h.engine.jdbc.spi.SqlExceptionHelper   : relation "amount" does not exist, skipping
2023-06-19T23:51:41.322+02:00  WARN 2868 --- [    Test worker] o.h.engine.jdbc.spi.SqlExceptionHelper   : SQL Warning Code: 0, SQLState: 00000
2023-06-19T23:51:41.322+02:00  WARN 2868 --- [    Test worker] o.h.engine.jdbc.spi.SqlExceptionHelper   : relation "ingredient" does not exist, skipping
2023-06-19T23:51:41.325+02:00  WARN 2868 --- [    Test worker] o.h.engine.jdbc.spi.SqlExceptionHelper   : SQL Warning Code: 0, SQLState: 00000
2023-06-19T23:51:41.325+02:00  WARN 2868 --- [    Test worker] o.h.engine.jdbc.spi.SqlExceptionHelper   : relation "step" does not exist, skipping
2023-06-19T23:51:41.354+02:00  WARN 2868 --- [    Test worker] o.h.engine.jdbc.spi.SqlExceptionHelper   : SQL Warning Code: 0, SQLState: 00000
2023-06-19T23:51:41.354+02:00  WARN 2868 --- [    Test worker] o.h.engine.jdbc.spi.SqlExceptionHelper   : table "amount" does not exist, skipping
2023-06-19T23:51:41.367+02:00  WARN 2868 --- [    Test worker] o.h.engine.jdbc.spi.SqlExceptionHelper   : SQL Warning Code: 0, SQLState: 00000
2023-06-19T23:51:41.367+02:00  WARN 2868 --- [    Test worker] o.h.engine.jdbc.spi.SqlExceptionHelper   : table "ingredient" does not exist, skipping
2023-06-19T23:51:41.376+02:00  WARN 2868 --- [    Test worker] o.h.engine.jdbc.spi.SqlExceptionHelper   : SQL Warning Code: 0, SQLState: 00000
2023-06-19T23:51:41.377+02:00  WARN 2868 --- [    Test worker] o.h.engine.jdbc.spi.SqlExceptionHelper   : table "recipe" does not exist, skipping
2023-06-19T23:51:41.380+02:00  WARN 2868 --- [    Test worker] o.h.engine.jdbc.spi.SqlExceptionHelper   : SQL Warning Code: 0, SQLState: 00000
2023-06-19T23:51:41.380+02:00  WARN 2868 --- [    Test worker] o.h.engine.jdbc.spi.SqlExceptionHelper   : table "step" does not exist, skipping
2023-06-19T23:51:41.972+02:00  INFO 2868 --- [    Test worker] o.h.t.s.i.e.GenerationTargetToDatabase   : HHH000476: Executing script '[injected ScriptSourceInputNonExistentImpl script]'
2023-06-19T23:51:41.972+02:00  INFO 2868 --- [    Test worker] j.LocalContainerEntityManagerFactoryBean : Initialized JPA EntityManagerFactory for persistence unit 'default'
2023-06-19T23:51:42.085+02:00  WARN 2868 --- [    Test worker] JpaBaseConfiguration$JpaWebConfiguration : spring.jpa.open-in-view is enabled by default. Therefore, database queries may be performed during view rendering. Explicitly configure spring.jpa.open-in-view to disable this warning
2023-06-19T23:51:42.294+02:00  INFO 2868 --- [    Test worker] o.s.b.a.e.web.EndpointLinksResolver      : Exposing 1 endpoint(s) beneath base path '/actuator'
2023-06-19T23:51:42.337+02:00  INFO 2868 --- [    Test worker] o.s.b.w.embedded.tomcat.TomcatWebServer  : Tomcat started on port(s): 51060 (http) with context path ''
2023-06-19T23:51:42.347+02:00  INFO 2868 --- [    Test worker] c.s.r.controller.RecipeControllerTest    : Started RecipeControllerTest in 2.607 seconds (process running for 45.743)
2023-06-19T23:51:44.865+02:00  INFO 2868 --- [o-auto-3-exec-1] o.a.c.c.C.[Tomcat].[localhost].[/]       : Initializing Spring DispatcherServlet 'dispatcherServlet'
2023-06-19T23:51:44.866+02:00  INFO 2868 --- [o-auto-3-exec-1] o.s.web.servlet.DispatcherServlet        : Initializing Servlet 'dispatcherServlet'
2023-06-19T23:51:44.873+02:00  INFO 2868 --- [o-auto-3-exec-1] o.s.web.servlet.DispatcherServlet        : Completed initialization in 5 ms
2023-06-19T23:51:45.159+02:00  INFO 2868 --- [    Test worker] o.apache.catalina.core.StandardService   : Stopping service [Tomcat]
2023-06-19T23:51:45.160+02:00  INFO 2868 --- [    Test worker] o.a.c.c.C.[Tomcat].[localhost].[/]       : Destroying Spring FrameworkServlet 'dispatcherServlet'
2023-06-19T23:51:47.279+02:00  INFO 2868 --- [    Test worker] j.LocalContainerEntityManagerFactoryBean : Closing JPA EntityManagerFactory for persistence unit 'default'
2023-06-19T23:51:47.279+02:00  INFO 2868 --- [    Test worker] .SchemaDropperImpl$DelayedDropActionImpl : HHH000477: Starting delayed evictData of schema as part of SessionFactory shut-down'
2023-06-19T23:51:47.308+02:00  INFO 2868 --- [    Test worker] com.zaxxer.hikari.HikariDataSource       : HikariPool-3 - Shutdown initiated...
2023-06-19T23:51:47.323+02:00  INFO 2868 --- [    Test worker] com.zaxxer.hikari.HikariDataSource       : HikariPool-3 - Shutdown completed.

  .   ____          _            __ _ _
 /\\ / ___'_ __ _ _(_)_ __  __ _ \ \ \ \
( ( )\___ | '_ | '_| | '_ \/ _` | \ \ \ \
 \\/  ___)| |_)| | | | | || (_| |  ) ) ) )
  '  |____| .__|_| |_|_| |_\__, | / / / /
 =========|_|==============|___/=/_/_/_/
 :: Spring Boot ::                (v3.1.0)

2023-06-19T23:51:47.366+02:00  INFO 2868 --- [    Test worker] c.s.r.controller.RecipeControllerTest    : Starting RecipeControllerTest using Java 17.0.6 with PID 2868 (started by kubas in C:\SOFTWARE MINDS ZADANKO\recipemanager)
2023-06-19T23:51:47.367+02:00  INFO 2868 --- [    Test worker] c.s.r.controller.RecipeControllerTest    : No active profile set, falling back to 1 default profile: "default"
2023-06-19T23:51:47.735+02:00  INFO 2868 --- [    Test worker] .s.d.r.c.RepositoryConfigurationDelegate : Bootstrapping Spring Data JPA repositories in DEFAULT mode.
2023-06-19T23:51:47.753+02:00  INFO 2868 --- [    Test worker] .s.d.r.c.RepositoryConfigurationDelegate : Finished Spring Data repository scanning in 17 ms. Found 4 JPA repository interfaces.
2023-06-19T23:51:47.846+02:00  INFO 2868 --- [    Test worker] o.s.b.w.embedded.tomcat.TomcatWebServer  : Tomcat initialized with port(s): 0 (http)
2023-06-19T23:51:47.847+02:00  INFO 2868 --- [    Test worker] o.apache.catalina.core.StandardService   : Starting service [Tomcat]
2023-06-19T23:51:47.847+02:00  INFO 2868 --- [    Test worker] o.apache.catalina.core.StandardEngine    : Starting Servlet engine: [Apache Tomcat/10.1.8]
2023-06-19T23:51:47.888+02:00  INFO 2868 --- [    Test worker] o.a.c.c.C.[Tomcat].[localhost].[/]       : Initializing Spring embedded WebApplicationContext
2023-06-19T23:51:47.889+02:00  INFO 2868 --- [    Test worker] w.s.c.ServletWebServerApplicationContext : Root WebApplicationContext: initialization completed in 520 ms
2023-06-19T23:51:47.974+02:00  INFO 2868 --- [    Test worker] o.hibernate.jpa.internal.util.LogHelper  : HHH000204: Processing PersistenceUnitInfo [name: default]
2023-06-19T23:51:47.985+02:00  INFO 2868 --- [    Test worker] o.h.b.i.BytecodeProviderInitiator        : HHH000021: Bytecode provider name : bytebuddy
2023-06-19T23:51:47.986+02:00  INFO 2868 --- [    Test worker] o.s.o.j.p.SpringPersistenceUnitInfo      : No LoadTimeWeaver setup: ignoring JPA class transformer
2023-06-19T23:51:47.987+02:00  INFO 2868 --- [    Test worker] com.zaxxer.hikari.HikariDataSource       : HikariPool-4 - Starting...
2023-06-19T23:51:48.060+02:00  INFO 2868 --- [    Test worker] com.zaxxer.hikari.pool.HikariPool        : HikariPool-4 - Added connection org.postgresql.jdbc.PgConnection@438a0024
2023-06-19T23:51:48.060+02:00  INFO 2868 --- [    Test worker] com.zaxxer.hikari.HikariDataSource       : HikariPool-4 - Start completed.
2023-06-19T23:51:48.066+02:00  INFO 2868 --- [    Test worker] org.hibernate.orm.dialect                : HHH035001: Using dialect: org.hibernate.dialect.PostgreSQLDialect, version: org.hibernate.engine.jdbc.env.internal.JdbcEnvironmentInitiator$DialectResolutionInfoImpl@3bce4b76
2023-06-19T23:51:48.087+02:00  INFO 2868 --- [    Test worker] o.h.b.i.BytecodeProviderInitiator        : HHH000021: Bytecode provider name : bytebuddy
2023-06-19T23:51:48.134+02:00  INFO 2868 --- [    Test worker] o.h.e.t.j.p.i.JtaPlatformInitiator       : HHH000490: Using JtaPlatform implementation: [org.hibernate.engine.transaction.jta.platform.internal.NoJtaPlatform]
2023-06-19T23:51:48.136+02:00  WARN 2868 --- [    Test worker] o.h.engine.jdbc.spi.SqlExceptionHelper   : SQL Warning Code: 0, SQLState: 00000
2023-06-19T23:51:48.136+02:00  WARN 2868 --- [    Test worker] o.h.engine.jdbc.spi.SqlExceptionHelper   : relation "amount" does not exist, skipping
2023-06-19T23:51:48.137+02:00  WARN 2868 --- [    Test worker] o.h.engine.jdbc.spi.SqlExceptionHelper   : SQL Warning Code: 0, SQLState: 00000
2023-06-19T23:51:48.138+02:00  WARN 2868 --- [    Test worker] o.h.engine.jdbc.spi.SqlExceptionHelper   : relation "amount" does not exist, skipping
2023-06-19T23:51:48.140+02:00  WARN 2868 --- [    Test worker] o.h.engine.jdbc.spi.SqlExceptionHelper   : SQL Warning Code: 0, SQLState: 00000
2023-06-19T23:51:48.140+02:00  WARN 2868 --- [    Test worker] o.h.engine.jdbc.spi.SqlExceptionHelper   : relation "ingredient" does not exist, skipping
2023-06-19T23:51:48.142+02:00  WARN 2868 --- [    Test worker] o.h.engine.jdbc.spi.SqlExceptionHelper   : SQL Warning Code: 0, SQLState: 00000
2023-06-19T23:51:48.142+02:00  WARN 2868 --- [    Test worker] o.h.engine.jdbc.spi.SqlExceptionHelper   : relation "step" does not exist, skipping
2023-06-19T23:51:48.143+02:00  WARN 2868 --- [    Test worker] o.h.engine.jdbc.spi.SqlExceptionHelper   : SQL Warning Code: 0, SQLState: 00000
2023-06-19T23:51:48.143+02:00  WARN 2868 --- [    Test worker] o.h.engine.jdbc.spi.SqlExceptionHelper   : table "amount" does not exist, skipping
2023-06-19T23:51:48.145+02:00  WARN 2868 --- [    Test worker] o.h.engine.jdbc.spi.SqlExceptionHelper   : SQL Warning Code: 0, SQLState: 00000
2023-06-19T23:51:48.145+02:00  WARN 2868 --- [    Test worker] o.h.engine.jdbc.spi.SqlExceptionHelper   : table "ingredient" does not exist, skipping
2023-06-19T23:51:48.146+02:00  WARN 2868 --- [    Test worker] o.h.engine.jdbc.spi.SqlExceptionHelper   : SQL Warning Code: 0, SQLState: 00000
2023-06-19T23:51:48.147+02:00  WARN 2868 --- [    Test worker] o.h.engine.jdbc.spi.SqlExceptionHelper   : table "recipe" does not exist, skipping
2023-06-19T23:51:48.149+02:00  WARN 2868 --- [    Test worker] o.h.engine.jdbc.spi.SqlExceptionHelper   : SQL Warning Code: 0, SQLState: 00000
2023-06-19T23:51:48.149+02:00  WARN 2868 --- [    Test worker] o.h.engine.jdbc.spi.SqlExceptionHelper   : table "step" does not exist, skipping
2023-06-19T23:51:48.173+02:00  INFO 2868 --- [    Test worker] o.h.t.s.i.e.GenerationTargetToDatabase   : HHH000476: Executing script '[injected ScriptSourceInputNonExistentImpl script]'
2023-06-19T23:51:48.174+02:00  INFO 2868 --- [    Test worker] j.LocalContainerEntityManagerFactoryBean : Initialized JPA EntityManagerFactory for persistence unit 'default'
2023-06-19T23:51:48.262+02:00  WARN 2868 --- [    Test worker] JpaBaseConfiguration$JpaWebConfiguration : spring.jpa.open-in-view is enabled by default. Therefore, database queries may be performed during view rendering. Explicitly configure spring.jpa.open-in-view to disable this warning
2023-06-19T23:51:48.403+02:00  INFO 2868 --- [    Test worker] o.s.b.a.e.web.EndpointLinksResolver      : Exposing 1 endpoint(s) beneath base path '/actuator'
2023-06-19T23:51:48.423+02:00  INFO 2868 --- [    Test worker] o.s.b.w.embedded.tomcat.TomcatWebServer  : Tomcat started on port(s): 51094 (http) with context path ''
2023-06-19T23:51:48.434+02:00  INFO 2868 --- [    Test worker] c.s.r.controller.RecipeControllerTest    : Started RecipeControllerTest in 1.106 seconds (process running for 51.83)
2023-06-19T23:51:48.659+02:00  INFO 2868 --- [o-auto-4-exec-1] o.a.c.c.C.[Tomcat].[localhost].[/]       : Initializing Spring DispatcherServlet 'dispatcherServlet'
2023-06-19T23:51:48.659+02:00  INFO 2868 --- [o-auto-4-exec-1] o.s.web.servlet.DispatcherServlet        : Initializing Servlet 'dispatcherServlet'
2023-06-19T23:51:48.661+02:00  INFO 2868 --- [o-auto-4-exec-1] o.s.web.servlet.DispatcherServlet        : Completed initialization in 1 ms
2023-06-19T23:51:48.704+02:00  INFO 2868 --- [    Test worker] o.apache.catalina.core.StandardService   : Stopping service [Tomcat]
2023-06-19T23:51:48.704+02:00  INFO 2868 --- [    Test worker] o.a.c.c.C.[Tomcat].[localhost].[/]       : Destroying Spring FrameworkServlet 'dispatcherServlet'
2023-06-19T23:51:50.797+02:00  INFO 2868 --- [    Test worker] j.LocalContainerEntityManagerFactoryBean : Closing JPA EntityManagerFactory for persistence unit 'default'
2023-06-19T23:51:50.797+02:00  INFO 2868 --- [    Test worker] .SchemaDropperImpl$DelayedDropActionImpl : HHH000477: Starting delayed evictData of schema as part of SessionFactory shut-down'
2023-06-19T23:51:50.820+02:00  INFO 2868 --- [    Test worker] com.zaxxer.hikari.HikariDataSource       : HikariPool-4 - Shutdown initiated...
2023-06-19T23:51:50.834+02:00  INFO 2868 --- [    Test worker] com.zaxxer.hikari.HikariDataSource       : HikariPool-4 - Shutdown completed.

  .   ____          _            __ _ _
 /\\ / ___'_ __ _ _(_)_ __  __ _ \ \ \ \
( ( )\___ | '_ | '_| | '_ \/ _` | \ \ \ \
 \\/  ___)| |_)| | | | | || (_| |  ) ) ) )
  '  |____| .__|_| |_|_| |_\__, | / / / /
 =========|_|==============|___/=/_/_/_/
 :: Spring Boot ::                (v3.1.0)

2023-06-19T23:51:50.871+02:00  INFO 2868 --- [    Test worker] c.s.r.controller.RecipeControllerTest    : Starting RecipeControllerTest using Java 17.0.6 with PID 2868 (started by kubas in C:\SOFTWARE MINDS ZADANKO\recipemanager)
2023-06-19T23:51:50.872+02:00  INFO 2868 --- [    Test worker] c.s.r.controller.RecipeControllerTest    : No active profile set, falling back to 1 default profile: "default"
2023-06-19T23:51:51.252+02:00  INFO 2868 --- [    Test worker] .s.d.r.c.RepositoryConfigurationDelegate : Bootstrapping Spring Data JPA repositories in DEFAULT mode.
2023-06-19T23:51:51.269+02:00  INFO 2868 --- [    Test worker] .s.d.r.c.RepositoryConfigurationDelegate : Finished Spring Data repository scanning in 16 ms. Found 4 JPA repository interfaces.
2023-06-19T23:51:51.337+02:00  INFO 2868 --- [    Test worker] o.s.b.w.embedded.tomcat.TomcatWebServer  : Tomcat initialized with port(s): 0 (http)
2023-06-19T23:51:51.338+02:00  INFO 2868 --- [    Test worker] o.apache.catalina.core.StandardService   : Starting service [Tomcat]
2023-06-19T23:51:51.338+02:00  INFO 2868 --- [    Test worker] o.apache.catalina.core.StandardEngine    : Starting Servlet engine: [Apache Tomcat/10.1.8]
2023-06-19T23:51:51.372+02:00  INFO 2868 --- [    Test worker] o.a.c.c.C.[Tomcat].[localhost].[/]       : Initializing Spring embedded WebApplicationContext
2023-06-19T23:51:51.372+02:00  INFO 2868 --- [    Test worker] w.s.c.ServletWebServerApplicationContext : Root WebApplicationContext: initialization completed in 498 ms
2023-06-19T23:51:51.427+02:00  INFO 2868 --- [    Test worker] o.hibernate.jpa.internal.util.LogHelper  : HHH000204: Processing PersistenceUnitInfo [name: default]
2023-06-19T23:51:51.438+02:00  INFO 2868 --- [    Test worker] o.h.b.i.BytecodeProviderInitiator        : HHH000021: Bytecode provider name : bytebuddy
2023-06-19T23:51:51.438+02:00  INFO 2868 --- [    Test worker] o.s.o.j.p.SpringPersistenceUnitInfo      : No LoadTimeWeaver setup: ignoring JPA class transformer
2023-06-19T23:51:51.441+02:00  INFO 2868 --- [    Test worker] com.zaxxer.hikari.HikariDataSource       : HikariPool-5 - Starting...
2023-06-19T23:51:51.462+02:00  INFO 2868 --- [    Test worker] com.zaxxer.hikari.pool.HikariPool        : HikariPool-5 - Added connection org.postgresql.jdbc.PgConnection@56c7ec0a
2023-06-19T23:51:51.463+02:00  INFO 2868 --- [    Test worker] com.zaxxer.hikari.HikariDataSource       : HikariPool-5 - Start completed.
2023-06-19T23:51:51.479+02:00  INFO 2868 --- [    Test worker] org.hibernate.orm.dialect                : HHH035001: Using dialect: org.hibernate.dialect.PostgreSQLDialect, version: org.hibernate.engine.jdbc.env.internal.JdbcEnvironmentInitiator$DialectResolutionInfoImpl@1f35f2e1
2023-06-19T23:51:51.512+02:00  INFO 2868 --- [    Test worker] o.h.b.i.BytecodeProviderInitiator        : HHH000021: Bytecode provider name : bytebuddy
2023-06-19T23:51:51.574+02:00  INFO 2868 --- [    Test worker] o.h.e.t.j.p.i.JtaPlatformInitiator       : HHH000490: Using JtaPlatform implementation: [org.hibernate.engine.transaction.jta.platform.internal.NoJtaPlatform]
2023-06-19T23:51:51.576+02:00  WARN 2868 --- [    Test worker] o.h.engine.jdbc.spi.SqlExceptionHelper   : SQL Warning Code: 0, SQLState: 00000
2023-06-19T23:51:51.577+02:00  WARN 2868 --- [    Test worker] o.h.engine.jdbc.spi.SqlExceptionHelper   : relation "amount" does not exist, skipping
2023-06-19T23:51:51.578+02:00  WARN 2868 --- [    Test worker] o.h.engine.jdbc.spi.SqlExceptionHelper   : SQL Warning Code: 0, SQLState: 00000
2023-06-19T23:51:51.579+02:00  WARN 2868 --- [    Test worker] o.h.engine.jdbc.spi.SqlExceptionHelper   : relation "amount" does not exist, skipping
2023-06-19T23:51:51.580+02:00  WARN 2868 --- [    Test worker] o.h.engine.jdbc.spi.SqlExceptionHelper   : SQL Warning Code: 0, SQLState: 00000
2023-06-19T23:51:51.580+02:00  WARN 2868 --- [    Test worker] o.h.engine.jdbc.spi.SqlExceptionHelper   : relation "ingredient" does not exist, skipping
2023-06-19T23:51:51.585+02:00  WARN 2868 --- [    Test worker] o.h.engine.jdbc.spi.SqlExceptionHelper   : SQL Warning Code: 0, SQLState: 00000
2023-06-19T23:51:51.586+02:00  WARN 2868 --- [    Test worker] o.h.engine.jdbc.spi.SqlExceptionHelper   : relation "step" does not exist, skipping
2023-06-19T23:51:51.587+02:00  WARN 2868 --- [    Test worker] o.h.engine.jdbc.spi.SqlExceptionHelper   : SQL Warning Code: 0, SQLState: 00000
2023-06-19T23:51:51.588+02:00  WARN 2868 --- [    Test worker] o.h.engine.jdbc.spi.SqlExceptionHelper   : table "amount" does not exist, skipping
2023-06-19T23:51:51.590+02:00  WARN 2868 --- [    Test worker] o.h.engine.jdbc.spi.SqlExceptionHelper   : SQL Warning Code: 0, SQLState: 00000
2023-06-19T23:51:51.590+02:00  WARN 2868 --- [    Test worker] o.h.engine.jdbc.spi.SqlExceptionHelper   : table "ingredient" does not exist, skipping
2023-06-19T23:51:51.592+02:00  WARN 2868 --- [    Test worker] o.h.engine.jdbc.spi.SqlExceptionHelper   : SQL Warning Code: 0, SQLState: 00000
2023-06-19T23:51:51.592+02:00  WARN 2868 --- [    Test worker] o.h.engine.jdbc.spi.SqlExceptionHelper   : table "recipe" does not exist, skipping
2023-06-19T23:51:51.593+02:00  WARN 2868 --- [    Test worker] o.h.engine.jdbc.spi.SqlExceptionHelper   : SQL Warning Code: 0, SQLState: 00000
2023-06-19T23:51:51.593+02:00  WARN 2868 --- [    Test worker] o.h.engine.jdbc.spi.SqlExceptionHelper   : table "step" does not exist, skipping
2023-06-19T23:51:51.624+02:00  INFO 2868 --- [    Test worker] o.h.t.s.i.e.GenerationTargetToDatabase   : HHH000476: Executing script '[injected ScriptSourceInputNonExistentImpl script]'
2023-06-19T23:51:51.625+02:00  INFO 2868 --- [    Test worker] j.LocalContainerEntityManagerFactoryBean : Initialized JPA EntityManagerFactory for persistence unit 'default'
2023-06-19T23:51:51.705+02:00  WARN 2868 --- [    Test worker] JpaBaseConfiguration$JpaWebConfiguration : spring.jpa.open-in-view is enabled by default. Therefore, database queries may be performed during view rendering. Explicitly configure spring.jpa.open-in-view to disable this warning
2023-06-19T23:51:51.833+02:00  INFO 2868 --- [    Test worker] o.s.b.a.e.web.EndpointLinksResolver      : Exposing 1 endpoint(s) beneath base path '/actuator'
2023-06-19T23:51:51.853+02:00  INFO 2868 --- [    Test worker] o.s.b.w.embedded.tomcat.TomcatWebServer  : Tomcat started on port(s): 51122 (http) with context path ''
2023-06-19T23:51:51.867+02:00  INFO 2868 --- [    Test worker] c.s.r.controller.RecipeControllerTest    : Started RecipeControllerTest in 1.028 seconds (process running for 55.263)
2023-06-19T23:51:52.219+02:00  INFO 2868 --- [o-auto-5-exec-1] o.a.c.c.C.[Tomcat].[localhost].[/]       : Initializing Spring DispatcherServlet 'dispatcherServlet'
2023-06-19T23:51:52.219+02:00  INFO 2868 --- [o-auto-5-exec-1] o.s.web.servlet.DispatcherServlet        : Initializing Servlet 'dispatcherServlet'
2023-06-19T23:51:52.220+02:00  INFO 2868 --- [o-auto-5-exec-1] o.s.web.servlet.DispatcherServlet        : Completed initialization in 1 ms
2023-06-19T23:51:52.283+02:00  INFO 2868 --- [    Test worker] o.apache.catalina.core.StandardService   : Stopping service [Tomcat]
2023-06-19T23:51:52.284+02:00  INFO 2868 --- [    Test worker] o.a.c.c.C.[Tomcat].[localhost].[/]       : Destroying Spring FrameworkServlet 'dispatcherServlet'
2023-06-19T23:51:54.356+02:00  INFO 2868 --- [    Test worker] j.LocalContainerEntityManagerFactoryBean : Closing JPA EntityManagerFactory for persistence unit 'default'
2023-06-19T23:51:54.356+02:00  INFO 2868 --- [    Test worker] .SchemaDropperImpl$DelayedDropActionImpl : HHH000477: Starting delayed evictData of schema as part of SessionFactory shut-down'
2023-06-19T23:51:54.385+02:00  INFO 2868 --- [    Test worker] com.zaxxer.hikari.HikariDataSource       : HikariPool-5 - Shutdown initiated...
2023-06-19T23:51:54.391+02:00  INFO 2868 --- [    Test worker] com.zaxxer.hikari.HikariDataSource       : HikariPool-5 - Shutdown completed.

  .   ____          _            __ _ _
 /\\ / ___'_ __ _ _(_)_ __  __ _ \ \ \ \
( ( )\___ | '_ | '_| | '_ \/ _` | \ \ \ \
 \\/  ___)| |_)| | | | | || (_| |  ) ) ) )
  '  |____| .__|_| |_|_| |_\__, | / / / /
 =========|_|==============|___/=/_/_/_/
 :: Spring Boot ::                (v3.1.0)

2023-06-19T23:51:54.443+02:00  INFO 2868 --- [    Test worker] c.s.r.controller.RecipeControllerTest    : Starting RecipeControllerTest using Java 17.0.6 with PID 2868 (started by kubas in C:\SOFTWARE MINDS ZADANKO\recipemanager)
2023-06-19T23:51:54.443+02:00  INFO 2868 --- [    Test worker] c.s.r.controller.RecipeControllerTest    : No active profile set, falling back to 1 default profile: "default"
2023-06-19T23:51:54.780+02:00  INFO 2868 --- [    Test worker] .s.d.r.c.RepositoryConfigurationDelegate : Bootstrapping Spring Data JPA repositories in DEFAULT mode.
2023-06-19T23:51:54.798+02:00  INFO 2868 --- [    Test worker] .s.d.r.c.RepositoryConfigurationDelegate : Finished Spring Data repository scanning in 18 ms. Found 4 JPA repository interfaces.
2023-06-19T23:51:54.884+02:00  INFO 2868 --- [    Test worker] o.s.b.w.embedded.tomcat.TomcatWebServer  : Tomcat initialized with port(s): 0 (http)
2023-06-19T23:51:54.885+02:00  INFO 2868 --- [    Test worker] o.apache.catalina.core.StandardService   : Starting service [Tomcat]
2023-06-19T23:51:54.885+02:00  INFO 2868 --- [    Test worker] o.apache.catalina.core.StandardEngine    : Starting Servlet engine: [Apache Tomcat/10.1.8]
2023-06-19T23:51:54.936+02:00  INFO 2868 --- [    Test worker] o.a.c.c.C.[Tomcat].[localhost].[/]       : Initializing Spring embedded WebApplicationContext
2023-06-19T23:51:54.936+02:00  INFO 2868 --- [    Test worker] w.s.c.ServletWebServerApplicationContext : Root WebApplicationContext: initialization completed in 491 ms
2023-06-19T23:51:55.022+02:00  INFO 2868 --- [    Test worker] o.hibernate.jpa.internal.util.LogHelper  : HHH000204: Processing PersistenceUnitInfo [name: default]
2023-06-19T23:51:55.039+02:00  INFO 2868 --- [    Test worker] o.h.b.i.BytecodeProviderInitiator        : HHH000021: Bytecode provider name : bytebuddy
2023-06-19T23:51:55.039+02:00  INFO 2868 --- [    Test worker] o.s.o.j.p.SpringPersistenceUnitInfo      : No LoadTimeWeaver setup: ignoring JPA class transformer
2023-06-19T23:51:55.041+02:00  INFO 2868 --- [    Test worker] com.zaxxer.hikari.HikariDataSource       : HikariPool-6 - Starting...
2023-06-19T23:51:55.072+02:00  INFO 2868 --- [    Test worker] com.zaxxer.hikari.pool.HikariPool        : HikariPool-6 - Added connection org.postgresql.jdbc.PgConnection@235bbc1e
2023-06-19T23:51:55.072+02:00  INFO 2868 --- [    Test worker] com.zaxxer.hikari.HikariDataSource       : HikariPool-6 - Start completed.
2023-06-19T23:51:55.090+02:00  INFO 2868 --- [    Test worker] org.hibernate.orm.dialect                : HHH035001: Using dialect: org.hibernate.dialect.PostgreSQLDialect, version: org.hibernate.engine.jdbc.env.internal.JdbcEnvironmentInitiator$DialectResolutionInfoImpl@4ff48a56
2023-06-19T23:51:55.121+02:00  INFO 2868 --- [    Test worker] o.h.b.i.BytecodeProviderInitiator        : HHH000021: Bytecode provider name : bytebuddy
2023-06-19T23:51:55.199+02:00  INFO 2868 --- [    Test worker] o.h.e.t.j.p.i.JtaPlatformInitiator       : HHH000490: Using JtaPlatform implementation: [org.hibernate.engine.transaction.jta.platform.internal.NoJtaPlatform]
2023-06-19T23:51:55.203+02:00  WARN 2868 --- [    Test worker] o.h.engine.jdbc.spi.SqlExceptionHelper   : SQL Warning Code: 0, SQLState: 00000
2023-06-19T23:51:55.203+02:00  WARN 2868 --- [    Test worker] o.h.engine.jdbc.spi.SqlExceptionHelper   : relation "amount" does not exist, skipping
2023-06-19T23:51:55.206+02:00  WARN 2868 --- [    Test worker] o.h.engine.jdbc.spi.SqlExceptionHelper   : SQL Warning Code: 0, SQLState: 00000
2023-06-19T23:51:55.206+02:00  WARN 2868 --- [    Test worker] o.h.engine.jdbc.spi.SqlExceptionHelper   : relation "amount" does not exist, skipping
2023-06-19T23:51:55.208+02:00  WARN 2868 --- [    Test worker] o.h.engine.jdbc.spi.SqlExceptionHelper   : SQL Warning Code: 0, SQLState: 00000
2023-06-19T23:51:55.208+02:00  WARN 2868 --- [    Test worker] o.h.engine.jdbc.spi.SqlExceptionHelper   : relation "ingredient" does not exist, skipping
2023-06-19T23:51:55.215+02:00  WARN 2868 --- [    Test worker] o.h.engine.jdbc.spi.SqlExceptionHelper   : SQL Warning Code: 0, SQLState: 00000
2023-06-19T23:51:55.215+02:00  WARN 2868 --- [    Test worker] o.h.engine.jdbc.spi.SqlExceptionHelper   : relation "step" does not exist, skipping
2023-06-19T23:51:55.219+02:00  WARN 2868 --- [    Test worker] o.h.engine.jdbc.spi.SqlExceptionHelper   : SQL Warning Code: 0, SQLState: 00000
2023-06-19T23:51:55.219+02:00  WARN 2868 --- [    Test worker] o.h.engine.jdbc.spi.SqlExceptionHelper   : table "amount" does not exist, skipping
2023-06-19T23:51:55.223+02:00  WARN 2868 --- [    Test worker] o.h.engine.jdbc.spi.SqlExceptionHelper   : SQL Warning Code: 0, SQLState: 00000
2023-06-19T23:51:55.223+02:00  WARN 2868 --- [    Test worker] o.h.engine.jdbc.spi.SqlExceptionHelper   : table "ingredient" does not exist, skipping
2023-06-19T23:51:55.226+02:00  WARN 2868 --- [    Test worker] o.h.engine.jdbc.spi.SqlExceptionHelper   : SQL Warning Code: 0, SQLState: 00000
2023-06-19T23:51:55.226+02:00  WARN 2868 --- [    Test worker] o.h.engine.jdbc.spi.SqlExceptionHelper   : table "recipe" does not exist, skipping
2023-06-19T23:51:55.228+02:00  WARN 2868 --- [    Test worker] o.h.engine.jdbc.spi.SqlExceptionHelper   : SQL Warning Code: 0, SQLState: 00000
2023-06-19T23:51:55.229+02:00  WARN 2868 --- [    Test worker] o.h.engine.jdbc.spi.SqlExceptionHelper   : table "step" does not exist, skipping
2023-06-19T23:51:55.269+02:00  INFO 2868 --- [    Test worker] o.h.t.s.i.e.GenerationTargetToDatabase   : HHH000476: Executing script '[injected ScriptSourceInputNonExistentImpl script]'
2023-06-19T23:51:55.269+02:00  INFO 2868 --- [    Test worker] j.LocalContainerEntityManagerFactoryBean : Initialized JPA EntityManagerFactory for persistence unit 'default'
2023-06-19T23:51:55.394+02:00  WARN 2868 --- [    Test worker] JpaBaseConfiguration$JpaWebConfiguration : spring.jpa.open-in-view is enabled by default. Therefore, database queries may be performed during view rendering. Explicitly configure spring.jpa.open-in-view to disable this warning
2023-06-19T23:51:55.619+02:00  INFO 2868 --- [    Test worker] o.s.b.a.e.web.EndpointLinksResolver      : Exposing 1 endpoint(s) beneath base path '/actuator'
2023-06-19T23:51:55.654+02:00  INFO 2868 --- [    Test worker] o.s.b.w.embedded.tomcat.TomcatWebServer  : Tomcat started on port(s): 51152 (http) with context path ''
2023-06-19T23:51:55.670+02:00  INFO 2868 --- [    Test worker] c.s.r.controller.RecipeControllerTest    : Started RecipeControllerTest in 1.273 seconds (process running for 59.067)
2023-06-19T23:51:55.852+02:00  INFO 2868 --- [o-auto-6-exec-2] o.a.c.c.C.[Tomcat].[localhost].[/]       : Initializing Spring DispatcherServlet 'dispatcherServlet'
2023-06-19T23:51:55.852+02:00  INFO 2868 --- [o-auto-6-exec-2] o.s.web.servlet.DispatcherServlet        : Initializing Servlet 'dispatcherServlet'
2023-06-19T23:51:55.853+02:00  INFO 2868 --- [o-auto-6-exec-2] o.s.web.servlet.DispatcherServlet        : Completed initialization in 1 ms
2023-06-19T23:51:56.144+02:00  INFO 2868 --- [    Test worker] o.apache.catalina.core.StandardService   : Stopping service [Tomcat]
2023-06-19T23:51:56.146+02:00  INFO 2868 --- [    Test worker] o.a.c.c.C.[Tomcat].[localhost].[/]       : Destroying Spring FrameworkServlet 'dispatcherServlet'
2023-06-19T23:51:58.257+02:00  INFO 2868 --- [    Test worker] j.LocalContainerEntityManagerFactoryBean : Closing JPA EntityManagerFactory for persistence unit 'default'
2023-06-19T23:51:58.257+02:00  INFO 2868 --- [    Test worker] .SchemaDropperImpl$DelayedDropActionImpl : HHH000477: Starting delayed evictData of schema as part of SessionFactory shut-down'
2023-06-19T23:51:58.315+02:00  INFO 2868 --- [    Test worker] com.zaxxer.hikari.HikariDataSource       : HikariPool-6 - Shutdown initiated...
2023-06-19T23:51:58.322+02:00  INFO 2868 --- [    Test worker] com.zaxxer.hikari.HikariDataSource       : HikariPool-6 - Shutdown completed.

  .   ____          _            __ _ _
 /\\ / ___'_ __ _ _(_)_ __  __ _ \ \ \ \
( ( )\___ | '_ | '_| | '_ \/ _` | \ \ \ \
 \\/  ___)| |_)| | | | | || (_| |  ) ) ) )
  '  |____| .__|_| |_|_| |_\__, | / / / /
 =========|_|==============|___/=/_/_/_/
 :: Spring Boot ::                (v3.1.0)

2023-06-19T23:51:58.351+02:00  INFO 2868 --- [    Test worker] c.s.r.controller.RecipeControllerTest    : Starting RecipeControllerTest using Java 17.0.6 with PID 2868 (started by kubas in C:\SOFTWARE MINDS ZADANKO\recipemanager)
2023-06-19T23:51:58.352+02:00  INFO 2868 --- [    Test worker] c.s.r.controller.RecipeControllerTest    : No active profile set, falling back to 1 default profile: "default"
2023-06-19T23:51:58.677+02:00  INFO 2868 --- [    Test worker] .s.d.r.c.RepositoryConfigurationDelegate : Bootstrapping Spring Data JPA repositories in DEFAULT mode.
2023-06-19T23:51:58.695+02:00  INFO 2868 --- [    Test worker] .s.d.r.c.RepositoryConfigurationDelegate : Finished Spring Data repository scanning in 16 ms. Found 4 JPA repository interfaces.
2023-06-19T23:51:58.771+02:00  INFO 2868 --- [    Test worker] o.s.b.w.embedded.tomcat.TomcatWebServer  : Tomcat initialized with port(s): 0 (http)
2023-06-19T23:51:58.773+02:00  INFO 2868 --- [    Test worker] o.apache.catalina.core.StandardService   : Starting service [Tomcat]
2023-06-19T23:51:58.773+02:00  INFO 2868 --- [    Test worker] o.apache.catalina.core.StandardEngine    : Starting Servlet engine: [Apache Tomcat/10.1.8]
2023-06-19T23:51:58.838+02:00  INFO 2868 --- [    Test worker] o.a.c.c.C.[Tomcat].[localhost].[/]       : Initializing Spring embedded WebApplicationContext
2023-06-19T23:51:58.838+02:00  INFO 2868 --- [    Test worker] w.s.c.ServletWebServerApplicationContext : Root WebApplicationContext: initialization completed in 482 ms
2023-06-19T23:51:58.903+02:00  INFO 2868 --- [    Test worker] o.hibernate.jpa.internal.util.LogHelper  : HHH000204: Processing PersistenceUnitInfo [name: default]
2023-06-19T23:51:58.914+02:00  INFO 2868 --- [    Test worker] o.h.b.i.BytecodeProviderInitiator        : HHH000021: Bytecode provider name : bytebuddy
2023-06-19T23:51:58.914+02:00  INFO 2868 --- [    Test worker] o.s.o.j.p.SpringPersistenceUnitInfo      : No LoadTimeWeaver setup: ignoring JPA class transformer
2023-06-19T23:51:58.915+02:00  INFO 2868 --- [    Test worker] com.zaxxer.hikari.HikariDataSource       : HikariPool-7 - Starting...
2023-06-19T23:51:59.153+02:00  INFO 2868 --- [    Test worker] com.zaxxer.hikari.pool.HikariPool        : HikariPool-7 - Added connection org.postgresql.jdbc.PgConnection@2a961de3
2023-06-19T23:51:59.153+02:00  INFO 2868 --- [    Test worker] com.zaxxer.hikari.HikariDataSource       : HikariPool-7 - Start completed.
2023-06-19T23:51:59.176+02:00  INFO 2868 --- [    Test worker] org.hibernate.orm.dialect                : HHH035001: Using dialect: org.hibernate.dialect.PostgreSQLDialect, version: org.hibernate.engine.jdbc.env.internal.JdbcEnvironmentInitiator$DialectResolutionInfoImpl@1edefb80
2023-06-19T23:51:59.196+02:00  INFO 2868 --- [    Test worker] o.h.b.i.BytecodeProviderInitiator        : HHH000021: Bytecode provider name : bytebuddy
2023-06-19T23:51:59.240+02:00  INFO 2868 --- [    Test worker] o.h.e.t.j.p.i.JtaPlatformInitiator       : HHH000490: Using JtaPlatform implementation: [org.hibernate.engine.transaction.jta.platform.internal.NoJtaPlatform]
2023-06-19T23:51:59.243+02:00  WARN 2868 --- [    Test worker] o.h.engine.jdbc.spi.SqlExceptionHelper   : SQL Warning Code: 0, SQLState: 00000
2023-06-19T23:51:59.243+02:00  WARN 2868 --- [    Test worker] o.h.engine.jdbc.spi.SqlExceptionHelper   : relation "amount" does not exist, skipping
2023-06-19T23:51:59.244+02:00  WARN 2868 --- [    Test worker] o.h.engine.jdbc.spi.SqlExceptionHelper   : SQL Warning Code: 0, SQLState: 00000
2023-06-19T23:51:59.244+02:00  WARN 2868 --- [    Test worker] o.h.engine.jdbc.spi.SqlExceptionHelper   : relation "amount" does not exist, skipping
2023-06-19T23:51:59.246+02:00  WARN 2868 --- [    Test worker] o.h.engine.jdbc.spi.SqlExceptionHelper   : SQL Warning Code: 0, SQLState: 00000
2023-06-19T23:51:59.246+02:00  WARN 2868 --- [    Test worker] o.h.engine.jdbc.spi.SqlExceptionHelper   : relation "ingredient" does not exist, skipping
2023-06-19T23:51:59.248+02:00  WARN 2868 --- [    Test worker] o.h.engine.jdbc.spi.SqlExceptionHelper   : SQL Warning Code: 0, SQLState: 00000
2023-06-19T23:51:59.248+02:00  WARN 2868 --- [    Test worker] o.h.engine.jdbc.spi.SqlExceptionHelper   : relation "step" does not exist, skipping
2023-06-19T23:51:59.250+02:00  WARN 2868 --- [    Test worker] o.h.engine.jdbc.spi.SqlExceptionHelper   : SQL Warning Code: 0, SQLState: 00000
2023-06-19T23:51:59.250+02:00  WARN 2868 --- [    Test worker] o.h.engine.jdbc.spi.SqlExceptionHelper   : table "amount" does not exist, skipping
2023-06-19T23:51:59.252+02:00  WARN 2868 --- [    Test worker] o.h.engine.jdbc.spi.SqlExceptionHelper   : SQL Warning Code: 0, SQLState: 00000
2023-06-19T23:51:59.252+02:00  WARN 2868 --- [    Test worker] o.h.engine.jdbc.spi.SqlExceptionHelper   : table "ingredient" does not exist, skipping
2023-06-19T23:51:59.253+02:00  WARN 2868 --- [    Test worker] o.h.engine.jdbc.spi.SqlExceptionHelper   : SQL Warning Code: 0, SQLState: 00000
2023-06-19T23:51:59.254+02:00  WARN 2868 --- [    Test worker] o.h.engine.jdbc.spi.SqlExceptionHelper   : table "recipe" does not exist, skipping
2023-06-19T23:51:59.283+02:00  WARN 2868 --- [    Test worker] o.h.engine.jdbc.spi.SqlExceptionHelper   : SQL Warning Code: 0, SQLState: 00000
2023-06-19T23:51:59.284+02:00  WARN 2868 --- [    Test worker] o.h.engine.jdbc.spi.SqlExceptionHelper   : table "step" does not exist, skipping
2023-06-19T23:51:59.503+02:00  INFO 2868 --- [    Test worker] o.h.t.s.i.e.GenerationTargetToDatabase   : HHH000476: Executing script '[injected ScriptSourceInputNonExistentImpl script]'
2023-06-19T23:51:59.504+02:00  INFO 2868 --- [    Test worker] j.LocalContainerEntityManagerFactoryBean : Initialized JPA EntityManagerFactory for persistence unit 'default'
2023-06-19T23:51:59.663+02:00  WARN 2868 --- [    Test worker] JpaBaseConfiguration$JpaWebConfiguration : spring.jpa.open-in-view is enabled by default. Therefore, database queries may be performed during view rendering. Explicitly configure spring.jpa.open-in-view to disable this warning
2023-06-19T23:51:59.950+02:00  INFO 2868 --- [    Test worker] o.s.b.a.e.web.EndpointLinksResolver      : Exposing 1 endpoint(s) beneath base path '/actuator'
2023-06-19T23:51:59.981+02:00  INFO 2868 --- [    Test worker] o.s.b.w.embedded.tomcat.TomcatWebServer  : Tomcat started on port(s): 51175 (http) with context path ''
2023-06-19T23:51:59.990+02:00  INFO 2868 --- [    Test worker] c.s.r.controller.RecipeControllerTest    : Started RecipeControllerTest in 1.666 seconds (process running for 63.387)
2023-06-19T23:52:01.075+02:00  INFO 2868 --- [o-auto-7-exec-1] o.a.c.c.C.[Tomcat].[localhost].[/]       : Initializing Spring DispatcherServlet 'dispatcherServlet'
2023-06-19T23:52:01.075+02:00  INFO 2868 --- [o-auto-7-exec-1] o.s.web.servlet.DispatcherServlet        : Initializing Servlet 'dispatcherServlet'
2023-06-19T23:52:01.077+02:00  INFO 2868 --- [o-auto-7-exec-1] o.s.web.servlet.DispatcherServlet        : Completed initialization in 2 ms
2023-06-19T23:52:02.047+02:00  INFO 2868 --- [    Test worker] o.apache.catalina.core.StandardService   : Stopping service [Tomcat]
2023-06-19T23:52:02.048+02:00  INFO 2868 --- [    Test worker] o.a.c.c.C.[Tomcat].[localhost].[/]       : Destroying Spring FrameworkServlet 'dispatcherServlet'
2023-06-19T23:52:04.141+02:00  INFO 2868 --- [    Test worker] j.LocalContainerEntityManagerFactoryBean : Closing JPA EntityManagerFactory for persistence unit 'default'
2023-06-19T23:52:04.141+02:00  INFO 2868 --- [    Test worker] .SchemaDropperImpl$DelayedDropActionImpl : HHH000477: Starting delayed evictData of schema as part of SessionFactory shut-down'
2023-06-19T23:52:04.238+02:00  INFO 2868 --- [    Test worker] com.zaxxer.hikari.HikariDataSource       : HikariPool-7 - Shutdown initiated...
2023-06-19T23:52:04.241+02:00  INFO 2868 --- [    Test worker] com.zaxxer.hikari.HikariDataSource       : HikariPool-7 - Shutdown completed.

  .   ____          _            __ _ _
 /\\ / ___'_ __ _ _(_)_ __  __ _ \ \ \ \
( ( )\___ | '_ | '_| | '_ \/ _` | \ \ \ \
 \\/  ___)| |_)| | | | | || (_| |  ) ) ) )
  '  |____| .__|_| |_|_| |_\__, | / / / /
 =========|_|==============|___/=/_/_/_/
 :: Spring Boot ::                (v3.1.0)

2023-06-19T23:52:04.265+02:00  INFO 2868 --- [    Test worker] c.s.r.controller.RecipeControllerTest    : Starting RecipeControllerTest using Java 17.0.6 with PID 2868 (started by kubas in C:\SOFTWARE MINDS ZADANKO\recipemanager)
2023-06-19T23:52:04.265+02:00  INFO 2868 --- [    Test worker] c.s.r.controller.RecipeControllerTest    : No active profile set, falling back to 1 default profile: "default"
2023-06-19T23:52:04.524+02:00  INFO 2868 --- [    Test worker] .s.d.r.c.RepositoryConfigurationDelegate : Bootstrapping Spring Data JPA repositories in DEFAULT mode.
2023-06-19T23:52:04.541+02:00  INFO 2868 --- [    Test worker] .s.d.r.c.RepositoryConfigurationDelegate : Finished Spring Data repository scanning in 16 ms. Found 4 JPA repository interfaces.
2023-06-19T23:52:04.612+02:00  INFO 2868 --- [    Test worker] o.s.b.w.embedded.tomcat.TomcatWebServer  : Tomcat initialized with port(s): 0 (http)
2023-06-19T23:52:04.613+02:00  INFO 2868 --- [    Test worker] o.apache.catalina.core.StandardService   : Starting service [Tomcat]
2023-06-19T23:52:04.614+02:00  INFO 2868 --- [    Test worker] o.apache.catalina.core.StandardEngine    : Starting Servlet engine: [Apache Tomcat/10.1.8]
2023-06-19T23:52:04.658+02:00  INFO 2868 --- [    Test worker] o.a.c.c.C.[Tomcat].[localhost].[/]       : Initializing Spring embedded WebApplicationContext
2023-06-19T23:52:04.658+02:00  INFO 2868 --- [    Test worker] w.s.c.ServletWebServerApplicationContext : Root WebApplicationContext: initialization completed in 392 ms
2023-06-19T23:52:04.730+02:00  INFO 2868 --- [    Test worker] o.hibernate.jpa.internal.util.LogHelper  : HHH000204: Processing PersistenceUnitInfo [name: default]
2023-06-19T23:52:04.741+02:00  INFO 2868 --- [    Test worker] o.h.b.i.BytecodeProviderInitiator        : HHH000021: Bytecode provider name : bytebuddy
2023-06-19T23:52:04.742+02:00  INFO 2868 --- [    Test worker] o.s.o.j.p.SpringPersistenceUnitInfo      : No LoadTimeWeaver setup: ignoring JPA class transformer
2023-06-19T23:52:04.743+02:00  INFO 2868 --- [    Test worker] com.zaxxer.hikari.HikariDataSource       : HikariPool-8 - Starting...
2023-06-19T23:52:04.772+02:00  INFO 2868 --- [    Test worker] com.zaxxer.hikari.pool.HikariPool        : HikariPool-8 - Added connection org.postgresql.jdbc.PgConnection@925fa0a
2023-06-19T23:52:04.772+02:00  INFO 2868 --- [    Test worker] com.zaxxer.hikari.HikariDataSource       : HikariPool-8 - Start completed.
2023-06-19T23:52:04.789+02:00  INFO 2868 --- [    Test worker] org.hibernate.orm.dialect                : HHH035001: Using dialect: org.hibernate.dialect.PostgreSQLDialect, version: org.hibernate.engine.jdbc.env.internal.JdbcEnvironmentInitiator$DialectResolutionInfoImpl@786d9f87
2023-06-19T23:52:04.811+02:00  INFO 2868 --- [    Test worker] o.h.b.i.BytecodeProviderInitiator        : HHH000021: Bytecode provider name : bytebuddy
2023-06-19T23:52:04.851+02:00  INFO 2868 --- [    Test worker] o.h.e.t.j.p.i.JtaPlatformInitiator       : HHH000490: Using JtaPlatform implementation: [org.hibernate.engine.transaction.jta.platform.internal.NoJtaPlatform]
2023-06-19T23:52:04.854+02:00  WARN 2868 --- [    Test worker] o.h.engine.jdbc.spi.SqlExceptionHelper   : SQL Warning Code: 0, SQLState: 00000
2023-06-19T23:52:04.854+02:00  WARN 2868 --- [    Test worker] o.h.engine.jdbc.spi.SqlExceptionHelper   : relation "amount" does not exist, skipping
2023-06-19T23:52:04.856+02:00  WARN 2868 --- [    Test worker] o.h.engine.jdbc.spi.SqlExceptionHelper   : SQL Warning Code: 0, SQLState: 00000
2023-06-19T23:52:04.856+02:00  WARN 2868 --- [    Test worker] o.h.engine.jdbc.spi.SqlExceptionHelper   : relation "amount" does not exist, skipping
2023-06-19T23:52:04.858+02:00  WARN 2868 --- [    Test worker] o.h.engine.jdbc.spi.SqlExceptionHelper   : SQL Warning Code: 0, SQLState: 00000
2023-06-19T23:52:04.858+02:00  WARN 2868 --- [    Test worker] o.h.engine.jdbc.spi.SqlExceptionHelper   : relation "ingredient" does not exist, skipping
2023-06-19T23:52:04.860+02:00  WARN 2868 --- [    Test worker] o.h.engine.jdbc.spi.SqlExceptionHelper   : SQL Warning Code: 0, SQLState: 00000
2023-06-19T23:52:04.861+02:00  WARN 2868 --- [    Test worker] o.h.engine.jdbc.spi.SqlExceptionHelper   : relation "step" does not exist, skipping
2023-06-19T23:52:04.863+02:00  WARN 2868 --- [    Test worker] o.h.engine.jdbc.spi.SqlExceptionHelper   : SQL Warning Code: 0, SQLState: 00000
2023-06-19T23:52:04.863+02:00  WARN 2868 --- [    Test worker] o.h.engine.jdbc.spi.SqlExceptionHelper   : table "amount" does not exist, skipping
2023-06-19T23:52:04.864+02:00  WARN 2868 --- [    Test worker] o.h.engine.jdbc.spi.SqlExceptionHelper   : SQL Warning Code: 0, SQLState: 00000
2023-06-19T23:52:04.864+02:00  WARN 2868 --- [    Test worker] o.h.engine.jdbc.spi.SqlExceptionHelper   : table "ingredient" does not exist, skipping
2023-06-19T23:52:04.866+02:00  WARN 2868 --- [    Test worker] o.h.engine.jdbc.spi.SqlExceptionHelper   : SQL Warning Code: 0, SQLState: 00000
2023-06-19T23:52:04.866+02:00  WARN 2868 --- [    Test worker] o.h.engine.jdbc.spi.SqlExceptionHelper   : table "recipe" does not exist, skipping
2023-06-19T23:52:04.867+02:00  WARN 2868 --- [    Test worker] o.h.engine.jdbc.spi.SqlExceptionHelper   : SQL Warning Code: 0, SQLState: 00000
2023-06-19T23:52:04.868+02:00  WARN 2868 --- [    Test worker] o.h.engine.jdbc.spi.SqlExceptionHelper   : table "step" does not exist, skipping
2023-06-19T23:52:04.896+02:00  INFO 2868 --- [    Test worker] o.h.t.s.i.e.GenerationTargetToDatabase   : HHH000476: Executing script '[injected ScriptSourceInputNonExistentImpl script]'
2023-06-19T23:52:04.897+02:00  INFO 2868 --- [    Test worker] j.LocalContainerEntityManagerFactoryBean : Initialized JPA EntityManagerFactory for persistence unit 'default'
2023-06-19T23:52:04.986+02:00  WARN 2868 --- [    Test worker] JpaBaseConfiguration$JpaWebConfiguration : spring.jpa.open-in-view is enabled by default. Therefore, database queries may be performed during view rendering. Explicitly configure spring.jpa.open-in-view to disable this warning
2023-06-19T23:52:05.168+02:00  INFO 2868 --- [    Test worker] o.s.b.a.e.web.EndpointLinksResolver      : Exposing 1 endpoint(s) beneath base path '/actuator'
2023-06-19T23:52:05.199+02:00  INFO 2868 --- [    Test worker] o.s.b.w.embedded.tomcat.TomcatWebServer  : Tomcat started on port(s): 51207 (http) with context path ''
2023-06-19T23:52:05.210+02:00  INFO 2868 --- [    Test worker] c.s.r.controller.RecipeControllerTest    : Started RecipeControllerTest in 0.966 seconds (process running for 68.606)
2023-06-19T23:52:05.388+02:00  INFO 2868 --- [o-auto-8-exec-1] o.a.c.c.C.[Tomcat].[localhost].[/]       : Initializing Spring DispatcherServlet 'dispatcherServlet'
2023-06-19T23:52:05.388+02:00  INFO 2868 --- [o-auto-8-exec-1] o.s.web.servlet.DispatcherServlet        : Initializing Servlet 'dispatcherServlet'
2023-06-19T23:52:05.388+02:00  INFO 2868 --- [o-auto-8-exec-1] o.s.web.servlet.DispatcherServlet        : Completed initialization in 0 ms
2023-06-19T23:52:05.462+02:00  INFO 2868 --- [    Test worker] o.apache.catalina.core.StandardService   : Stopping service [Tomcat]
2023-06-19T23:52:05.463+02:00  INFO 2868 --- [    Test worker] o.a.c.c.C.[Tomcat].[localhost].[/]       : Destroying Spring FrameworkServlet 'dispatcherServlet'
2023-06-19T23:52:07.555+02:00  INFO 2868 --- [    Test worker] j.LocalContainerEntityManagerFactoryBean : Closing JPA EntityManagerFactory for persistence unit 'default'
2023-06-19T23:52:07.555+02:00  INFO 2868 --- [    Test worker] .SchemaDropperImpl$DelayedDropActionImpl : HHH000477: Starting delayed evictData of schema as part of SessionFactory shut-down'
2023-06-19T23:52:07.586+02:00  INFO 2868 --- [    Test worker] com.zaxxer.hikari.HikariDataSource       : HikariPool-8 - Shutdown initiated...
2023-06-19T23:52:07.595+02:00  INFO 2868 --- [    Test worker] com.zaxxer.hikari.HikariDataSource       : HikariPool-8 - Shutdown completed.

  .   ____          _            __ _ _
 /\\ / ___'_ __ _ _(_)_ __  __ _ \ \ \ \
( ( )\___ | '_ | '_| | '_ \/ _` | \ \ \ \
 \\/  ___)| |_)| | | | | || (_| |  ) ) ) )
  '  |____| .__|_| |_|_| |_\__, | / / / /
 =========|_|==============|___/=/_/_/_/
 :: Spring Boot ::                (v3.1.0)

2023-06-19T23:52:07.626+02:00  INFO 2868 --- [    Test worker] c.s.r.controller.RecipeControllerTest    : Starting RecipeControllerTest using Java 17.0.6 with PID 2868 (started by kubas in C:\SOFTWARE MINDS ZADANKO\recipemanager)
2023-06-19T23:52:07.626+02:00  INFO 2868 --- [    Test worker] c.s.r.controller.RecipeControllerTest    : No active profile set, falling back to 1 default profile: "default"
2023-06-19T23:52:07.927+02:00  INFO 2868 --- [    Test worker] .s.d.r.c.RepositoryConfigurationDelegate : Bootstrapping Spring Data JPA repositories in DEFAULT mode.
2023-06-19T23:52:07.943+02:00  INFO 2868 --- [    Test worker] .s.d.r.c.RepositoryConfigurationDelegate : Finished Spring Data repository scanning in 15 ms. Found 4 JPA repository interfaces.
2023-06-19T23:52:08.031+02:00  INFO 2868 --- [    Test worker] o.s.b.w.embedded.tomcat.TomcatWebServer  : Tomcat initialized with port(s): 0 (http)
2023-06-19T23:52:08.032+02:00  INFO 2868 --- [    Test worker] o.apache.catalina.core.StandardService   : Starting service [Tomcat]
2023-06-19T23:52:08.033+02:00  INFO 2868 --- [    Test worker] o.apache.catalina.core.StandardEngine    : Starting Servlet engine: [Apache Tomcat/10.1.8]
2023-06-19T23:52:08.090+02:00  INFO 2868 --- [    Test worker] o.a.c.c.C.[Tomcat].[localhost].[/]       : Initializing Spring embedded WebApplicationContext
2023-06-19T23:52:08.090+02:00  INFO 2868 --- [    Test worker] w.s.c.ServletWebServerApplicationContext : Root WebApplicationContext: initialization completed in 462 ms
2023-06-19T23:52:08.171+02:00  INFO 2868 --- [    Test worker] o.hibernate.jpa.internal.util.LogHelper  : HHH000204: Processing PersistenceUnitInfo [name: default]
2023-06-19T23:52:08.181+02:00  INFO 2868 --- [    Test worker] o.h.b.i.BytecodeProviderInitiator        : HHH000021: Bytecode provider name : bytebuddy
2023-06-19T23:52:08.182+02:00  INFO 2868 --- [    Test worker] o.s.o.j.p.SpringPersistenceUnitInfo      : No LoadTimeWeaver setup: ignoring JPA class transformer
2023-06-19T23:52:08.183+02:00  INFO 2868 --- [    Test worker] com.zaxxer.hikari.HikariDataSource       : HikariPool-9 - Starting...
2023-06-19T23:52:08.210+02:00  INFO 2868 --- [    Test worker] com.zaxxer.hikari.pool.HikariPool        : HikariPool-9 - Added connection org.postgresql.jdbc.PgConnection@7d1e54a6
2023-06-19T23:52:08.210+02:00  INFO 2868 --- [    Test worker] com.zaxxer.hikari.HikariDataSource       : HikariPool-9 - Start completed.
2023-06-19T23:52:08.215+02:00  INFO 2868 --- [    Test worker] org.hibernate.orm.dialect                : HHH035001: Using dialect: org.hibernate.dialect.PostgreSQLDialect, version: org.hibernate.engine.jdbc.env.internal.JdbcEnvironmentInitiator$DialectResolutionInfoImpl@5d2ab65
2023-06-19T23:52:08.238+02:00  INFO 2868 --- [    Test worker] o.h.b.i.BytecodeProviderInitiator        : HHH000021: Bytecode provider name : bytebuddy
2023-06-19T23:52:08.288+02:00  INFO 2868 --- [    Test worker] o.h.e.t.j.p.i.JtaPlatformInitiator       : HHH000490: Using JtaPlatform implementation: [org.hibernate.engine.transaction.jta.platform.internal.NoJtaPlatform]
2023-06-19T23:52:08.303+02:00  WARN 2868 --- [    Test worker] o.h.engine.jdbc.spi.SqlExceptionHelper   : SQL Warning Code: 0, SQLState: 00000
2023-06-19T23:52:08.303+02:00  WARN 2868 --- [    Test worker] o.h.engine.jdbc.spi.SqlExceptionHelper   : relation "amount" does not exist, skipping
2023-06-19T23:52:08.305+02:00  WARN 2868 --- [    Test worker] o.h.engine.jdbc.spi.SqlExceptionHelper   : SQL Warning Code: 0, SQLState: 00000
2023-06-19T23:52:08.305+02:00  WARN 2868 --- [    Test worker] o.h.engine.jdbc.spi.SqlExceptionHelper   : relation "amount" does not exist, skipping
2023-06-19T23:52:08.308+02:00  WARN 2868 --- [    Test worker] o.h.engine.jdbc.spi.SqlExceptionHelper   : SQL Warning Code: 0, SQLState: 00000
2023-06-19T23:52:08.308+02:00  WARN 2868 --- [    Test worker] o.h.engine.jdbc.spi.SqlExceptionHelper   : relation "ingredient" does not exist, skipping
2023-06-19T23:52:08.309+02:00  WARN 2868 --- [    Test worker] o.h.engine.jdbc.spi.SqlExceptionHelper   : SQL Warning Code: 0, SQLState: 00000
2023-06-19T23:52:08.309+02:00  WARN 2868 --- [    Test worker] o.h.engine.jdbc.spi.SqlExceptionHelper   : relation "step" does not exist, skipping
2023-06-19T23:52:08.311+02:00  WARN 2868 --- [    Test worker] o.h.engine.jdbc.spi.SqlExceptionHelper   : SQL Warning Code: 0, SQLState: 00000
2023-06-19T23:52:08.311+02:00  WARN 2868 --- [    Test worker] o.h.engine.jdbc.spi.SqlExceptionHelper   : table "amount" does not exist, skipping
2023-06-19T23:52:08.313+02:00  WARN 2868 --- [    Test worker] o.h.engine.jdbc.spi.SqlExceptionHelper   : SQL Warning Code: 0, SQLState: 00000
2023-06-19T23:52:08.313+02:00  WARN 2868 --- [    Test worker] o.h.engine.jdbc.spi.SqlExceptionHelper   : table "ingredient" does not exist, skipping
2023-06-19T23:52:08.315+02:00  WARN 2868 --- [    Test worker] o.h.engine.jdbc.spi.SqlExceptionHelper   : SQL Warning Code: 0, SQLState: 00000
2023-06-19T23:52:08.315+02:00  WARN 2868 --- [    Test worker] o.h.engine.jdbc.spi.SqlExceptionHelper   : table "recipe" does not exist, skipping
2023-06-19T23:52:08.316+02:00  WARN 2868 --- [    Test worker] o.h.engine.jdbc.spi.SqlExceptionHelper   : SQL Warning Code: 0, SQLState: 00000
2023-06-19T23:52:08.317+02:00  WARN 2868 --- [    Test worker] o.h.engine.jdbc.spi.SqlExceptionHelper   : table "step" does not exist, skipping
2023-06-19T23:52:08.355+02:00  INFO 2868 --- [    Test worker] o.h.t.s.i.e.GenerationTargetToDatabase   : HHH000476: Executing script '[injected ScriptSourceInputNonExistentImpl script]'
2023-06-19T23:52:08.355+02:00  INFO 2868 --- [    Test worker] j.LocalContainerEntityManagerFactoryBean : Initialized JPA EntityManagerFactory for persistence unit 'default'
2023-06-19T23:52:08.438+02:00  WARN 2868 --- [    Test worker] JpaBaseConfiguration$JpaWebConfiguration : spring.jpa.open-in-view is enabled by default. Therefore, database queries may be performed during view rendering. Explicitly configure spring.jpa.open-in-view to disable this warning
2023-06-19T23:52:08.613+02:00  INFO 2868 --- [    Test worker] o.s.b.a.e.web.EndpointLinksResolver      : Exposing 1 endpoint(s) beneath base path '/actuator'
2023-06-19T23:52:08.639+02:00  INFO 2868 --- [    Test worker] o.s.b.w.embedded.tomcat.TomcatWebServer  : Tomcat started on port(s): 51223 (http) with context path ''
2023-06-19T23:52:08.649+02:00  INFO 2868 --- [    Test worker] c.s.r.controller.RecipeControllerTest    : Started RecipeControllerTest in 1.051 seconds (process running for 72.045)
2023-06-19T23:52:08.903+02:00  INFO 2868 --- [o-auto-9-exec-1] o.a.c.c.C.[Tomcat].[localhost].[/]       : Initializing Spring DispatcherServlet 'dispatcherServlet'
[...]
2023-06-19T23:52:30.594+02:00  WARN 2868 --- [    Test worker] o.h.engine.jdbc.spi.SqlExceptionHelper   : table "ingredient" does not exist, skipping
2023-06-19T23:52:30.595+02:00  WARN 2868 --- [    Test worker] o.h.engine.jdbc.spi.SqlExceptionHelper   : SQL Warning Code: 0, SQLState: 00000
2023-06-19T23:52:30.595+02:00  WARN 2868 --- [    Test worker] o.h.engine.jdbc.spi.SqlExceptionHelper   : table "recipe" does not exist, skipping
2023-06-19T23:52:30.597+02:00  WARN 2868 --- [    Test worker] o.h.engine.jdbc.spi.SqlExceptionHelper   : SQL Warning Code: 0, SQLState: 00000
2023-06-19T23:52:30.597+02:00  WARN 2868 --- [    Test worker] o.h.engine.jdbc.spi.SqlExceptionHelper   : table "step" does not exist, skipping
2023-06-19T23:52:30.616+02:00  INFO 2868 --- [    Test worker] o.h.t.s.i.e.GenerationTargetToDatabase   : HHH000476: Executing script '[injected ScriptSourceInputNonExistentImpl script]'
2023-06-19T23:52:30.617+02:00  INFO 2868 --- [    Test worker] j.LocalContainerEntityManagerFactoryBean : Initialized JPA EntityManagerFactory for persistence unit 'default'
2023-06-19T23:52:30.687+02:00  WARN 2868 --- [    Test worker] JpaBaseConfiguration$JpaWebConfiguration : spring.jpa.open-in-view is enabled by default. Therefore, database queries may be performed during view rendering. Explicitly configure spring.jpa.open-in-view to disable this warning
2023-06-19T23:52:30.818+02:00  INFO 2868 --- [    Test worker] o.s.b.a.e.web.EndpointLinksResolver      : Exposing 1 endpoint(s) beneath base path '/actuator'
2023-06-19T23:52:30.841+02:00  INFO 2868 --- [    Test worker] o.s.b.w.embedded.tomcat.TomcatWebServer  : Tomcat started on port(s): 51324 (http) with context path ''
2023-06-19T23:52:30.846+02:00  INFO 2868 --- [    Test worker] c.s.r.controller.RecipeControllerTest    : Started RecipeControllerTest in 0.725 seconds (process running for 94.242)
2023-06-19T23:52:31.014+02:00  INFO 2868 --- [-auto-16-exec-1] o.a.c.c.C.[Tomcat].[localhost].[/]       : Initializing Spring DispatcherServlet 'dispatcherServlet'
2023-06-19T23:52:31.014+02:00  INFO 2868 --- [-auto-16-exec-1] o.s.web.servlet.DispatcherServlet        : Initializing Servlet 'dispatcherServlet'
2023-06-19T23:52:31.015+02:00  INFO 2868 --- [-auto-16-exec-1] o.s.web.servlet.DispatcherServlet        : Completed initialization in 1 ms
2023-06-19T23:52:31.050+02:00  INFO 2868 --- [    Test worker] o.apache.catalina.core.StandardService   : Stopping service [Tomcat]
2023-06-19T23:52:31.051+02:00  INFO 2868 --- [    Test worker] o.a.c.c.C.[Tomcat].[localhost].[/]       : Destroying Spring FrameworkServlet 'dispatcherServlet'
2023-06-19T23:52:33.136+02:00  INFO 2868 --- [    Test worker] j.LocalContainerEntityManagerFactoryBean : Closing JPA EntityManagerFactory for persistence unit 'default'
2023-06-19T23:52:33.137+02:00  INFO 2868 --- [    Test worker] .SchemaDropperImpl$DelayedDropActionImpl : HHH000477: Starting delayed evictData of schema as part of SessionFactory shut-down'
2023-06-19T23:52:33.153+02:00  INFO 2868 --- [    Test worker] com.zaxxer.hikari.HikariDataSource       : HikariPool-16 - Shutdown initiated...
2023-06-19T23:52:33.159+02:00  INFO 2868 --- [    Test worker] com.zaxxer.hikari.HikariDataSource       : HikariPool-16 - Shutdown completed.

  .   ____          _            __ _ _
 /\\ / ___'_ __ _ _(_)_ __  __ _ \ \ \ \
( ( )\___ | '_ | '_| | '_ \/ _` | \ \ \ \
 \\/  ___)| |_)| | | | | || (_| |  ) ) ) )
  '  |____| .__|_| |_|_| |_\__, | / / / /
 =========|_|==============|___/=/_/_/_/
 :: Spring Boot ::                (v3.1.0)

2023-06-19T23:52:33.182+02:00  INFO 2868 --- [    Test worker] c.s.r.controller.RecipeControllerTest    : Starting RecipeControllerTest using Java 17.0.6 with PID 2868 (started by kubas in C:\SOFTWARE MINDS ZADANKO\recipemanager)
2023-06-19T23:52:33.182+02:00  INFO 2868 --- [    Test worker] c.s.r.controller.RecipeControllerTest    : No active profile set, falling back to 1 default profile: "default"
2023-06-19T23:52:33.355+02:00  INFO 2868 --- [    Test worker] .s.d.r.c.RepositoryConfigurationDelegate : Bootstrapping Spring Data JPA repositories in DEFAULT mode.
2023-06-19T23:52:33.365+02:00  INFO 2868 --- [    Test worker] .s.d.r.c.RepositoryConfigurationDelegate : Finished Spring Data repository scanning in 9 ms. Found 4 JPA repository interfaces.
2023-06-19T23:52:33.402+02:00  INFO 2868 --- [    Test worker] o.s.b.w.embedded.tomcat.TomcatWebServer  : Tomcat initialized with port(s): 0 (http)
2023-06-19T23:52:33.403+02:00  INFO 2868 --- [    Test worker] o.apache.catalina.core.StandardService   : Starting service [Tomcat]
2023-06-19T23:52:33.403+02:00  INFO 2868 --- [    Test worker] o.apache.catalina.core.StandardEngine    : Starting Servlet engine: [Apache Tomcat/10.1.8]
2023-06-19T23:52:33.438+02:00  INFO 2868 --- [    Test worker] o.a.c.c.C.[Tomcat].[localhost].[/]       : Initializing Spring embedded WebApplicationContext
2023-06-19T23:52:33.438+02:00  INFO 2868 --- [    Test worker] w.s.c.ServletWebServerApplicationContext : Root WebApplicationContext: initialization completed in 255 ms
2023-06-19T23:52:33.474+02:00  INFO 2868 --- [    Test worker] o.hibernate.jpa.internal.util.LogHelper  : HHH000204: Processing PersistenceUnitInfo [name: default]
2023-06-19T23:52:33.484+02:00  INFO 2868 --- [    Test worker] o.h.b.i.BytecodeProviderInitiator        : HHH000021: Bytecode provider name : bytebuddy
2023-06-19T23:52:33.484+02:00  INFO 2868 --- [    Test worker] o.s.o.j.p.SpringPersistenceUnitInfo      : No LoadTimeWeaver setup: ignoring JPA class transformer
2023-06-19T23:52:33.485+02:00  INFO 2868 --- [    Test worker] com.zaxxer.hikari.HikariDataSource       : HikariPool-17 - Starting...
2023-06-19T23:52:33.500+02:00  INFO 2868 --- [    Test worker] com.zaxxer.hikari.pool.HikariPool        : HikariPool-17 - Added connection org.postgresql.jdbc.PgConnection@15995d47
2023-06-19T23:52:33.501+02:00  INFO 2868 --- [    Test worker] com.zaxxer.hikari.HikariDataSource       : HikariPool-17 - Start completed.
2023-06-19T23:52:33.504+02:00  INFO 2868 --- [    Test worker] org.hibernate.orm.dialect                : HHH035001: Using dialect: org.hibernate.dialect.PostgreSQLDialect, version: org.hibernate.engine.jdbc.env.internal.JdbcEnvironmentInitiator$DialectResolutionInfoImpl@652c081b
2023-06-19T23:52:33.517+02:00  INFO 2868 --- [    Test worker] o.h.b.i.BytecodeProviderInitiator        : HHH000021: Bytecode provider name : bytebuddy
2023-06-19T23:52:33.545+02:00  INFO 2868 --- [    Test worker] o.h.e.t.j.p.i.JtaPlatformInitiator       : HHH000490: Using JtaPlatform implementation: [org.hibernate.engine.transaction.jta.platform.internal.NoJtaPlatform]
2023-06-19T23:52:33.548+02:00  WARN 2868 --- [    Test worker] o.h.engine.jdbc.spi.SqlExceptionHelper   : SQL Warning Code: 0, SQLState: 00000
2023-06-19T23:52:33.548+02:00  WARN 2868 --- [    Test worker] o.h.engine.jdbc.spi.SqlExceptionHelper   : relation "amount" does not exist, skipping
2023-06-19T23:52:33.550+02:00  WARN 2868 --- [    Test worker] o.h.engine.jdbc.spi.SqlExceptionHelper   : SQL Warning Code: 0, SQLState: 00000
2023-06-19T23:52:33.550+02:00  WARN 2868 --- [    Test worker] o.h.engine.jdbc.spi.SqlExceptionHelper   : relation "amount" does not exist, skipping
2023-06-19T23:52:33.551+02:00  WARN 2868 --- [    Test worker] o.h.engine.jdbc.spi.SqlExceptionHelper   : SQL Warning Code: 0, SQLState: 00000
2023-06-19T23:52:33.551+02:00  WARN 2868 --- [    Test worker] o.h.engine.jdbc.spi.SqlExceptionHelper   : relation "ingredient" does not exist, skipping
2023-06-19T23:52:33.552+02:00  WARN 2868 --- [    Test worker] o.h.engine.jdbc.spi.SqlExceptionHelper   : SQL Warning Code: 0, SQLState: 00000
2023-06-19T23:52:33.553+02:00  WARN 2868 --- [    Test worker] o.h.engine.jdbc.spi.SqlExceptionHelper   : relation "step" does not exist, skipping
2023-06-19T23:52:33.554+02:00  WARN 2868 --- [    Test worker] o.h.engine.jdbc.spi.SqlExceptionHelper   : SQL Warning Code: 0, SQLState: 00000
2023-06-19T23:52:33.554+02:00  WARN 2868 --- [    Test worker] o.h.engine.jdbc.spi.SqlExceptionHelper   : table "amount" does not exist, skipping
2023-06-19T23:52:33.555+02:00  WARN 2868 --- [    Test worker] o.h.engine.jdbc.spi.SqlExceptionHelper   : SQL Warning Code: 0, SQLState: 00000
2023-06-19T23:52:33.555+02:00  WARN 2868 --- [    Test worker] o.h.engine.jdbc.spi.SqlExceptionHelper   : table "ingredient" does not exist, skipping
2023-06-19T23:52:33.557+02:00  WARN 2868 --- [    Test worker] o.h.engine.jdbc.spi.SqlExceptionHelper   : SQL Warning Code: 0, SQLState: 00000
2023-06-19T23:52:33.557+02:00  WARN 2868 --- [    Test worker] o.h.engine.jdbc.spi.SqlExceptionHelper   : table "recipe" does not exist, skipping
2023-06-19T23:52:33.559+02:00  WARN 2868 --- [    Test worker] o.h.engine.jdbc.spi.SqlExceptionHelper   : SQL Warning Code: 0, SQLState: 00000
2023-06-19T23:52:33.559+02:00  WARN 2868 --- [    Test worker] o.h.engine.jdbc.spi.SqlExceptionHelper   : table "step" does not exist, skipping
2023-06-19T23:52:33.587+02:00  INFO 2868 --- [    Test worker] o.h.t.s.i.e.GenerationTargetToDatabase   : HHH000476: Executing script '[injected ScriptSourceInputNonExistentImpl script]'
2023-06-19T23:52:33.588+02:00  INFO 2868 --- [    Test worker] j.LocalContainerEntityManagerFactoryBean : Initialized JPA EntityManagerFactory for persistence unit 'default'
2023-06-19T23:52:33.647+02:00  WARN 2868 --- [    Test worker] JpaBaseConfiguration$JpaWebConfiguration : spring.jpa.open-in-view is enabled by default. Therefore, database queries may be performed during view rendering. Explicitly configure spring.jpa.open-in-view to disable this warning
2023-06-19T23:52:33.759+02:00  INFO 2868 --- [    Test worker] o.s.b.a.e.web.EndpointLinksResolver      : Exposing 1 endpoint(s) beneath base path '/actuator'
2023-06-19T23:52:33.775+02:00  INFO 2868 --- [    Test worker] o.s.b.w.embedded.tomcat.TomcatWebServer  : Tomcat started on port(s): 51338 (http) with context path ''
2023-06-19T23:52:33.783+02:00  INFO 2868 --- [    Test worker] c.s.r.controller.RecipeControllerTest    : Started RecipeControllerTest in 0.62 seconds (process running for 97.179)
2023-06-19T23:52:34.000+02:00  INFO 2868 --- [-auto-17-exec-1] o.a.c.c.C.[Tomcat].[localhost].[/]       : Initializing Spring DispatcherServlet 'dispatcherServlet'
2023-06-19T23:52:34.000+02:00  INFO 2868 --- [-auto-17-exec-1] o.s.web.servlet.DispatcherServlet        : Initializing Servlet 'dispatcherServlet'
2023-06-19T23:52:34.001+02:00  INFO 2868 --- [-auto-17-exec-1] o.s.web.servlet.DispatcherServlet        : Completed initialization in 1 ms
2023-06-19T23:52:34.033+02:00  INFO 2868 --- [    Test worker] o.apache.catalina.core.StandardService   : Stopping service [Tomcat]
2023-06-19T23:52:34.034+02:00  INFO 2868 --- [    Test worker] o.a.c.c.C.[Tomcat].[localhost].[/]       : Destroying Spring FrameworkServlet 'dispatcherServlet'
2023-06-19T23:52:36.103+02:00  INFO 2868 --- [    Test worker] j.LocalContainerEntityManagerFactoryBean : Closing JPA EntityManagerFactory for persistence unit 'default'
2023-06-19T23:52:36.103+02:00  INFO 2868 --- [    Test worker] .SchemaDropperImpl$DelayedDropActionImpl : HHH000477: Starting delayed evictData of schema as part of SessionFactory shut-down'
2023-06-19T23:52:36.114+02:00  INFO 2868 --- [    Test worker] com.zaxxer.hikari.HikariDataSource       : HikariPool-17 - Shutdown initiated...
2023-06-19T23:52:36.117+02:00  INFO 2868 --- [    Test worker] com.zaxxer.hikari.HikariDataSource       : HikariPool-17 - Shutdown completed.

  .   ____          _            __ _ _
 /\\ / ___'_ __ _ _(_)_ __  __ _ \ \ \ \
( ( )\___ | '_ | '_| | '_ \/ _` | \ \ \ \
 \\/  ___)| |_)| | | | | || (_| |  ) ) ) )
  '  |____| .__|_| |_|_| |_\__, | / / / /
 =========|_|==============|___/=/_/_/_/
 :: Spring Boot ::                (v3.1.0)

2023-06-19T23:52:36.135+02:00  INFO 2868 --- [    Test worker] c.s.r.controller.RecipeControllerTest    : Starting RecipeControllerTest using Java 17.0.6 with PID 2868 (started by kubas in C:\SOFTWARE MINDS ZADANKO\recipemanager)
2023-06-19T23:52:36.135+02:00  INFO 2868 --- [    Test worker] c.s.r.controller.RecipeControllerTest    : No active profile set, falling back to 1 default profile: "default"
2023-06-19T23:52:36.328+02:00  INFO 2868 --- [    Test worker] .s.d.r.c.RepositoryConfigurationDelegate : Bootstrapping Spring Data JPA repositories in DEFAULT mode.
2023-06-19T23:52:36.338+02:00  INFO 2868 --- [    Test worker] .s.d.r.c.RepositoryConfigurationDelegate : Finished Spring Data repository scanning in 10 ms. Found 4 JPA repository interfaces.
2023-06-19T23:52:36.382+02:00  INFO 2868 --- [    Test worker] o.s.b.w.embedded.tomcat.TomcatWebServer  : Tomcat initialized with port(s): 0 (http)
2023-06-19T23:52:36.383+02:00  INFO 2868 --- [    Test worker] o.apache.catalina.core.StandardService   : Starting service [Tomcat]
2023-06-19T23:52:36.383+02:00  INFO 2868 --- [    Test worker] o.apache.catalina.core.StandardEngine    : Starting Servlet engine: [Apache Tomcat/10.1.8]
2023-06-19T23:52:36.430+02:00  INFO 2868 --- [    Test worker] o.a.c.c.C.[Tomcat].[localhost].[/]       : Initializing Spring embedded WebApplicationContext
2023-06-19T23:52:36.430+02:00  INFO 2868 --- [    Test worker] w.s.c.ServletWebServerApplicationContext : Root WebApplicationContext: initialization completed in 294 ms
2023-06-19T23:52:36.478+02:00  INFO 2868 --- [    Test worker] o.hibernate.jpa.internal.util.LogHelper  : HHH000204: Processing PersistenceUnitInfo [name: default]
2023-06-19T23:52:36.487+02:00  INFO 2868 --- [    Test worker] o.h.b.i.BytecodeProviderInitiator        : HHH000021: Bytecode provider name : bytebuddy
2023-06-19T23:52:36.488+02:00  INFO 2868 --- [    Test worker] o.s.o.j.p.SpringPersistenceUnitInfo      : No LoadTimeWeaver setup: ignoring JPA class transformer
2023-06-19T23:52:36.488+02:00  INFO 2868 --- [    Test worker] com.zaxxer.hikari.HikariDataSource       : HikariPool-18 - Starting...
2023-06-19T23:52:36.512+02:00  INFO 2868 --- [    Test worker] com.zaxxer.hikari.pool.HikariPool        : HikariPool-18 - Added connection org.postgresql.jdbc.PgConnection@7b8eae53
2023-06-19T23:52:36.512+02:00  INFO 2868 --- [    Test worker] com.zaxxer.hikari.HikariDataSource       : HikariPool-18 - Start completed.
2023-06-19T23:52:36.516+02:00  INFO 2868 --- [    Test worker] org.hibernate.orm.dialect                : HHH035001: Using dialect: org.hibernate.dialect.PostgreSQLDialect, version: org.hibernate.engine.jdbc.env.internal.JdbcEnvironmentInitiator$DialectResolutionInfoImpl@579c4cf
2023-06-19T23:52:36.530+02:00  INFO 2868 --- [    Test worker] o.h.b.i.BytecodeProviderInitiator        : HHH000021: Bytecode provider name : bytebuddy
2023-06-19T23:52:36.559+02:00  INFO 2868 --- [    Test worker] o.h.e.t.j.p.i.JtaPlatformInitiator       : HHH000490: Using JtaPlatform implementation: [org.hibernate.engine.transaction.jta.platform.internal.NoJtaPlatform]
2023-06-19T23:52:36.562+02:00  WARN 2868 --- [    Test worker] o.h.engine.jdbc.spi.SqlExceptionHelper   : SQL Warning Code: 0, SQLState: 00000
2023-06-19T23:52:36.562+02:00  WARN 2868 --- [    Test worker] o.h.engine.jdbc.spi.SqlExceptionHelper   : relation "amount" does not exist, skipping
2023-06-19T23:52:36.564+02:00  WARN 2868 --- [    Test worker] o.h.engine.jdbc.spi.SqlExceptionHelper   : SQL Warning Code: 0, SQLState: 00000
2023-06-19T23:52:36.564+02:00  WARN 2868 --- [    Test worker] o.h.engine.jdbc.spi.SqlExceptionHelper   : relation "amount" does not exist, skipping
2023-06-19T23:52:36.565+02:00  WARN 2868 --- [    Test worker] o.h.engine.jdbc.spi.SqlExceptionHelper   : SQL Warning Code: 0, SQLState: 00000
2023-06-19T23:52:36.565+02:00  WARN 2868 --- [    Test worker] o.h.engine.jdbc.spi.SqlExceptionHelper   : relation "ingredient" does not exist, skipping
2023-06-19T23:52:36.566+02:00  WARN 2868 --- [    Test worker] o.h.engine.jdbc.spi.SqlExceptionHelper   : SQL Warning Code: 0, SQLState: 00000
2023-06-19T23:52:36.566+02:00  WARN 2868 --- [    Test worker] o.h.engine.jdbc.spi.SqlExceptionHelper   : relation "step" does not exist, skipping
2023-06-19T23:52:36.568+02:00  WARN 2868 --- [    Test worker] o.h.engine.jdbc.spi.SqlExceptionHelper   : SQL Warning Code: 0, SQLState: 00000
2023-06-19T23:52:36.568+02:00  WARN 2868 --- [    Test worker] o.h.engine.jdbc.spi.SqlExceptionHelper   : table "amount" does not exist, skipping
2023-06-19T23:52:36.570+02:00  WARN 2868 --- [    Test worker] o.h.engine.jdbc.spi.SqlExceptionHelper   : SQL Warning Code: 0, SQLState: 00000
2023-06-19T23:52:36.570+02:00  WARN 2868 --- [    Test worker] o.h.engine.jdbc.spi.SqlExceptionHelper   : table "ingredient" does not exist, skipping
2023-06-19T23:52:36.571+02:00  WARN 2868 --- [    Test worker] o.h.engine.jdbc.spi.SqlExceptionHelper   : SQL Warning Code: 0, SQLState: 00000
2023-06-19T23:52:36.571+02:00  WARN 2868 --- [    Test worker] o.h.engine.jdbc.spi.SqlExceptionHelper   : table "recipe" does not exist, skipping
2023-06-19T23:52:36.572+02:00  WARN 2868 --- [    Test worker] o.h.engine.jdbc.spi.SqlExceptionHelper   : SQL Warning Code: 0, SQLState: 00000
2023-06-19T23:52:36.573+02:00  WARN 2868 --- [    Test worker] o.h.engine.jdbc.spi.SqlExceptionHelper   : table "step" does not exist, skipping
2023-06-19T23:52:36.604+02:00  INFO 2868 --- [    Test worker] o.h.t.s.i.e.GenerationTargetToDatabase   : HHH000476: Executing script '[injected ScriptSourceInputNonExistentImpl script]'
2023-06-19T23:52:36.604+02:00  INFO 2868 --- [    Test worker] j.LocalContainerEntityManagerFactoryBean : Initialized JPA EntityManagerFactory for persistence unit 'default'
2023-06-19T23:52:36.670+02:00  WARN 2868 --- [    Test worker] JpaBaseConfiguration$JpaWebConfiguration : spring.jpa.open-in-view is enabled by default. Therefore, database queries may be performed during view rendering. Explicitly configure spring.jpa.open-in-view to disable this warning
2023-06-19T23:52:36.796+02:00  INFO 2868 --- [    Test worker] o.s.b.a.e.web.EndpointLinksResolver      : Exposing 1 endpoint(s) beneath base path '/actuator'
2023-06-19T23:52:36.822+02:00  INFO 2868 --- [    Test worker] o.s.b.w.embedded.tomcat.TomcatWebServer  : Tomcat started on port(s): 51357 (http) with context path ''
2023-06-19T23:52:36.827+02:00  INFO 2868 --- [    Test worker] c.s.r.controller.RecipeControllerTest    : Started RecipeControllerTest in 0.707 seconds (process running for 100.224)
2023-06-19T23:52:36.998+02:00  INFO 2868 --- [-auto-18-exec-1] o.a.c.c.C.[Tomcat].[localhost].[/]       : Initializing Spring DispatcherServlet 'dispatcherServlet'
2023-06-19T23:52:36.998+02:00  INFO 2868 --- [-auto-18-exec-1] o.s.web.servlet.DispatcherServlet        : Initializing Servlet 'dispatcherServlet'
2023-06-19T23:52:36.999+02:00  INFO 2868 --- [-auto-18-exec-1] o.s.web.servlet.DispatcherServlet        : Completed initialization in 1 ms
2023-06-19T23:52:37.028+02:00  INFO 2868 --- [    Test worker] o.apache.catalina.core.StandardService   : Stopping service [Tomcat]
2023-06-19T23:52:37.029+02:00  INFO 2868 --- [    Test worker] o.a.c.c.C.[Tomcat].[localhost].[/]       : Destroying Spring FrameworkServlet 'dispatcherServlet'
2023-06-19T23:52:39.109+02:00  INFO 2868 --- [    Test worker] j.LocalContainerEntityManagerFactoryBean : Closing JPA EntityManagerFactory for persistence unit 'default'
2023-06-19T23:52:39.109+02:00  INFO 2868 --- [    Test worker] .SchemaDropperImpl$DelayedDropActionImpl : HHH000477: Starting delayed evictData of schema as part of SessionFactory shut-down'
2023-06-19T23:52:39.141+02:00  INFO 2868 --- [    Test worker] com.zaxxer.hikari.HikariDataSource       : HikariPool-18 - Shutdown initiated...
2023-06-19T23:52:39.145+02:00  INFO 2868 --- [    Test worker] com.zaxxer.hikari.HikariDataSource       : HikariPool-18 - Shutdown completed.
]]></system-out>
  <system-err><![CDATA[]]></system-err>
</testsuite>
